#
# There is insufficient memory for the Java Runtime Environment to continue.
# Native memory allocation (mmap) failed to map 65536 bytes for Failed to commit metaspace.
# Possible reasons:
#   The system is out of physical RAM or swap space
#   The process is running with CompressedOops enabled, and the Java Heap may be blocking the growth of the native heap
# Possible solutions:
#   Reduce memory load on the system
#   Increase physical memory or swap space
#   Check if swap backing store is full
#   Decrease Java heap size (-Xmx/-Xms)
#   Decrease number of Java threads
#   Decrease Java thread stack sizes (-Xss)
#   Set larger code cache with -XX:ReservedCodeCacheSize=
#   JVM is running with Zero Based Compressed Oops mode in which the Java heap is
#     placed in the first 32GB address space. The Java Heap base address is the
#     maximum limit for the native heap growth. Please use -XX:HeapBaseMinAddress
#     to set the Java Heap base and to place the Java Heap above 32GB virtual address.
# This output file may be truncated or incomplete.
#
#  Out of Memory Error (virtualSpaceNode.cpp:110), pid=4696, tid=15036
#
# JRE version: OpenJDK Runtime Environment (17.0.1+12) (build 17.0.1+12-39)
# Java VM: OpenJDK 64-Bit Server VM (17.0.1+12-39, mixed mode, sharing, tiered, compressed oops, compressed class ptrs, g1 gc, windows-amd64)
# No core dump will be written. Minidumps are not enabled by default on client versions of Windows
#

---------------  S U M M A R Y ------------

Command Line: -Xdebug -agentlib:jdwp=transport=dt_socket,server=n,suspend=y,address=127.0.0.1:60960 -javaagent:C:\Users\user\.gradle\caches\modules-2\files-2.1\org.jetbrains.kotlinx\kotlinx-coroutines-core-jvm\1.7.1\63a0779cf668e2a47d13fda7c3b0c4f8dc7762f4\kotlinx-coroutines-core-jvm-1.7.1.jar -Dfile.encoding=windows-1251 -Duser.country=US -Duser.language=en -Duser.variant -ea franca.java.MainFrame

Host: Intel(R) Core(TM) i7-8565U CPU @ 1.80GHz, 8 cores, 15G,  Windows 10 , 64 bit Build 19041 (10.0.19041.1503)
Time: Tue Jun 16 20:26:36 2026 Russia TZ 2 Standard Time elapsed time: 0.308577 seconds (0d 0h 0m 0s)

---------------  T H R E A D  ---------------

Current thread (0x000001fda056c820):  JavaThread "main" [_thread_in_vm, id=15036, stack(0x000000a236000000,0x000000a236100000)]

Stack: [0x000000a236000000,0x000000a236100000]
Native frames: (J=compiled Java code, j=interpreted, Vv=VM code, C=native code)
V  [jvm.dll+0x66fa1a]
V  [jvm.dll+0x7ce5a4]
V  [jvm.dll+0x7cfd4e]
V  [jvm.dll+0x7d03b3]
V  [jvm.dll+0x242b05]
V  [jvm.dll+0x7ca54b]
V  [jvm.dll+0x615b76]
V  [jvm.dll+0x615bda]
V  [jvm.dll+0x6183ea]
V  [jvm.dll+0x616516]
V  [jvm.dll+0x3678a2]
V  [jvm.dll+0x1dfa7b]
V  [jvm.dll+0x5376b9]
V  [jvm.dll+0x1ee9d7]
V  [jvm.dll+0x748afb]
V  [jvm.dll+0x749ea2]
V  [jvm.dll+0x40fa65]
C  [java.dll+0x1a55]

Java frames: (J=compiled Java code, j=interpreted, Vv=VM code)
j  java.lang.ClassLoader.findBootstrapClass(Ljava/lang/String;)Ljava/lang/Class;+0 java.base@17.0.1
j  java.lang.ClassLoader.findBootstrapClassOrNull(Ljava/lang/String;)Ljava/lang/Class;+10 java.base@17.0.1
j  java.lang.System$2.findBootstrapClassOrNull(Ljava/lang/String;)Ljava/lang/Class;+1 java.base@17.0.1
j  jdk.internal.loader.ClassLoaders$BootClassLoader.loadClassOrNull(Ljava/lang/String;Z)Ljava/lang/Class;+4 java.base@17.0.1
j  jdk.internal.loader.BuiltinClassLoader.loadClassOrNull(Ljava/lang/String;)Ljava/lang/Class;+3 java.base@17.0.1
j  jdk.internal.loader.BuiltinClassLoader.loadClassOrNull(Ljava/lang/String;Z)Ljava/lang/Class;+66 java.base@17.0.1
j  jdk.internal.loader.BuiltinClassLoader.loadClass(Ljava/lang/String;Z)Ljava/lang/Class;+3 java.base@17.0.1
j  jdk.internal.loader.ClassLoaders$AppClassLoader.loadClass(Ljava/lang/String;Z)Ljava/lang/Class;+36 java.base@17.0.1
j  java.lang.ClassLoader.loadClass(Ljava/lang/String;)Ljava/lang/Class;+3 java.base@17.0.1
v  ~StubRoutines::call_stub
j  java.lang.ClassLoader.defineClass1(Ljava/lang/ClassLoader;Ljava/lang/String;[BIILjava/security/ProtectionDomain;Ljava/lang/String;)Ljava/lang/Class;+0 java.base@17.0.1
j  java.lang.ClassLoader.defineClass(Ljava/lang/String;[BIILjava/security/ProtectionDomain;)Ljava/lang/Class;+27 java.base@17.0.1
j  java.security.SecureClassLoader.defineClass(Ljava/lang/String;[BIILjava/security/CodeSource;)Ljava/lang/Class;+12 java.base@17.0.1
j  jdk.internal.loader.BuiltinClassLoader.defineClass(Ljava/lang/String;Ljdk/internal/loader/Resource;)Ljava/lang/Class;+117 java.base@17.0.1
j  jdk.internal.loader.BuiltinClassLoader.findClassOnClassPathOrNull(Ljava/lang/String;)Ljava/lang/Class;+37 java.base@17.0.1
j  jdk.internal.loader.BuiltinClassLoader.loadClassOrNull(Ljava/lang/String;Z)Ljava/lang/Class;+111 java.base@17.0.1
j  jdk.internal.loader.BuiltinClassLoader.loadClass(Ljava/lang/String;Z)Ljava/lang/Class;+3 java.base@17.0.1
j  jdk.internal.loader.ClassLoaders$AppClassLoader.loadClass(Ljava/lang/String;Z)Ljava/lang/Class;+36 java.base@17.0.1
j  java.lang.ClassLoader.loadClass(Ljava/lang/String;)Ljava/lang/Class;+3 java.base@17.0.1
v  ~StubRoutines::call_stub
j  java.lang.Class.getDeclaredMethods0(Z)[Ljava/lang/reflect/Method;+0 java.base@17.0.1
j  java.lang.Class.privateGetDeclaredMethods(Z)[Ljava/lang/reflect/Method;+34 java.base@17.0.1
j  java.lang.Class.getMethodsRecursive(Ljava/lang/String;[Ljava/lang/Class;Z)Ljava/lang/PublicMethods$MethodList;+2 java.base@17.0.1
j  java.lang.Class.getMethod0(Ljava/lang/String;[Ljava/lang/Class;)Ljava/lang/reflect/Method;+14 java.base@17.0.1
j  java.lang.Class.getMethod(Ljava/lang/String;[Ljava/lang/Class;)Ljava/lang/reflect/Method;+26 java.base@17.0.1
j  sun.launcher.LauncherHelper.validateMainClass(Ljava/lang/Class;)V+16 java.base@17.0.1
j  sun.launcher.LauncherHelper.checkAndLoadMain(ZILjava/lang/String;)Ljava/lang/Class;+80 java.base@17.0.1
v  ~StubRoutines::call_stub

---------------  P R O C E S S  ---------------

Threads class SMR info:
_java_thread_list=0x000001fdc3f7bad0, length=17, elements={
0x000001fda056c820, 0x000001fdc3126050, 0x000001fdc3126ec0, 0x000001fdc313e1c0,
0x000001fdc3140c80, 0x000001fdc3142640, 0x000001fdc3145000, 0x000001fdc3145ce0,
0x000001fdc3149bd0, 0x000001fdc314a5c0, 0x000001fdc310f1f0, 0x000001fdc3d1cbb0,
0x000001fdc3e04400, 0x000001fdc3e25d70, 0x000001fdc3e26260, 0x000001fdc40b7fe0,
0x000001fdc40f88e0
}

Java Threads: ( => current thread )
=>0x000001fda056c820 JavaThread "main" [_thread_in_vm, id=15036, stack(0x000000a236000000,0x000000a236100000)]
  0x000001fdc3126050 JavaThread "Reference Handler" daemon [_thread_blocked, id=17120, stack(0x000000a236700000,0x000000a236800000)]
  0x000001fdc3126ec0 JavaThread "Finalizer" daemon [_thread_blocked, id=5984, stack(0x000000a236800000,0x000000a236900000)]
  0x000001fdc313e1c0 JavaThread "Signal Dispatcher" daemon [_thread_blocked, id=15580, stack(0x000000a236900000,0x000000a236a00000)]
  0x000001fdc3140c80 JavaThread "Attach Listener" daemon [_thread_blocked, id=19760, stack(0x000000a236a00000,0x000000a236b00000)]
  0x000001fdc3142640 JavaThread "Service Thread" daemon [_thread_blocked, id=14284, stack(0x000000a236b00000,0x000000a236c00000)]
  0x000001fdc3145000 JavaThread "Monitor Deflation Thread" daemon [_thread_blocked, id=19484, stack(0x000000a236c00000,0x000000a236d00000)]
  0x000001fdc3145ce0 JavaThread "C2 CompilerThread0" daemon [_thread_blocked, id=16760, stack(0x000000a236d00000,0x000000a236e00000)]
  0x000001fdc3149bd0 JavaThread "C1 CompilerThread0" daemon [_thread_blocked, id=7928, stack(0x000000a236e00000,0x000000a236f00000)]
  0x000001fdc314a5c0 JavaThread "Sweeper thread" daemon [_thread_blocked, id=17076, stack(0x000000a236f00000,0x000000a237000000)]
  0x000001fdc310f1f0 JavaThread "Common-Cleaner" daemon [_thread_blocked, id=14044, stack(0x000000a237000000,0x000000a237100000)]
  0x000001fdc3d1cbb0 JavaThread "C2 CompilerThread1" daemon [_thread_blocked, id=12196, stack(0x000000a237100000,0x000000a237200000)]
  0x000001fdc3e04400 JavaThread "JDWP Transport Listener: dt_socket" daemon [_thread_blocked, id=1332, stack(0x000000a237200000,0x000000a237300000)]
  0x000001fdc3e25d70 JavaThread "JDWP Event Helper Thread" daemon [_thread_blocked, id=9120, stack(0x000000a237300000,0x000000a237400000)]
  0x000001fdc3e26260 JavaThread "JDWP Command Reader" daemon [_thread_in_native, id=14100, stack(0x000000a237400000,0x000000a237500000)]
  0x000001fdc40b7fe0 JavaThread "Coroutines Debugger Cleaner" daemon [_thread_blocked, id=18960, stack(0x000000a237500000,0x000000a237600000)]
  0x000001fdc40f88e0 JavaThread "Notification Thread" daemon [_thread_blocked, id=7328, stack(0x000000a237600000,0x000000a237700000)]

Other Threads:
  0x000001fdc3121440 VMThread "VM Thread" [stack: 0x000000a236600000,0x000000a236700000] [id=5728]
  0x000001fda05e19f0 WatcherThread [stack: 0x000000a237700000,0x000000a237800000] [id=11976]
  0x000001fda05b9d00 GCTaskThread "GC Thread#0" [stack: 0x000000a236100000,0x000000a236200000] [id=20140]
  0x000001fda05ca900 ConcurrentGCThread "G1 Main Marker" [stack: 0x000000a236200000,0x000000a236300000] [id=9688]
  0x000001fda05cdad0 ConcurrentGCThread "G1 Conc#0" [stack: 0x000000a236300000,0x000000a236400000] [id=20116]
  0x000001fda063e3c0 ConcurrentGCThread "G1 Refine#0" [stack: 0x000000a236400000,0x000000a236500000] [id=10632]
  0x000001fdc2fd80f0 ConcurrentGCThread "G1 Service" [stack: 0x000000a236500000,0x000000a236600000] [id=9764]

Threads with active compile tasks:

VM state: not at safepoint (normal execution)

VM Mutex/Monitor currently owned by a thread:  ([mutex/lock_event])
[0x000001fda05675f0] Metaspace_lock - owner thread: 0x000001fda056c820

Heap address: 0x0000000703400000, size: 4044 MB, Compressed Oops mode: Zero based, Oop shift amount: 3

CDS archive(s) mapped at: [0x0000000800000000-0x0000000800bc0000-0x0000000800bc0000), size 12320768, SharedBaseAddress: 0x0000000800000000, ArchiveRelocationMode: 0.
Compressed class space mapped at: 0x0000000800c00000-0x0000000840c00000, reserved size: 1073741824
Narrow klass base: 0x0000000800000000, Narrow klass shift: 0, Narrow klass range: 0x100000000

GC Precious Log:
 CPUs: 8 total, 8 available
 Memory: 16173M
 Large Page Support: Disabled
 NUMA Support: Disabled
 Compressed Oops: Enabled (Zero based)
 Heap Region Size: 2M
 Heap Min Capacity: 8M
 Heap Initial Capacity: 254M
 Heap Max Capacity: 4044M
 Pre-touch: Disabled
 Parallel Workers: 8
 Concurrent Workers: 2
 Concurrent Refinement Workers: 8
 Periodic GC: Disabled

Heap:
 garbage-first heap   total 260096K, used 6144K [0x0000000703400000, 0x0000000800000000)
  region size 2048K, 4 young (8192K), 0 survivors (0K)
 Metaspace       used 1172K, committed 1344K, reserved 1056768K
  class space    used 82K, committed 128K, reserved 1048576K

Heap Regions: E=young(eden), S=young(survivor), O=old, HS=humongous(starts), HC=humongous(continues), CS=collection set, F=free, OA=open archive, CA=closed archive, TAMS=top-at-mark-start (previous, next)
|   0|0x0000000703400000, 0x0000000703400000, 0x0000000703600000|  0%| F|  |TAMS 0x0000000703400000, 0x0000000703400000| Untracked 
|   1|0x0000000703600000, 0x0000000703600000, 0x0000000703800000|  0%| F|  |TAMS 0x0000000703600000, 0x0000000703600000| Untracked 
|   2|0x0000000703800000, 0x0000000703800000, 0x0000000703a00000|  0%| F|  |TAMS 0x0000000703800000, 0x0000000703800000| Untracked 
|   3|0x0000000703a00000, 0x0000000703a00000, 0x0000000703c00000|  0%| F|  |TAMS 0x0000000703a00000, 0x0000000703a00000| Untracked 
|   4|0x0000000703c00000, 0x0000000703c00000, 0x0000000703e00000|  0%| F|  |TAMS 0x0000000703c00000, 0x0000000703c00000| Untracked 
|   5|0x0000000703e00000, 0x0000000703e00000, 0x0000000704000000|  0%| F|  |TAMS 0x0000000703e00000, 0x0000000703e00000| Untracked 
|   6|0x0000000704000000, 0x0000000704000000, 0x0000000704200000|  0%| F|  |TAMS 0x0000000704000000, 0x0000000704000000| Untracked 
|   7|0x0000000704200000, 0x0000000704200000, 0x0000000704400000|  0%| F|  |TAMS 0x0000000704200000, 0x0000000704200000| Untracked 
|   8|0x0000000704400000, 0x0000000704400000, 0x0000000704600000|  0%| F|  |TAMS 0x0000000704400000, 0x0000000704400000| Untracked 
|   9|0x0000000704600000, 0x0000000704600000, 0x0000000704800000|  0%| F|  |TAMS 0x0000000704600000, 0x0000000704600000| Untracked 
|  10|0x0000000704800000, 0x0000000704800000, 0x0000000704a00000|  0%| F|  |TAMS 0x0000000704800000, 0x0000000704800000| Untracked 
|  11|0x0000000704a00000, 0x0000000704a00000, 0x0000000704c00000|  0%| F|  |TAMS 0x0000000704a00000, 0x0000000704a00000| Untracked 
|  12|0x0000000704c00000, 0x0000000704c00000, 0x0000000704e00000|  0%| F|  |TAMS 0x0000000704c00000, 0x0000000704c00000| Untracked 
|  13|0x0000000704e00000, 0x0000000704e00000, 0x0000000705000000|  0%| F|  |TAMS 0x0000000704e00000, 0x0000000704e00000| Untracked 
|  14|0x0000000705000000, 0x0000000705000000, 0x0000000705200000|  0%| F|  |TAMS 0x0000000705000000, 0x0000000705000000| Untracked 
|  15|0x0000000705200000, 0x0000000705200000, 0x0000000705400000|  0%| F|  |TAMS 0x0000000705200000, 0x0000000705200000| Untracked 
|  16|0x0000000705400000, 0x0000000705400000, 0x0000000705600000|  0%| F|  |TAMS 0x0000000705400000, 0x0000000705400000| Untracked 
|  17|0x0000000705600000, 0x0000000705600000, 0x0000000705800000|  0%| F|  |TAMS 0x0000000705600000, 0x0000000705600000| Untracked 
|  18|0x0000000705800000, 0x0000000705800000, 0x0000000705a00000|  0%| F|  |TAMS 0x0000000705800000, 0x0000000705800000| Untracked 
|  19|0x0000000705a00000, 0x0000000705a00000, 0x0000000705c00000|  0%| F|  |TAMS 0x0000000705a00000, 0x0000000705a00000| Untracked 
|  20|0x0000000705c00000, 0x0000000705c00000, 0x0000000705e00000|  0%| F|  |TAMS 0x0000000705c00000, 0x0000000705c00000| Untracked 
|  21|0x0000000705e00000, 0x0000000705e00000, 0x0000000706000000|  0%| F|  |TAMS 0x0000000705e00000, 0x0000000705e00000| Untracked 
|  22|0x0000000706000000, 0x0000000706000000, 0x0000000706200000|  0%| F|  |TAMS 0x0000000706000000, 0x0000000706000000| Untracked 
|  23|0x0000000706200000, 0x0000000706200000, 0x0000000706400000|  0%| F|  |TAMS 0x0000000706200000, 0x0000000706200000| Untracked 
|  24|0x0000000706400000, 0x0000000706400000, 0x0000000706600000|  0%| F|  |TAMS 0x0000000706400000, 0x0000000706400000| Untracked 
|  25|0x0000000706600000, 0x0000000706600000, 0x0000000706800000|  0%| F|  |TAMS 0x0000000706600000, 0x0000000706600000| Untracked 
|  26|0x0000000706800000, 0x0000000706800000, 0x0000000706a00000|  0%| F|  |TAMS 0x0000000706800000, 0x0000000706800000| Untracked 
|  27|0x0000000706a00000, 0x0000000706a00000, 0x0000000706c00000|  0%| F|  |TAMS 0x0000000706a00000, 0x0000000706a00000| Untracked 
|  28|0x0000000706c00000, 0x0000000706c00000, 0x0000000706e00000|  0%| F|  |TAMS 0x0000000706c00000, 0x0000000706c00000| Untracked 
|  29|0x0000000706e00000, 0x0000000706e00000, 0x0000000707000000|  0%| F|  |TAMS 0x0000000706e00000, 0x0000000706e00000| Untracked 
|  30|0x0000000707000000, 0x0000000707000000, 0x0000000707200000|  0%| F|  |TAMS 0x0000000707000000, 0x0000000707000000| Untracked 
|  31|0x0000000707200000, 0x0000000707200000, 0x0000000707400000|  0%| F|  |TAMS 0x0000000707200000, 0x0000000707200000| Untracked 
|  32|0x0000000707400000, 0x0000000707400000, 0x0000000707600000|  0%| F|  |TAMS 0x0000000707400000, 0x0000000707400000| Untracked 
|  33|0x0000000707600000, 0x0000000707600000, 0x0000000707800000|  0%| F|  |TAMS 0x0000000707600000, 0x0000000707600000| Untracked 
|  34|0x0000000707800000, 0x0000000707800000, 0x0000000707a00000|  0%| F|  |TAMS 0x0000000707800000, 0x0000000707800000| Untracked 
|  35|0x0000000707a00000, 0x0000000707a00000, 0x0000000707c00000|  0%| F|  |TAMS 0x0000000707a00000, 0x0000000707a00000| Untracked 
|  36|0x0000000707c00000, 0x0000000707c00000, 0x0000000707e00000|  0%| F|  |TAMS 0x0000000707c00000, 0x0000000707c00000| Untracked 
|  37|0x0000000707e00000, 0x0000000707e00000, 0x0000000708000000|  0%| F|  |TAMS 0x0000000707e00000, 0x0000000707e00000| Untracked 
|  38|0x0000000708000000, 0x0000000708000000, 0x0000000708200000|  0%| F|  |TAMS 0x0000000708000000, 0x0000000708000000| Untracked 
|  39|0x0000000708200000, 0x0000000708200000, 0x0000000708400000|  0%| F|  |TAMS 0x0000000708200000, 0x0000000708200000| Untracked 
|  40|0x0000000708400000, 0x0000000708400000, 0x0000000708600000|  0%| F|  |TAMS 0x0000000708400000, 0x0000000708400000| Untracked 
|  41|0x0000000708600000, 0x0000000708600000, 0x0000000708800000|  0%| F|  |TAMS 0x0000000708600000, 0x0000000708600000| Untracked 
|  42|0x0000000708800000, 0x0000000708800000, 0x0000000708a00000|  0%| F|  |TAMS 0x0000000708800000, 0x0000000708800000| Untracked 
|  43|0x0000000708a00000, 0x0000000708a00000, 0x0000000708c00000|  0%| F|  |TAMS 0x0000000708a00000, 0x0000000708a00000| Untracked 
|  44|0x0000000708c00000, 0x0000000708c00000, 0x0000000708e00000|  0%| F|  |TAMS 0x0000000708c00000, 0x0000000708c00000| Untracked 
|  45|0x0000000708e00000, 0x0000000708e00000, 0x0000000709000000|  0%| F|  |TAMS 0x0000000708e00000, 0x0000000708e00000| Untracked 
|  46|0x0000000709000000, 0x0000000709000000, 0x0000000709200000|  0%| F|  |TAMS 0x0000000709000000, 0x0000000709000000| Untracked 
|  47|0x0000000709200000, 0x0000000709200000, 0x0000000709400000|  0%| F|  |TAMS 0x0000000709200000, 0x0000000709200000| Untracked 
|  48|0x0000000709400000, 0x0000000709400000, 0x0000000709600000|  0%| F|  |TAMS 0x0000000709400000, 0x0000000709400000| Untracked 
|  49|0x0000000709600000, 0x0000000709600000, 0x0000000709800000|  0%| F|  |TAMS 0x0000000709600000, 0x0000000709600000| Untracked 
|  50|0x0000000709800000, 0x0000000709800000, 0x0000000709a00000|  0%| F|  |TAMS 0x0000000709800000, 0x0000000709800000| Untracked 
|  51|0x0000000709a00000, 0x0000000709a00000, 0x0000000709c00000|  0%| F|  |TAMS 0x0000000709a00000, 0x0000000709a00000| Untracked 
|  52|0x0000000709c00000, 0x0000000709c00000, 0x0000000709e00000|  0%| F|  |TAMS 0x0000000709c00000, 0x0000000709c00000| Untracked 
|  53|0x0000000709e00000, 0x0000000709e00000, 0x000000070a000000|  0%| F|  |TAMS 0x0000000709e00000, 0x0000000709e00000| Untracked 
|  54|0x000000070a000000, 0x000000070a000000, 0x000000070a200000|  0%| F|  |TAMS 0x000000070a000000, 0x000000070a000000| Untracked 
|  55|0x000000070a200000, 0x000000070a200000, 0x000000070a400000|  0%| F|  |TAMS 0x000000070a200000, 0x000000070a200000| Untracked 
|  56|0x000000070a400000, 0x000000070a400000, 0x000000070a600000|  0%| F|  |TAMS 0x000000070a400000, 0x000000070a400000| Untracked 
|  57|0x000000070a600000, 0x000000070a600000, 0x000000070a800000|  0%| F|  |TAMS 0x000000070a600000, 0x000000070a600000| Untracked 
|  58|0x000000070a800000, 0x000000070a800000, 0x000000070aa00000|  0%| F|  |TAMS 0x000000070a800000, 0x000000070a800000| Untracked 
|  59|0x000000070aa00000, 0x000000070aa00000, 0x000000070ac00000|  0%| F|  |TAMS 0x000000070aa00000, 0x000000070aa00000| Untracked 
|  60|0x000000070ac00000, 0x000000070ac00000, 0x000000070ae00000|  0%| F|  |TAMS 0x000000070ac00000, 0x000000070ac00000| Untracked 
|  61|0x000000070ae00000, 0x000000070ae00000, 0x000000070b000000|  0%| F|  |TAMS 0x000000070ae00000, 0x000000070ae00000| Untracked 
|  62|0x000000070b000000, 0x000000070b000000, 0x000000070b200000|  0%| F|  |TAMS 0x000000070b000000, 0x000000070b000000| Untracked 
|  63|0x000000070b200000, 0x000000070b200000, 0x000000070b400000|  0%| F|  |TAMS 0x000000070b200000, 0x000000070b200000| Untracked 
|  64|0x000000070b400000, 0x000000070b400000, 0x000000070b600000|  0%| F|  |TAMS 0x000000070b400000, 0x000000070b400000| Untracked 
|  65|0x000000070b600000, 0x000000070b600000, 0x000000070b800000|  0%| F|  |TAMS 0x000000070b600000, 0x000000070b600000| Untracked 
|  66|0x000000070b800000, 0x000000070b800000, 0x000000070ba00000|  0%| F|  |TAMS 0x000000070b800000, 0x000000070b800000| Untracked 
|  67|0x000000070ba00000, 0x000000070ba00000, 0x000000070bc00000|  0%| F|  |TAMS 0x000000070ba00000, 0x000000070ba00000| Untracked 
|  68|0x000000070bc00000, 0x000000070bc00000, 0x000000070be00000|  0%| F|  |TAMS 0x000000070bc00000, 0x000000070bc00000| Untracked 
|  69|0x000000070be00000, 0x000000070be00000, 0x000000070c000000|  0%| F|  |TAMS 0x000000070be00000, 0x000000070be00000| Untracked 
|  70|0x000000070c000000, 0x000000070c000000, 0x000000070c200000|  0%| F|  |TAMS 0x000000070c000000, 0x000000070c000000| Untracked 
|  71|0x000000070c200000, 0x000000070c200000, 0x000000070c400000|  0%| F|  |TAMS 0x000000070c200000, 0x000000070c200000| Untracked 
|  72|0x000000070c400000, 0x000000070c400000, 0x000000070c600000|  0%| F|  |TAMS 0x000000070c400000, 0x000000070c400000| Untracked 
|  73|0x000000070c600000, 0x000000070c600000, 0x000000070c800000|  0%| F|  |TAMS 0x000000070c600000, 0x000000070c600000| Untracked 
|  74|0x000000070c800000, 0x000000070c800000, 0x000000070ca00000|  0%| F|  |TAMS 0x000000070c800000, 0x000000070c800000| Untracked 
|  75|0x000000070ca00000, 0x000000070ca00000, 0x000000070cc00000|  0%| F|  |TAMS 0x000000070ca00000, 0x000000070ca00000| Untracked 
|  76|0x000000070cc00000, 0x000000070cc00000, 0x000000070ce00000|  0%| F|  |TAMS 0x000000070cc00000, 0x000000070cc00000| Untracked 
|  77|0x000000070ce00000, 0x000000070ce00000, 0x000000070d000000|  0%| F|  |TAMS 0x000000070ce00000, 0x000000070ce00000| Untracked 
|  78|0x000000070d000000, 0x000000070d000000, 0x000000070d200000|  0%| F|  |TAMS 0x000000070d000000, 0x000000070d000000| Untracked 
|  79|0x000000070d200000, 0x000000070d200000, 0x000000070d400000|  0%| F|  |TAMS 0x000000070d200000, 0x000000070d200000| Untracked 
|  80|0x000000070d400000, 0x000000070d400000, 0x000000070d600000|  0%| F|  |TAMS 0x000000070d400000, 0x000000070d400000| Untracked 
|  81|0x000000070d600000, 0x000000070d600000, 0x000000070d800000|  0%| F|  |TAMS 0x000000070d600000, 0x000000070d600000| Untracked 
|  82|0x000000070d800000, 0x000000070d800000, 0x000000070da00000|  0%| F|  |TAMS 0x000000070d800000, 0x000000070d800000| Untracked 
|  83|0x000000070da00000, 0x000000070da00000, 0x000000070dc00000|  0%| F|  |TAMS 0x000000070da00000, 0x000000070da00000| Untracked 
|  84|0x000000070dc00000, 0x000000070dc00000, 0x000000070de00000|  0%| F|  |TAMS 0x000000070dc00000, 0x000000070dc00000| Untracked 
|  85|0x000000070de00000, 0x000000070de00000, 0x000000070e000000|  0%| F|  |TAMS 0x000000070de00000, 0x000000070de00000| Untracked 
|  86|0x000000070e000000, 0x000000070e000000, 0x000000070e200000|  0%| F|  |TAMS 0x000000070e000000, 0x000000070e000000| Untracked 
|  87|0x000000070e200000, 0x000000070e200000, 0x000000070e400000|  0%| F|  |TAMS 0x000000070e200000, 0x000000070e200000| Untracked 
|  88|0x000000070e400000, 0x000000070e400000, 0x000000070e600000|  0%| F|  |TAMS 0x000000070e400000, 0x000000070e400000| Untracked 
|  89|0x000000070e600000, 0x000000070e600000, 0x000000070e800000|  0%| F|  |TAMS 0x000000070e600000, 0x000000070e600000| Untracked 
|  90|0x000000070e800000, 0x000000070e800000, 0x000000070ea00000|  0%| F|  |TAMS 0x000000070e800000, 0x000000070e800000| Untracked 
|  91|0x000000070ea00000, 0x000000070ea00000, 0x000000070ec00000|  0%| F|  |TAMS 0x000000070ea00000, 0x000000070ea00000| Untracked 
|  92|0x000000070ec00000, 0x000000070ec00000, 0x000000070ee00000|  0%| F|  |TAMS 0x000000070ec00000, 0x000000070ec00000| Untracked 
|  93|0x000000070ee00000, 0x000000070ee00000, 0x000000070f000000|  0%| F|  |TAMS 0x000000070ee00000, 0x000000070ee00000| Untracked 
|  94|0x000000070f000000, 0x000000070f000000, 0x000000070f200000|  0%| F|  |TAMS 0x000000070f000000, 0x000000070f000000| Untracked 
|  95|0x000000070f200000, 0x000000070f200000, 0x000000070f400000|  0%| F|  |TAMS 0x000000070f200000, 0x000000070f200000| Untracked 
|  96|0x000000070f400000, 0x000000070f400000, 0x000000070f600000|  0%| F|  |TAMS 0x000000070f400000, 0x000000070f400000| Untracked 
|  97|0x000000070f600000, 0x000000070f600000, 0x000000070f800000|  0%| F|  |TAMS 0x000000070f600000, 0x000000070f600000| Untracked 
|  98|0x000000070f800000, 0x000000070f800000, 0x000000070fa00000|  0%| F|  |TAMS 0x000000070f800000, 0x000000070f800000| Untracked 
|  99|0x000000070fa00000, 0x000000070fa00000, 0x000000070fc00000|  0%| F|  |TAMS 0x000000070fa00000, 0x000000070fa00000| Untracked 
| 100|0x000000070fc00000, 0x000000070fc00000, 0x000000070fe00000|  0%| F|  |TAMS 0x000000070fc00000, 0x000000070fc00000| Untracked 
| 101|0x000000070fe00000, 0x000000070fe00000, 0x0000000710000000|  0%| F|  |TAMS 0x000000070fe00000, 0x000000070fe00000| Untracked 
| 102|0x0000000710000000, 0x0000000710000000, 0x0000000710200000|  0%| F|  |TAMS 0x0000000710000000, 0x0000000710000000| Untracked 
| 103|0x0000000710200000, 0x0000000710200000, 0x0000000710400000|  0%| F|  |TAMS 0x0000000710200000, 0x0000000710200000| Untracked 
| 104|0x0000000710400000, 0x0000000710400000, 0x0000000710600000|  0%| F|  |TAMS 0x0000000710400000, 0x0000000710400000| Untracked 
| 105|0x0000000710600000, 0x0000000710600000, 0x0000000710800000|  0%| F|  |TAMS 0x0000000710600000, 0x0000000710600000| Untracked 
| 106|0x0000000710800000, 0x0000000710800000, 0x0000000710a00000|  0%| F|  |TAMS 0x0000000710800000, 0x0000000710800000| Untracked 
| 107|0x0000000710a00000, 0x0000000710a00000, 0x0000000710c00000|  0%| F|  |TAMS 0x0000000710a00000, 0x0000000710a00000| Untracked 
| 108|0x0000000710c00000, 0x0000000710c00000, 0x0000000710e00000|  0%| F|  |TAMS 0x0000000710c00000, 0x0000000710c00000| Untracked 
| 109|0x0000000710e00000, 0x0000000710e00000, 0x0000000711000000|  0%| F|  |TAMS 0x0000000710e00000, 0x0000000710e00000| Untracked 
| 110|0x0000000711000000, 0x0000000711000000, 0x0000000711200000|  0%| F|  |TAMS 0x0000000711000000, 0x0000000711000000| Untracked 
| 111|0x0000000711200000, 0x0000000711200000, 0x0000000711400000|  0%| F|  |TAMS 0x0000000711200000, 0x0000000711200000| Untracked 
| 112|0x0000000711400000, 0x0000000711400000, 0x0000000711600000|  0%| F|  |TAMS 0x0000000711400000, 0x0000000711400000| Untracked 
| 113|0x0000000711600000, 0x0000000711600000, 0x0000000711800000|  0%| F|  |TAMS 0x0000000711600000, 0x0000000711600000| Untracked 
| 114|0x0000000711800000, 0x0000000711800000, 0x0000000711a00000|  0%| F|  |TAMS 0x0000000711800000, 0x0000000711800000| Untracked 
| 115|0x0000000711a00000, 0x0000000711a00000, 0x0000000711c00000|  0%| F|  |TAMS 0x0000000711a00000, 0x0000000711a00000| Untracked 
| 116|0x0000000711c00000, 0x0000000711c00000, 0x0000000711e00000|  0%| F|  |TAMS 0x0000000711c00000, 0x0000000711c00000| Untracked 
| 117|0x0000000711e00000, 0x0000000711e00000, 0x0000000712000000|  0%| F|  |TAMS 0x0000000711e00000, 0x0000000711e00000| Untracked 
| 118|0x0000000712000000, 0x0000000712000000, 0x0000000712200000|  0%| F|  |TAMS 0x0000000712000000, 0x0000000712000000| Untracked 
| 119|0x0000000712200000, 0x0000000712200000, 0x0000000712400000|  0%| F|  |TAMS 0x0000000712200000, 0x0000000712200000| Untracked 
| 120|0x0000000712400000, 0x0000000712400000, 0x0000000712600000|  0%| F|  |TAMS 0x0000000712400000, 0x0000000712400000| Untracked 
| 121|0x0000000712600000, 0x0000000712600000, 0x0000000712800000|  0%| F|  |TAMS 0x0000000712600000, 0x0000000712600000| Untracked 
| 122|0x0000000712800000, 0x0000000712800000, 0x0000000712a00000|  0%| F|  |TAMS 0x0000000712800000, 0x0000000712800000| Untracked 
| 123|0x0000000712a00000, 0x0000000712a34cd0, 0x0000000712c00000| 10%| E|  |TAMS 0x0000000712a00000, 0x0000000712a00000| Complete 
| 124|0x0000000712c00000, 0x0000000712e00000, 0x0000000712e00000|100%| E|CS|TAMS 0x0000000712c00000, 0x0000000712c00000| Complete 
| 125|0x0000000712e00000, 0x0000000713000000, 0x0000000713000000|100%| E|CS|TAMS 0x0000000712e00000, 0x0000000712e00000| Complete 
| 126|0x0000000713000000, 0x0000000713200000, 0x0000000713200000|100%| E|CS|TAMS 0x0000000713000000, 0x0000000713000000| Complete 

Card table byte_map: [0x000001fdb7890000,0x000001fdb8080000] _byte_map_base: 0x000001fdb4076000

Marking Bits (Prev, Next): (CMBitMap*) 0x000001fda05ba310, (CMBitMap*) 0x000001fda05ba350
 Prev Bits: [0x000001fdb8870000, 0x000001fdbc7a0000)
 Next Bits: [0x000001fdbc7a0000, 0x000001fdc06d0000)

Polling page: 0x000001fd9e4e0000

Metaspace:

Usage:
  Non-class:      1.06 MB used.
      Class:     82.88 KB used.
       Both:      1.14 MB used.

Virtual space:
  Non-class space:        8.00 MB reserved,       1.19 MB ( 15%) committed,  1 nodes.
      Class space:        1.00 GB reserved,     128.00 KB ( <1%) committed,  1 nodes.
             Both:        1.01 GB reserved,       1.31 MB ( <1%) committed. 

Chunk freelists:
   Non-Class:  3.86 MB
       Class:  3.73 MB
        Both:  7.59 MB

MaxMetaspaceSize: unlimited
CompressedClassSpaceSize: 1.00 GB
Initial GC threshold: 21.00 MB
Current GC threshold: 21.00 MB
CDS: on
MetaspaceReclaimPolicy: balanced
 - commit_granule_bytes: 65536.
 - commit_granule_words: 8192.
 - virtual_space_node_default_size: 1048576.
 - enlarge_chunks_in_place: 1.
 - new_chunks_are_fully_committed: 0.
 - uncommit_free_chunks: 1.
 - use_allocation_guard: 0.
 - handle_deallocations: 1.


Internal statistics:

num_allocs_failed_limit: 0.
num_arena_births: 8.
num_arena_deaths: 0.
num_vsnodes_births: 2.
num_vsnodes_deaths: 0.
num_space_committed: 21.
num_space_uncommitted: 0.
num_chunks_returned_to_freelist: 0.
num_chunks_taken_from_freelist: 21.
num_chunk_merges: 0.
num_chunk_splits: 10.
num_chunks_enlarged: 5.
num_purges: 0.
num_inconsistent_stats: 0.

CodeHeap 'non-profiled nmethods': size=120000Kb used=138Kb max_used=138Kb free=119861Kb
 bounds [0x000001fdaf830000, 0x000001fdafaa0000, 0x000001fdb6d60000]
CodeHeap 'profiled nmethods': size=120000Kb used=532Kb max_used=532Kb free=119467Kb
 bounds [0x000001fda8300000, 0x000001fda8570000, 0x000001fdaf830000]
CodeHeap 'non-nmethods': size=5760Kb used=1200Kb max_used=1229Kb free=4559Kb
 bounds [0x000001fda7d60000, 0x000001fda7fd0000, 0x000001fda8300000]
 total_blobs=799 nmethods=383 adapters=329
 compilation: enabled
              stopped_count=0, restarted_count=0
 full_count=0

Compilation events (20 events):
Event: 0.295 Thread 0x000001fdc3149bd0  375       1       jdk.internal.loader.URLClassPath$Loader::getBaseURL (5 bytes)
Event: 0.295 Thread 0x000001fdc3149bd0 nmethod 375 0x000001fdaf850510 code [0x000001fdaf8506a0, 0x000001fdaf850778]
Event: 0.295 Thread 0x000001fdc3149bd0  377       3       java.lang.StringConcatHelper::stringOf (20 bytes)
Event: 0.295 Thread 0x000001fdc3149bd0 nmethod 377 0x000001fda8382590 code [0x000001fda8382740, 0x000001fda8382988]
Event: 0.295 Thread 0x000001fdc3149bd0  378       3       java.lang.StringConcatHelper::mix (27 bytes)
Event: 0.296 Thread 0x000001fdc3149bd0 nmethod 378 0x000001fda8382a90 code [0x000001fda8382c60, 0x000001fda8383088]
Event: 0.296 Thread 0x000001fdc3149bd0  379       1       java.util.jar.Attributes$Name::hashCode (5 bytes)
Event: 0.296 Thread 0x000001fdc3149bd0 nmethod 379 0x000001fdaf850810 code [0x000001fdaf8509a0, 0x000001fdaf850a78]
Event: 0.297 Thread 0x000001fdc3149bd0  380       3       java.util.zip.Inflater::ensureOpen (47 bytes)
Event: 0.297 Thread 0x000001fdc3149bd0 nmethod 380 0x000001fda8383290 code [0x000001fda8383440, 0x000001fda83836c8]
Event: 0.298 Thread 0x000001fdc3145ce0 nmethod 365 0x000001fdaf850b10 code [0x000001fdaf850c80, 0x000001fdaf851138]
Event: 0.299 Thread 0x000001fdc3145ce0  367       4       java.lang.ref.Reference::reachabilityFence (1 bytes)
Event: 0.299 Thread 0x000001fdc3d1cbb0 nmethod 352 0x000001fdaf851290 code [0x000001fdaf851440, 0x000001fdaf851e58]
Event: 0.300 Thread 0x000001fdc3145ce0 nmethod 367 0x000001fdaf852590 code [0x000001fdaf852700, 0x000001fdaf852758]
Event: 0.304 Thread 0x000001fdc3149bd0  382       3       java.lang.Character::toLowerCase (9 bytes)
Event: 0.304 Thread 0x000001fdc3149bd0 nmethod 382 0x000001fda8383810 code [0x000001fda83839c0, 0x000001fda8383bb8]
Event: 0.304 Thread 0x000001fdc3149bd0  381       3       java.lang.String::regionMatches (150 bytes)
Event: 0.305 Thread 0x000001fdc3149bd0 nmethod 381 0x000001fda8383c90 code [0x000001fda8383ee0, 0x000001fda8384728]
Event: 0.305 Thread 0x000001fdc3149bd0  383       3       java.io.File::isInvalid (48 bytes)
Event: 0.305 Thread 0x000001fdc3149bd0 nmethod 383 0x000001fda8384a10 code [0x000001fda8384c00, 0x000001fda8385118]

GC Heap History (0 events):
No events

Deoptimization events (20 events):
Event: 0.193 Thread 0x000001fda056c820 Uncommon trap: trap_request=0xffffffde fr.pc=0x000001fdaf83ca40 relative=0x00000000000009e0
Event: 0.193 Thread 0x000001fda056c820 Uncommon trap: reason=class_check action=maybe_recompile pc=0x000001fdaf83ca40 method=java.util.HashMap.putVal(ILjava/lang/Object;Ljava/lang/Object;ZZ)Ljava/lang/Object; @ 152 c2
Event: 0.194 Thread 0x000001fda056c820 DEOPT PACKING pc=0x000001fdaf83ca40 sp=0x000000a2360fc3c0
Event: 0.194 Thread 0x000001fda056c820 DEOPT UNPACKING pc=0x000001fda7db23a3 sp=0x000000a2360fc360 mode 2
Event: 0.194 Thread 0x000001fda056c820 Uncommon trap: trap_request=0xffffffde fr.pc=0x000001fdaf83ca40 relative=0x00000000000009e0
Event: 0.195 Thread 0x000001fda056c820 Uncommon trap: reason=class_check action=maybe_recompile pc=0x000001fdaf83ca40 method=java.util.HashMap.putVal(ILjava/lang/Object;Ljava/lang/Object;ZZ)Ljava/lang/Object; @ 152 c2
Event: 0.195 Thread 0x000001fda056c820 DEOPT PACKING pc=0x000001fdaf83ca40 sp=0x000000a2360fc3c0
Event: 0.195 Thread 0x000001fda056c820 DEOPT UNPACKING pc=0x000001fda7db23a3 sp=0x000000a2360fc360 mode 2
Event: 0.196 Thread 0x000001fda056c820 Uncommon trap: trap_request=0xffffffde fr.pc=0x000001fdaf83ca40 relative=0x00000000000009e0
Event: 0.196 Thread 0x000001fda056c820 Uncommon trap: reason=class_check action=maybe_recompile pc=0x000001fdaf83ca40 method=java.util.HashMap.putVal(ILjava/lang/Object;Ljava/lang/Object;ZZ)Ljava/lang/Object; @ 152 c2
Event: 0.196 Thread 0x000001fda056c820 DEOPT PACKING pc=0x000001fdaf83ca40 sp=0x000000a2360fc3c0
Event: 0.196 Thread 0x000001fda056c820 DEOPT UNPACKING pc=0x000001fda7db23a3 sp=0x000000a2360fc360 mode 2
Event: 0.196 Thread 0x000001fda056c820 Uncommon trap: trap_request=0xffffffde fr.pc=0x000001fdaf83ca40 relative=0x00000000000009e0
Event: 0.196 Thread 0x000001fda056c820 Uncommon trap: reason=class_check action=maybe_recompile pc=0x000001fdaf83ca40 method=java.util.HashMap.putVal(ILjava/lang/Object;Ljava/lang/Object;ZZ)Ljava/lang/Object; @ 152 c2
Event: 0.196 Thread 0x000001fda056c820 DEOPT PACKING pc=0x000001fdaf83ca40 sp=0x000000a2360fc910
Event: 0.196 Thread 0x000001fda056c820 DEOPT UNPACKING pc=0x000001fda7db23a3 sp=0x000000a2360fc8b0 mode 2
Event: 0.249 Thread 0x000001fda056c820 Uncommon trap: trap_request=0xffffff45 fr.pc=0x000001fdaf840ae0 relative=0x0000000000000060
Event: 0.249 Thread 0x000001fda056c820 Uncommon trap: reason=unstable_if action=reinterpret pc=0x000001fdaf840ae0 method=java.lang.AbstractStringBuilder.isLatin1()Z @ 10 c2
Event: 0.249 Thread 0x000001fda056c820 DEOPT PACKING pc=0x000001fdaf840ae0 sp=0x000000a2360fcf10
Event: 0.249 Thread 0x000001fda056c820 DEOPT UNPACKING pc=0x000001fda7db23a3 sp=0x000000a2360fceb0 mode 2

Classes unloaded (0 events):
No events

Classes redefined (0 events):
No events

Internal exceptions (0 events):
No events

VM Operations (8 events):
Event: 0.130 Executing VM operation: HandshakeAllThreads
Event: 0.130 Executing VM operation: HandshakeAllThreads done
Event: 0.150 Executing VM operation: ChangeBreakpoints
Event: 0.151 Executing VM operation: ChangeBreakpoints done
Event: 0.162 Executing VM operation: ChangeBreakpoints
Event: 0.162 Executing VM operation: ChangeBreakpoints done
Event: 0.162 Executing VM operation: ChangeBreakpoints
Event: 0.162 Executing VM operation: ChangeBreakpoints done

Events (20 events):
Event: 0.300 loading class javax/swing/RootPaneContainer
Event: 0.300 loading class javax/swing/RootPaneContainer done
Event: 0.300 loading class javax/swing/TransferHandler$HasGetTransferHandler
Event: 0.300 loading class javax/swing/TransferHandler$HasGetTransferHandler done
Event: 0.300 loading class java/awt/Frame
Event: 0.300 loading class java/awt/MenuContainer
Event: 0.300 loading class java/awt/MenuContainer done
Event: 0.301 loading class java/awt/Window
Event: 0.301 loading class java/awt/Container
Event: 0.301 loading class java/awt/Component
Event: 0.302 loading class java/awt/image/ImageObserver
Event: 0.302 loading class java/awt/image/ImageObserver done
Event: 0.302 loading class java/awt/Component done
Event: 0.302 loading class java/awt/Container done
Event: 0.302 loading class java/awt/Window done
Event: 0.302 loading class java/awt/Frame done
Event: 0.303 loading class javax/swing/JFrame done
Event: 0.305 loading class javax/swing/JPanel
Event: 0.305 loading class javax/swing/JComponent
Event: 0.306 loading class javax/swing/JComponent done


Dynamic libraries:
0x00007ff68c9e0000 - 0x00007ff68c9ee000 	C:\Program Files\Java\jdk-17.0.1\bin\java.exe
0x00007fff95fb0000 - 0x00007fff961a5000 	C:\WINDOWS\SYSTEM32\ntdll.dll
0x00007fff95770000 - 0x00007fff9582e000 	C:\WINDOWS\System32\KERNEL32.DLL
0x00007fff936c0000 - 0x00007fff93988000 	C:\WINDOWS\System32\KERNELBASE.dll
0x00007fff93c70000 - 0x00007fff93d70000 	C:\WINDOWS\System32\ucrtbase.dll
0x00007fff7d4b0000 - 0x00007fff7d4c8000 	C:\Program Files\Java\jdk-17.0.1\bin\jli.dll
0x00007fff7d490000 - 0x00007fff7d4aa000 	C:\Program Files\Java\jdk-17.0.1\bin\VCRUNTIME140.dll
0x00007fff94660000 - 0x00007fff94800000 	C:\WINDOWS\System32\USER32.dll
0x00007fff788b0000 - 0x00007fff78b4a000 	C:\WINDOWS\WinSxS\amd64_microsoft.windows.common-controls_6595b64144ccf1df_6.0.19041.1110_none_60b5254171f9507e\COMCTL32.dll
0x00007fff93e20000 - 0x00007fff93e42000 	C:\WINDOWS\System32\win32u.dll
0x00007fff95f40000 - 0x00007fff95f6b000 	C:\WINDOWS\System32\GDI32.dll
0x00007fff94e60000 - 0x00007fff94efe000 	C:\WINDOWS\System32\msvcrt.dll
0x00007fff93b60000 - 0x00007fff93c6d000 	C:\WINDOWS\System32\gdi32full.dll
0x00007fff93e50000 - 0x00007fff93eed000 	C:\WINDOWS\System32\msvcp_win.dll
0x00007fff94630000 - 0x00007fff94660000 	C:\WINDOWS\System32\IMM32.DLL
0x00007fff7d480000 - 0x00007fff7d48c000 	C:\Program Files\Java\jdk-17.0.1\bin\vcruntime140_1.dll
0x00007fff511b0000 - 0x00007fff5123d000 	C:\Program Files\Java\jdk-17.0.1\bin\msvcp140.dll
0x00007fff027e0000 - 0x00007fff0339e000 	C:\Program Files\Java\jdk-17.0.1\bin\server\jvm.dll
0x00007fff95960000 - 0x00007fff95a0e000 	C:\WINDOWS\System32\ADVAPI32.dll
0x00007fff94100000 - 0x00007fff9419c000 	C:\WINDOWS\System32\sechost.dll
0x00007fff95b90000 - 0x00007fff95cb5000 	C:\WINDOWS\System32\RPCRT4.dll
0x00007fff949b0000 - 0x00007fff949b8000 	C:\WINDOWS\System32\PSAPI.DLL
0x00007fff709b0000 - 0x00007fff709b9000 	C:\WINDOWS\SYSTEM32\WSOCK32.dll
0x00007fff95cc0000 - 0x00007fff95d2b000 	C:\WINDOWS\System32\WS2_32.dll
0x00007fff8abe0000 - 0x00007fff8abea000 	C:\WINDOWS\SYSTEM32\VERSION.dll
0x00007fff71ef0000 - 0x00007fff71f17000 	C:\WINDOWS\SYSTEM32\WINMM.dll
0x00007fff91f00000 - 0x00007fff91f12000 	C:\WINDOWS\SYSTEM32\kernel.appcore.dll
0x00007fff7d470000 - 0x00007fff7d47a000 	C:\Program Files\Java\jdk-17.0.1\bin\jimage.dll
0x00007fff91b90000 - 0x00007fff91d74000 	C:\WINDOWS\SYSTEM32\DBGHELP.DLL
0x00007fff6e6d0000 - 0x00007fff6e6fc000 	C:\WINDOWS\SYSTEM32\dbgcore.DLL
0x00007fff93ef0000 - 0x00007fff93f72000 	C:\WINDOWS\System32\bcryptPrimitives.dll
0x00007fff8b920000 - 0x00007fff8b95b000 	C:\Program Files\Java\jdk-17.0.1\bin\jdwp.dll
0x00007fff8dd10000 - 0x00007fff8dd1e000 	C:\Program Files\Java\jdk-17.0.1\bin\instrument.dll
0x00007fff51180000 - 0x00007fff511a5000 	C:\Program Files\Java\jdk-17.0.1\bin\java.dll
0x00007fff510a0000 - 0x00007fff51176000 	C:\Program Files\Java\jdk-17.0.1\bin\svml.dll
0x00007fff95020000 - 0x00007fff95764000 	C:\WINDOWS\System32\SHELL32.dll
0x00007fff913f0000 - 0x00007fff91b84000 	C:\WINDOWS\SYSTEM32\windows.storage.dll
0x00007fff941a0000 - 0x00007fff944f5000 	C:\WINDOWS\System32\combase.dll
0x00007fff93030000 - 0x00007fff9305e000 	C:\WINDOWS\SYSTEM32\Wldp.dll
0x00007fff94580000 - 0x00007fff9462d000 	C:\WINDOWS\System32\SHCORE.dll
0x00007fff95ee0000 - 0x00007fff95f35000 	C:\WINDOWS\System32\shlwapi.dll
0x00007fff93600000 - 0x00007fff9361f000 	C:\WINDOWS\SYSTEM32\profapi.dll
0x00007fff8dc00000 - 0x00007fff8dc0c000 	C:\Program Files\Java\jdk-17.0.1\bin\dt_socket.dll
0x00007fff92ad0000 - 0x00007fff92b0b000 	C:\WINDOWS\SYSTEM32\IPHLPAPI.DLL
0x00007fff92e10000 - 0x00007fff92e7a000 	C:\WINDOWS\system32\mswsock.dll
0x00007fff51060000 - 0x00007fff51078000 	C:\Program Files\Java\jdk-17.0.1\bin\zip.dll
0x00007fff656e0000 - 0x00007fff656f9000 	C:\Program Files\Java\jdk-17.0.1\bin\net.dll
0x00007fff903e0000 - 0x00007fff904ec000 	C:\WINDOWS\SYSTEM32\WINHTTP.dll
0x00007fff51080000 - 0x00007fff51095000 	C:\Program Files\Java\jdk-17.0.1\bin\nio.dll

dbghelp: loaded successfully - version: 4.0.5 - missing functions: none
symbol engine: initialized successfully - sym options: 0x614 - pdb path: .;C:\Program Files\Java\jdk-17.0.1\bin;C:\WINDOWS\SYSTEM32;C:\WINDOWS\WinSxS\amd64_microsoft.windows.common-controls_6595b64144ccf1df_6.0.19041.1110_none_60b5254171f9507e;C:\Program Files\Java\jdk-17.0.1\bin\server

VM Arguments:
jvm_args: -Xdebug -agentlib:jdwp=transport=dt_socket,server=n,suspend=y,address=127.0.0.1:60960 -javaagent:C:\Users\user\.gradle\caches\modules-2\files-2.1\org.jetbrains.kotlinx\kotlinx-coroutines-core-jvm\1.7.1\63a0779cf668e2a47d13fda7c3b0c4f8dc7762f4\kotlinx-coroutines-core-jvm-1.7.1.jar -Dfile.encoding=windows-1251 -Duser.country=US -Duser.language=en -Duser.variant -ea 
java_command: franca.java.MainFrame
java_class_path (initial): C:\sergeev-i-leo\java-franca\platforms\java-desktop\java-franca-content-viewer\build\classes\java\main;C:\sergeev-i-leo\java-franca\platforms\java-desktop\java-franca-content-viewer\build\resources\main;C:\Users\user\.gradle\caches\modules-2\files-2.1\org.jetbrains.skiko\skiko-awt-runtime-windows-x64\0.7.80\4f62ab625019baa1f6d179c6d5bbad94b1bcc892\skiko-awt-runtime-windows-x64-0.7.80.jar;C:\Users\user\.gradle\caches\modules-2\files-2.1\org.jetbrains.skiko\skiko-awt\0.7.80\cde5fe523da4a60846453bc7666d05156fdeb895\skiko-awt-0.7.80.jar;C:\Users\user\.gradle\caches\modules-2\files-2.1\io.ktor\ktor-client-java-jvm\2.3.7\21036282fff1b1399c534fa54c7b098c1dbc045e\ktor-client-java-jvm-2.3.7.jar;C:\Users\user\.gradle\caches\modules-2\files-2.1\io.ktor\ktor-client-core-jvm\2.3.7\4f6ad3be8d4c35d3075f4a6f28fa80b9e20674d5\ktor-client-core-jvm-2.3.7.jar;C:\Users\user\.gradle\caches\modules-2\files-2.1\org.jetbrains.kotlinx\kotlinx-coroutines-slf4j\1.7.1\19000bdfff969d1c7019d3a4ef66fb27b687e7e9\kotlinx-coroutines-slf4j-1.7.1.jar;C:\Users\user\.gradle\caches\modules-2\files-2.1\io.ktor\ktor-events-jvm\2.3.7\a0d00d60f13b5dd647954a7858c486eff75a2898\ktor-events-jvm-2.3.7.jar;C:\Users\user\.gradle\caches\modules-2\files-2.1\io.ktor\ktor-websocket-serialization-jvm\2.3.7\65944d3e9b84b9d8fe195183e43cd1d0ccb863cd\ktor-websocket-serialization-jvm-2.3.7.jar;C:\Users\user\.gradle\caches\modules-2\files-2.1\io.ktor\ktor-serialization-jvm\2.3.7\821a9ccf848665dca11337f2c0f7c2b05d1ac046\ktor-serialization-jvm-2.3.7.jar;C:\Users\user\.gradle\caches\modules-2\files-2.1\io.ktor\ktor-websockets-jvm\2.3.7\97b1335582ae9bbde88c077ff0fe5b05a3663fdf\ktor-websockets-jvm-2.3.7.jar;C:\Users\user\.gradle\caches\modules-2\files-2.1\io.ktor\ktor-http-jvm\2.3.7\6a1915fc373718c058d247da28f27b2e008b84ef\ktor-http-jvm-2.3.7.jar;C:\Users\user\.gradle\caches\modules-2\files-2.1\io.ktor\ktor-utils-jvm\2.3.7\23be7e37eee5c81925a5bde2ad67fb483e320967\ktor-utils-jvm-2.3.7.jar;C:\Users\user\.g
Launcher Type: SUN_STANDARD

[Global flags]
     intx CICompilerCount                          = 4                                         {product} {ergonomic}
     uint ConcGCThreads                            = 2                                         {product} {ergonomic}
     uint G1ConcRefinementThreads                  = 8                                         {product} {ergonomic}
   size_t G1HeapRegionSize                         = 2097152                                   {product} {ergonomic}
    uintx GCDrainStackTargetSize                   = 64                                        {product} {ergonomic}
   size_t InitialHeapSize                          = 266338304                                 {product} {ergonomic}
   size_t MarkStackSize                            = 4194304                                   {product} {ergonomic}
   size_t MaxHeapSize                              = 4240441344                                {product} {ergonomic}
   size_t MaxNewSize                               = 2543845376                                {product} {ergonomic}
   size_t MinHeapDeltaBytes                        = 2097152                                   {product} {ergonomic}
   size_t MinHeapSize                              = 8388608                                   {product} {ergonomic}
    uintx NonNMethodCodeHeapSize                   = 5839372                                {pd product} {ergonomic}
    uintx NonProfiledCodeHeapSize                  = 122909434                              {pd product} {ergonomic}
    uintx ProfiledCodeHeapSize                     = 122909434                              {pd product} {ergonomic}
    uintx ReservedCodeCacheSize                    = 251658240                              {pd product} {ergonomic}
     bool SegmentedCodeCache                       = true                                      {product} {ergonomic}
   size_t SoftMaxHeapSize                          = 4240441344                             {manageable} {ergonomic}
     bool UseCompressedClassPointers               = true                           {product lp64_product} {ergonomic}
     bool UseCompressedOops                        = true                           {product lp64_product} {ergonomic}
     bool UseG1GC                                  = true                                      {product} {ergonomic}
     bool UseLargePagesIndividualAllocation        = false                                  {pd product} {ergonomic}

Logging:
Log output configuration:
 #0: stdout all=warning uptime,level,tags
 #1: stderr all=off uptime,level,tags

Environment Variables:
JAVA_HOME=C:\Program Files\Java\jdk-17.0.1
PATH=C:\Program Files\Eclipse Adoptium\jdk-21.0.11.10-hotspot\bin;C:\Program Files (x86)\Common Files\Oracle\Java\java8path;C:\Program Files (x86)\Common Files\Oracle\Java\javapath;C:\Program Files\Java\jdk-17.0.1\bin;C:\WINDOWS\system32;C:\WINDOWS;C:\WINDOWS\System32\Wbem;C:\WINDOWS\System32\WindowsPowerShell\v1.0\;C:\WINDOWS\System32\OpenSSH\;C:\Program Files\Git\cmd;C:\Program Files\PuTTY\;C:\fl-studio\ffmpeg\bin;C:\Program Files\Java\apache-maven-3.8.2\bin;C:\Program Files\gettext-iconv\bin;C:\Users\user\AppData\Roaming\npm\node_modules;C:\Users\user\AppData\Local\Programs\Python\Python39;C:\sergeev-i-leo\flutter_windows_3.13.9-stable\bin;C:\Work\emsdk;C:\Work\emsdk\upstream\bin;C:\Work\emsdk\upstream\emscripten;C:\Work\emsdk\upstream\lib;C:\Program Files\nodejs\;C:\sergeev-i-leo\2099\ffmpeg\bin;C:\Users\user\.cargo\bin;C:\Users\user\AppData\Local\Microsoft\WindowsApps;C:\Users\user\AppData\Local\Programs\Microsoft VS Code\bin;C:\Users\user\AppData\Local\Android\Sdk\platform-tools;C:\fl-studio\ffmpeg\bin;C:\Program Files\Java\apache-maven-3.8.2\bin;C:\Program Files\Java\jdk1.8.0_201\bin;%USERPROFILE%\AppData\Local\Microsoft\WindowsApps;C:\2024\flutter-sdk\bin;C:\Users\user\AppData\Local\GitHubDesktop\bin;C:\Users\user\AppData\Roaming\npm;C:\Users\user\yandex-cloud\bin
USERNAME=user
OS=Windows_NT
PROCESSOR_IDENTIFIER=Intel64 Family 6 Model 142 Stepping 11, GenuineIntel



---------------  S Y S T E M  ---------------

OS:
 Windows 10 , 64 bit Build 19041 (10.0.19041.1503)
OS uptime: 0 days 7:12 hours
Hyper-V role detected

CPU: total 8 (initial active 8) (4 cores per cpu, 2 threads per core) family 6 model 142 stepping 11 microcode 0xae, cx8, cmov, fxsr, ht, mmx, 3dnowpref, sse, sse2, sse3, ssse3, sse4.1, sse4.2, popcnt, lzcnt, tsc, tscinvbit, avx, avx2, aes, erms, clmul, bmi1, bmi2, adx, fma, vzeroupper, clflush, clflushopt, hv

Memory: 4k page, system-wide physical 16173M (3124M free)
TotalPageFile size 19090M (AvailPageFile size 4M)
current process WorkingSet (physical memory assigned to process): 43M, peak: 43M
current process commit charge ("private bytes"): 346M, peak: 346M

vm_info: OpenJDK 64-Bit Server VM (17.0.1+12-39) for windows-amd64 JRE (17.0.1+12-39), built on Sep 27 2021 18:39:29 by "mach5one" with MS VC++ 16.8 (VS2019)

END.
