#
# There is insufficient memory for the Java Runtime Environment to continue.
# Native memory allocation (malloc) failed to allocate 75264 bytes for Chunk::new
# Possible reasons:
#   The system is out of physical RAM or swap space
#   The process is running with CompressedOops enabled, and the Java Heap may be blocking the growth of the native heap
# Possible solutions:
#   Reduce memory load on the system
#   Increase physical memory or swap space
#   Check if swap backing store is full
#   Decrease Java heap size (-Xmx/-Xms)
#   Decrease number of Java threads
#   Decrease Java thread stack sizes (-Xss)
#   Set larger code cache with -XX:ReservedCodeCacheSize=
#   JVM is running with Zero Based Compressed Oops mode in which the Java heap is
#     placed in the first 32GB address space. The Java Heap base address is the
#     maximum limit for the native heap growth. Please use -XX:HeapBaseMinAddress
#     to set the Java Heap base and to place the Java Heap above 32GB virtual address.
# This output file may be truncated or incomplete.
#
#  Out of Memory Error (arena.cpp:189), pid=17620, tid=10984
#
# JRE version: OpenJDK Runtime Environment (17.0.1+12) (build 17.0.1+12-39)
# Java VM: OpenJDK 64-Bit Server VM (17.0.1+12-39, mixed mode, sharing, tiered, compressed oops, compressed class ptrs, g1 gc, windows-amd64)
# No core dump will be written. Minidumps are not enabled by default on client versions of Windows
#

---------------  S U M M A R Y ------------

Command Line: -Xdebug -agentlib:jdwp=transport=dt_socket,server=n,suspend=y,address=127.0.0.1:61005 -javaagent:C:\Users\user\.gradle\caches\modules-2\files-2.1\org.jetbrains.kotlinx\kotlinx-coroutines-core-jvm\1.7.1\63a0779cf668e2a47d13fda7c3b0c4f8dc7762f4\kotlinx-coroutines-core-jvm-1.7.1.jar -Dfile.encoding=windows-1251 -Duser.country=US -Duser.language=en -Duser.variant -ea franca.java.MainFrame

Host: Intel(R) Core(TM) i7-8565U CPU @ 1.80GHz, 8 cores, 15G,  Windows 10 , 64 bit Build 19041 (10.0.19041.1503)
Time: Tue Jun 16 20:27:58 2026 Russia TZ 2 Standard Time elapsed time: 1.189228 seconds (0d 0h 0m 1s)

---------------  T H R E A D  ---------------

Current thread (0x000001e42fed95a0):  JavaThread "C2 CompilerThread0" daemon [_thread_in_native, id=10984, stack(0x0000006a81d00000,0x0000006a81e00000)]


Current CompileTask:
C2:   1189 1416   !   4       sun.font.TrueTypeFont::getTableBuffer (199 bytes)

Stack: [0x0000006a81d00000,0x0000006a81e00000]
Native frames: (J=compiled Java code, j=interpreted, Vv=VM code, C=native code)
V  [jvm.dll+0x66fa1a]
V  [jvm.dll+0x7ce5a4]
V  [jvm.dll+0x7cfd4e]
V  [jvm.dll+0x7d03b3]
V  [jvm.dll+0x242b05]
V  [jvm.dll+0xaa05b]
V  [jvm.dll+0xaa5ec]
V  [jvm.dll+0x6bdf2b]
V  [jvm.dll+0x1b9ad7]
V  [jvm.dll+0x215d49]
V  [jvm.dll+0x215011]
V  [jvm.dll+0x1a168d]
V  [jvm.dll+0x224848]
V  [jvm.dll+0x2229ac]
V  [jvm.dll+0x78435b]
V  [jvm.dll+0x77e91a]
V  [jvm.dll+0x66e845]
C  [ucrtbase.dll+0x21bb2]
C  [KERNEL32.DLL+0x17034]
C  [ntdll.dll+0x52651]


---------------  P R O C E S S  ---------------

Threads class SMR info:
_java_thread_list=0x000001e4310b11f0, length=25, elements={
0x000001e42feb7e50, 0x000001e42feb8bd0, 0x000001e42fed10a0, 0x000001e42fed4280,
0x000001e42fed4b40, 0x000001e42fed5400, 0x000001e42fed95a0, 0x000001e42feda360,
0x000001e42fedcc70, 0x000001e4308edf70, 0x000001e4309712e0, 0x000001e430973b80,
0x000001e4309774a0, 0x000001e430c320f0, 0x000001e430c53790, 0x000001e430d61c20,
0x000001e430d626c0, 0x000001e430d62b90, 0x000001e430dc7cf0, 0x000001e40d32a7a0,
0x000001e430eb9590, 0x000001e430f96360, 0x000001e430f96d00, 0x000001e430f971d0,
0x000001e430f959c0
}

Java Threads: ( => current thread )
  0x000001e42feb7e50 JavaThread "Reference Handler" daemon [_thread_blocked, id=14400, stack(0x0000006a81700000,0x0000006a81800000)]
  0x000001e42feb8bd0 JavaThread "Finalizer" daemon [_thread_blocked, id=18372, stack(0x0000006a81800000,0x0000006a81900000)]
  0x000001e42fed10a0 JavaThread "Signal Dispatcher" daemon [_thread_blocked, id=6620, stack(0x0000006a81900000,0x0000006a81a00000)]
  0x000001e42fed4280 JavaThread "Attach Listener" daemon [_thread_blocked, id=13308, stack(0x0000006a81a00000,0x0000006a81b00000)]
  0x000001e42fed4b40 JavaThread "Service Thread" daemon [_thread_blocked, id=11396, stack(0x0000006a81b00000,0x0000006a81c00000)]
  0x000001e42fed5400 JavaThread "Monitor Deflation Thread" daemon [_thread_blocked, id=9048, stack(0x0000006a81c00000,0x0000006a81d00000)]
=>0x000001e42fed95a0 JavaThread "C2 CompilerThread0" daemon [_thread_in_native, id=10984, stack(0x0000006a81d00000,0x0000006a81e00000)]
  0x000001e42feda360 JavaThread "C1 CompilerThread0" daemon [_thread_blocked, id=14416, stack(0x0000006a81e00000,0x0000006a81f00000)]
  0x000001e42fedcc70 JavaThread "Sweeper thread" daemon [_thread_blocked, id=3364, stack(0x0000006a81f00000,0x0000006a82000000)]
  0x000001e4308edf70 JavaThread "Common-Cleaner" daemon [_thread_blocked, id=17960, stack(0x0000006a82000000,0x0000006a82100000)]
  0x000001e4309712e0 JavaThread "JDWP Transport Listener: dt_socket" daemon [_thread_blocked, id=13756, stack(0x0000006a82100000,0x0000006a82200000)]
  0x000001e430973b80 JavaThread "JDWP Event Helper Thread" daemon [_thread_blocked, id=2000, stack(0x0000006a82200000,0x0000006a82300000)]
  0x000001e4309774a0 JavaThread "JDWP Command Reader" daemon [_thread_in_native, id=10832, stack(0x0000006a82300000,0x0000006a82400000)]
  0x000001e430c320f0 JavaThread "Coroutines Debugger Cleaner" daemon [_thread_blocked, id=20224, stack(0x0000006a82500000,0x0000006a82600000)]
  0x000001e430c53790 JavaThread "Notification Thread" daemon [_thread_blocked, id=14868, stack(0x0000006a82600000,0x0000006a82700000)]
  0x000001e430d61c20 JavaThread "Java2D Disposer" daemon [_thread_blocked, id=4684, stack(0x0000006a82800000,0x0000006a82900000)]
  0x000001e430d626c0 JavaThread "AWT-Shutdown" [_thread_blocked, id=10176, stack(0x0000006a82900000,0x0000006a82a00000)]
  0x000001e430d62b90 JavaThread "AWT-Windows" daemon [_thread_in_native, id=13040, stack(0x0000006a82a00000,0x0000006a82b00000)]
  0x000001e430dc7cf0 JavaThread "AWT-EventQueue-0" [_thread_blocked, id=4944, stack(0x0000006a82b00000,0x0000006a82c00000)]
  0x000001e40d32a7a0 JavaThread "DestroyJavaVM" [_thread_blocked, id=3540, stack(0x0000006a81000000,0x0000006a81100000)]
  0x000001e430eb9590 JavaThread "C2 CompilerThread1" daemon [_thread_blocked, id=9584, stack(0x0000006a82c00000,0x0000006a82d00000)]
  0x000001e430f96360 JavaThread "Image Fetcher 0" daemon [_thread_blocked, id=10996, stack(0x0000006a82d00000,0x0000006a82e00000)]
  0x000001e430f96d00 JavaThread "server-timer" daemon [_thread_blocked, id=16896, stack(0x0000006a82e00000,0x0000006a82f00000)]
  0x000001e430f971d0 JavaThread "HTTP-Dispatcher" [_thread_in_native, id=14300, stack(0x0000006a82f00000,0x0000006a83000000)]
  0x000001e430f959c0 JavaThread "TimerQueue" daemon [_thread_blocked, id=17648, stack(0x0000006a82400000,0x0000006a82500000)]

Other Threads:
  0x000001e42fead320 VMThread "VM Thread" [stack: 0x0000006a81600000,0x0000006a81700000] [id=17396]
  0x000001e430c54060 WatcherThread [stack: 0x0000006a82700000,0x0000006a82800000] [id=17112]
  0x000001e40d37c0d0 GCTaskThread "GC Thread#0" [stack: 0x0000006a81100000,0x0000006a81200000] [id=7204]
  0x000001e431279110 GCTaskThread "GC Thread#1" [stack: 0x0000006a83300000,0x0000006a83400000] [id=9752]
  0x000001e4312793c0 GCTaskThread "GC Thread#2" [stack: 0x0000006a83400000,0x0000006a83500000] [id=12588]
  0x000001e431279670 GCTaskThread "GC Thread#3" [stack: 0x0000006a83500000,0x0000006a83600000] [id=6452]
  0x000001e43127c140 GCTaskThread "GC Thread#4" [stack: 0x0000006a83600000,0x0000006a83700000] [id=13244]
  0x000001e43127c3f0 GCTaskThread "GC Thread#5" [stack: 0x0000006a83700000,0x0000006a83800000] [id=11868]
  0x000001e43127c6a0 GCTaskThread "GC Thread#6" [stack: 0x0000006a83800000,0x0000006a83900000] [id=6860]
  0x000001e43127c950 GCTaskThread "GC Thread#7" [stack: 0x0000006a83900000,0x0000006a83a00000] [id=12788]
  0x000001e40d38ccd0 ConcurrentGCThread "G1 Main Marker" [stack: 0x0000006a81200000,0x0000006a81300000] [id=4188]
  0x000001e40d38fea0 ConcurrentGCThread "G1 Conc#0" [stack: 0x0000006a81300000,0x0000006a81400000] [id=17456]
  0x000001e40d3fe450 ConcurrentGCThread "G1 Refine#0" [stack: 0x0000006a81400000,0x0000006a81500000] [id=19864]
  0x000001e42fd6f130 ConcurrentGCThread "G1 Service" [stack: 0x0000006a81500000,0x0000006a81600000] [id=20044]

Threads with active compile tasks:
C2 CompilerThread0     1220 1416   !   4       sun.font.TrueTypeFont::getTableBuffer (199 bytes)

VM state: not at safepoint (normal execution)

VM Mutex/Monitor currently owned by a thread: None

Heap address: 0x0000000703400000, size: 4044 MB, Compressed Oops mode: Zero based, Oop shift amount: 3

CDS archive(s) mapped at: [0x0000000800000000-0x0000000800bc0000-0x0000000800bc0000), size 12320768, SharedBaseAddress: 0x0000000800000000, ArchiveRelocationMode: 0.
Compressed class space mapped at: 0x0000000800c00000-0x0000000840c00000, reserved size: 1073741824
Narrow klass base: 0x0000000800000000, Narrow klass shift: 0, Narrow klass range: 0x100000000

GC Precious Log:
 CPUs: 8 total, 8 available
 Memory: 16173M
 Large Page Support: Disabled
 NUMA Support: Disabled
 Compressed Oops: Enabled (Zero based)
 Heap Region Size: 2M
 Heap Min Capacity: 8M
 Heap Initial Capacity: 254M
 Heap Max Capacity: 4044M
 Pre-touch: Disabled
 Parallel Workers: 8
 Concurrent Workers: 2
 Concurrent Refinement Workers: 8
 Periodic GC: Disabled

Heap:
 garbage-first heap   total 260096K, used 13178K [0x0000000703400000, 0x0000000800000000)
  region size 2048K, 5 young (10240K), 2 survivors (4096K)
 Metaspace       used 11880K, committed 12096K, reserved 1064960K
  class space    used 1370K, committed 1472K, reserved 1048576K

Heap Regions: E=young(eden), S=young(survivor), O=old, HS=humongous(starts), HC=humongous(continues), CS=collection set, F=free, OA=open archive, CA=closed archive, TAMS=top-at-mark-start (previous, next)
|   0|0x0000000703400000, 0x00000007034de800, 0x0000000703600000| 43%| O|  |TAMS 0x0000000703400000, 0x0000000703400000| Untracked 
|   1|0x0000000703600000, 0x0000000703800000, 0x0000000703800000|100%|HS|  |TAMS 0x0000000703600000, 0x0000000703600000| Complete 
|   2|0x0000000703800000, 0x0000000703a00000, 0x0000000703a00000|100%|HC|  |TAMS 0x0000000703800000, 0x0000000703800000| Complete 
|   3|0x0000000703a00000, 0x0000000703a00000, 0x0000000703c00000|  0%| F|  |TAMS 0x0000000703a00000, 0x0000000703a00000| Untracked 
|   4|0x0000000703c00000, 0x0000000703c00000, 0x0000000703e00000|  0%| F|  |TAMS 0x0000000703c00000, 0x0000000703c00000| Untracked 
|   5|0x0000000703e00000, 0x0000000703e00000, 0x0000000704000000|  0%| F|  |TAMS 0x0000000703e00000, 0x0000000703e00000| Untracked 
|   6|0x0000000704000000, 0x0000000704000000, 0x0000000704200000|  0%| F|  |TAMS 0x0000000704000000, 0x0000000704000000| Untracked 
|   7|0x0000000704200000, 0x0000000704200000, 0x0000000704400000|  0%| F|  |TAMS 0x0000000704200000, 0x0000000704200000| Untracked 
|   8|0x0000000704400000, 0x0000000704400000, 0x0000000704600000|  0%| F|  |TAMS 0x0000000704400000, 0x0000000704400000| Untracked 
|   9|0x0000000704600000, 0x0000000704600000, 0x0000000704800000|  0%| F|  |TAMS 0x0000000704600000, 0x0000000704600000| Untracked 
|  10|0x0000000704800000, 0x0000000704800000, 0x0000000704a00000|  0%| F|  |TAMS 0x0000000704800000, 0x0000000704800000| Untracked 
|  11|0x0000000704a00000, 0x0000000704a00000, 0x0000000704c00000|  0%| F|  |TAMS 0x0000000704a00000, 0x0000000704a00000| Untracked 
|  12|0x0000000704c00000, 0x0000000704c00000, 0x0000000704e00000|  0%| F|  |TAMS 0x0000000704c00000, 0x0000000704c00000| Untracked 
|  13|0x0000000704e00000, 0x0000000704e00000, 0x0000000705000000|  0%| F|  |TAMS 0x0000000704e00000, 0x0000000704e00000| Untracked 
|  14|0x0000000705000000, 0x0000000705000000, 0x0000000705200000|  0%| F|  |TAMS 0x0000000705000000, 0x0000000705000000| Untracked 
|  15|0x0000000705200000, 0x0000000705200000, 0x0000000705400000|  0%| F|  |TAMS 0x0000000705200000, 0x0000000705200000| Untracked 
|  16|0x0000000705400000, 0x0000000705400000, 0x0000000705600000|  0%| F|  |TAMS 0x0000000705400000, 0x0000000705400000| Untracked 
|  17|0x0000000705600000, 0x0000000705600000, 0x0000000705800000|  0%| F|  |TAMS 0x0000000705600000, 0x0000000705600000| Untracked 
|  18|0x0000000705800000, 0x0000000705800000, 0x0000000705a00000|  0%| F|  |TAMS 0x0000000705800000, 0x0000000705800000| Untracked 
|  19|0x0000000705a00000, 0x0000000705a00000, 0x0000000705c00000|  0%| F|  |TAMS 0x0000000705a00000, 0x0000000705a00000| Untracked 
|  20|0x0000000705c00000, 0x0000000705c00000, 0x0000000705e00000|  0%| F|  |TAMS 0x0000000705c00000, 0x0000000705c00000| Untracked 
|  21|0x0000000705e00000, 0x0000000705e00000, 0x0000000706000000|  0%| F|  |TAMS 0x0000000705e00000, 0x0000000705e00000| Untracked 
|  22|0x0000000706000000, 0x0000000706000000, 0x0000000706200000|  0%| F|  |TAMS 0x0000000706000000, 0x0000000706000000| Untracked 
|  23|0x0000000706200000, 0x0000000706200000, 0x0000000706400000|  0%| F|  |TAMS 0x0000000706200000, 0x0000000706200000| Untracked 
|  24|0x0000000706400000, 0x0000000706400000, 0x0000000706600000|  0%| F|  |TAMS 0x0000000706400000, 0x0000000706400000| Untracked 
|  25|0x0000000706600000, 0x0000000706600000, 0x0000000706800000|  0%| F|  |TAMS 0x0000000706600000, 0x0000000706600000| Untracked 
|  26|0x0000000706800000, 0x0000000706800000, 0x0000000706a00000|  0%| F|  |TAMS 0x0000000706800000, 0x0000000706800000| Untracked 
|  27|0x0000000706a00000, 0x0000000706a00000, 0x0000000706c00000|  0%| F|  |TAMS 0x0000000706a00000, 0x0000000706a00000| Untracked 
|  28|0x0000000706c00000, 0x0000000706c00000, 0x0000000706e00000|  0%| F|  |TAMS 0x0000000706c00000, 0x0000000706c00000| Untracked 
|  29|0x0000000706e00000, 0x0000000706e00000, 0x0000000707000000|  0%| F|  |TAMS 0x0000000706e00000, 0x0000000706e00000| Untracked 
|  30|0x0000000707000000, 0x0000000707000000, 0x0000000707200000|  0%| F|  |TAMS 0x0000000707000000, 0x0000000707000000| Untracked 
|  31|0x0000000707200000, 0x0000000707200000, 0x0000000707400000|  0%| F|  |TAMS 0x0000000707200000, 0x0000000707200000| Untracked 
|  32|0x0000000707400000, 0x0000000707400000, 0x0000000707600000|  0%| F|  |TAMS 0x0000000707400000, 0x0000000707400000| Untracked 
|  33|0x0000000707600000, 0x0000000707600000, 0x0000000707800000|  0%| F|  |TAMS 0x0000000707600000, 0x0000000707600000| Untracked 
|  34|0x0000000707800000, 0x0000000707800000, 0x0000000707a00000|  0%| F|  |TAMS 0x0000000707800000, 0x0000000707800000| Untracked 
|  35|0x0000000707a00000, 0x0000000707a00000, 0x0000000707c00000|  0%| F|  |TAMS 0x0000000707a00000, 0x0000000707a00000| Untracked 
|  36|0x0000000707c00000, 0x0000000707c00000, 0x0000000707e00000|  0%| F|  |TAMS 0x0000000707c00000, 0x0000000707c00000| Untracked 
|  37|0x0000000707e00000, 0x0000000707e00000, 0x0000000708000000|  0%| F|  |TAMS 0x0000000707e00000, 0x0000000707e00000| Untracked 
|  38|0x0000000708000000, 0x0000000708000000, 0x0000000708200000|  0%| F|  |TAMS 0x0000000708000000, 0x0000000708000000| Untracked 
|  39|0x0000000708200000, 0x0000000708200000, 0x0000000708400000|  0%| F|  |TAMS 0x0000000708200000, 0x0000000708200000| Untracked 
|  40|0x0000000708400000, 0x0000000708400000, 0x0000000708600000|  0%| F|  |TAMS 0x0000000708400000, 0x0000000708400000| Untracked 
|  41|0x0000000708600000, 0x0000000708600000, 0x0000000708800000|  0%| F|  |TAMS 0x0000000708600000, 0x0000000708600000| Untracked 
|  42|0x0000000708800000, 0x0000000708800000, 0x0000000708a00000|  0%| F|  |TAMS 0x0000000708800000, 0x0000000708800000| Untracked 
|  43|0x0000000708a00000, 0x0000000708a00000, 0x0000000708c00000|  0%| F|  |TAMS 0x0000000708a00000, 0x0000000708a00000| Untracked 
|  44|0x0000000708c00000, 0x0000000708c00000, 0x0000000708e00000|  0%| F|  |TAMS 0x0000000708c00000, 0x0000000708c00000| Untracked 
|  45|0x0000000708e00000, 0x0000000708e00000, 0x0000000709000000|  0%| F|  |TAMS 0x0000000708e00000, 0x0000000708e00000| Untracked 
|  46|0x0000000709000000, 0x0000000709000000, 0x0000000709200000|  0%| F|  |TAMS 0x0000000709000000, 0x0000000709000000| Untracked 
|  47|0x0000000709200000, 0x0000000709200000, 0x0000000709400000|  0%| F|  |TAMS 0x0000000709200000, 0x0000000709200000| Untracked 
|  48|0x0000000709400000, 0x0000000709400000, 0x0000000709600000|  0%| F|  |TAMS 0x0000000709400000, 0x0000000709400000| Untracked 
|  49|0x0000000709600000, 0x0000000709600000, 0x0000000709800000|  0%| F|  |TAMS 0x0000000709600000, 0x0000000709600000| Untracked 
|  50|0x0000000709800000, 0x0000000709800000, 0x0000000709a00000|  0%| F|  |TAMS 0x0000000709800000, 0x0000000709800000| Untracked 
|  51|0x0000000709a00000, 0x0000000709a00000, 0x0000000709c00000|  0%| F|  |TAMS 0x0000000709a00000, 0x0000000709a00000| Untracked 
|  52|0x0000000709c00000, 0x0000000709c00000, 0x0000000709e00000|  0%| F|  |TAMS 0x0000000709c00000, 0x0000000709c00000| Untracked 
|  53|0x0000000709e00000, 0x0000000709e00000, 0x000000070a000000|  0%| F|  |TAMS 0x0000000709e00000, 0x0000000709e00000| Untracked 
|  54|0x000000070a000000, 0x000000070a000000, 0x000000070a200000|  0%| F|  |TAMS 0x000000070a000000, 0x000000070a000000| Untracked 
|  55|0x000000070a200000, 0x000000070a200000, 0x000000070a400000|  0%| F|  |TAMS 0x000000070a200000, 0x000000070a200000| Untracked 
|  56|0x000000070a400000, 0x000000070a400000, 0x000000070a600000|  0%| F|  |TAMS 0x000000070a400000, 0x000000070a400000| Untracked 
|  57|0x000000070a600000, 0x000000070a600000, 0x000000070a800000|  0%| F|  |TAMS 0x000000070a600000, 0x000000070a600000| Untracked 
|  58|0x000000070a800000, 0x000000070a800000, 0x000000070aa00000|  0%| F|  |TAMS 0x000000070a800000, 0x000000070a800000| Untracked 
|  59|0x000000070aa00000, 0x000000070aa00000, 0x000000070ac00000|  0%| F|  |TAMS 0x000000070aa00000, 0x000000070aa00000| Untracked 
|  60|0x000000070ac00000, 0x000000070ac00000, 0x000000070ae00000|  0%| F|  |TAMS 0x000000070ac00000, 0x000000070ac00000| Untracked 
|  61|0x000000070ae00000, 0x000000070ae00000, 0x000000070b000000|  0%| F|  |TAMS 0x000000070ae00000, 0x000000070ae00000| Untracked 
|  62|0x000000070b000000, 0x000000070b000000, 0x000000070b200000|  0%| F|  |TAMS 0x000000070b000000, 0x000000070b000000| Untracked 
|  63|0x000000070b200000, 0x000000070b200000, 0x000000070b400000|  0%| F|  |TAMS 0x000000070b200000, 0x000000070b200000| Untracked 
|  64|0x000000070b400000, 0x000000070b400000, 0x000000070b600000|  0%| F|  |TAMS 0x000000070b400000, 0x000000070b400000| Untracked 
|  65|0x000000070b600000, 0x000000070b600000, 0x000000070b800000|  0%| F|  |TAMS 0x000000070b600000, 0x000000070b600000| Untracked 
|  66|0x000000070b800000, 0x000000070b800000, 0x000000070ba00000|  0%| F|  |TAMS 0x000000070b800000, 0x000000070b800000| Untracked 
|  67|0x000000070ba00000, 0x000000070ba00000, 0x000000070bc00000|  0%| F|  |TAMS 0x000000070ba00000, 0x000000070ba00000| Untracked 
|  68|0x000000070bc00000, 0x000000070bc00000, 0x000000070be00000|  0%| F|  |TAMS 0x000000070bc00000, 0x000000070bc00000| Untracked 
|  69|0x000000070be00000, 0x000000070be00000, 0x000000070c000000|  0%| F|  |TAMS 0x000000070be00000, 0x000000070be00000| Untracked 
|  70|0x000000070c000000, 0x000000070c000000, 0x000000070c200000|  0%| F|  |TAMS 0x000000070c000000, 0x000000070c000000| Untracked 
|  71|0x000000070c200000, 0x000000070c200000, 0x000000070c400000|  0%| F|  |TAMS 0x000000070c200000, 0x000000070c200000| Untracked 
|  72|0x000000070c400000, 0x000000070c400000, 0x000000070c600000|  0%| F|  |TAMS 0x000000070c400000, 0x000000070c400000| Untracked 
|  73|0x000000070c600000, 0x000000070c600000, 0x000000070c800000|  0%| F|  |TAMS 0x000000070c600000, 0x000000070c600000| Untracked 
|  74|0x000000070c800000, 0x000000070c800000, 0x000000070ca00000|  0%| F|  |TAMS 0x000000070c800000, 0x000000070c800000| Untracked 
|  75|0x000000070ca00000, 0x000000070ca00000, 0x000000070cc00000|  0%| F|  |TAMS 0x000000070ca00000, 0x000000070ca00000| Untracked 
|  76|0x000000070cc00000, 0x000000070cc00000, 0x000000070ce00000|  0%| F|  |TAMS 0x000000070cc00000, 0x000000070cc00000| Untracked 
|  77|0x000000070ce00000, 0x000000070ce00000, 0x000000070d000000|  0%| F|  |TAMS 0x000000070ce00000, 0x000000070ce00000| Untracked 
|  78|0x000000070d000000, 0x000000070d000000, 0x000000070d200000|  0%| F|  |TAMS 0x000000070d000000, 0x000000070d000000| Untracked 
|  79|0x000000070d200000, 0x000000070d200000, 0x000000070d400000|  0%| F|  |TAMS 0x000000070d200000, 0x000000070d200000| Untracked 
|  80|0x000000070d400000, 0x000000070d400000, 0x000000070d600000|  0%| F|  |TAMS 0x000000070d400000, 0x000000070d400000| Untracked 
|  81|0x000000070d600000, 0x000000070d600000, 0x000000070d800000|  0%| F|  |TAMS 0x000000070d600000, 0x000000070d600000| Untracked 
|  82|0x000000070d800000, 0x000000070d800000, 0x000000070da00000|  0%| F|  |TAMS 0x000000070d800000, 0x000000070d800000| Untracked 
|  83|0x000000070da00000, 0x000000070da00000, 0x000000070dc00000|  0%| F|  |TAMS 0x000000070da00000, 0x000000070da00000| Untracked 
|  84|0x000000070dc00000, 0x000000070dc00000, 0x000000070de00000|  0%| F|  |TAMS 0x000000070dc00000, 0x000000070dc00000| Untracked 
|  85|0x000000070de00000, 0x000000070de00000, 0x000000070e000000|  0%| F|  |TAMS 0x000000070de00000, 0x000000070de00000| Untracked 
|  86|0x000000070e000000, 0x000000070e000000, 0x000000070e200000|  0%| F|  |TAMS 0x000000070e000000, 0x000000070e000000| Untracked 
|  87|0x000000070e200000, 0x000000070e200000, 0x000000070e400000|  0%| F|  |TAMS 0x000000070e200000, 0x000000070e200000| Untracked 
|  88|0x000000070e400000, 0x000000070e400000, 0x000000070e600000|  0%| F|  |TAMS 0x000000070e400000, 0x000000070e400000| Untracked 
|  89|0x000000070e600000, 0x000000070e600000, 0x000000070e800000|  0%| F|  |TAMS 0x000000070e600000, 0x000000070e600000| Untracked 
|  90|0x000000070e800000, 0x000000070e800000, 0x000000070ea00000|  0%| F|  |TAMS 0x000000070e800000, 0x000000070e800000| Untracked 
|  91|0x000000070ea00000, 0x000000070ea00000, 0x000000070ec00000|  0%| F|  |TAMS 0x000000070ea00000, 0x000000070ea00000| Untracked 
|  92|0x000000070ec00000, 0x000000070ec00000, 0x000000070ee00000|  0%| F|  |TAMS 0x000000070ec00000, 0x000000070ec00000| Untracked 
|  93|0x000000070ee00000, 0x000000070ee00000, 0x000000070f000000|  0%| F|  |TAMS 0x000000070ee00000, 0x000000070ee00000| Untracked 
|  94|0x000000070f000000, 0x000000070f000000, 0x000000070f200000|  0%| F|  |TAMS 0x000000070f000000, 0x000000070f000000| Untracked 
|  95|0x000000070f200000, 0x000000070f200000, 0x000000070f400000|  0%| F|  |TAMS 0x000000070f200000, 0x000000070f200000| Untracked 
|  96|0x000000070f400000, 0x000000070f400000, 0x000000070f600000|  0%| F|  |TAMS 0x000000070f400000, 0x000000070f400000| Untracked 
|  97|0x000000070f600000, 0x000000070f600000, 0x000000070f800000|  0%| F|  |TAMS 0x000000070f600000, 0x000000070f600000| Untracked 
|  98|0x000000070f800000, 0x000000070f800000, 0x000000070fa00000|  0%| F|  |TAMS 0x000000070f800000, 0x000000070f800000| Untracked 
|  99|0x000000070fa00000, 0x000000070fa00000, 0x000000070fc00000|  0%| F|  |TAMS 0x000000070fa00000, 0x000000070fa00000| Untracked 
| 100|0x000000070fc00000, 0x000000070fc00000, 0x000000070fe00000|  0%| F|  |TAMS 0x000000070fc00000, 0x000000070fc00000| Untracked 
| 101|0x000000070fe00000, 0x000000070fe00000, 0x0000000710000000|  0%| F|  |TAMS 0x000000070fe00000, 0x000000070fe00000| Untracked 
| 102|0x0000000710000000, 0x0000000710000000, 0x0000000710200000|  0%| F|  |TAMS 0x0000000710000000, 0x0000000710000000| Untracked 
| 103|0x0000000710200000, 0x0000000710200000, 0x0000000710400000|  0%| F|  |TAMS 0x0000000710200000, 0x0000000710200000| Untracked 
| 104|0x0000000710400000, 0x0000000710400000, 0x0000000710600000|  0%| F|  |TAMS 0x0000000710400000, 0x0000000710400000| Untracked 
| 105|0x0000000710600000, 0x0000000710600000, 0x0000000710800000|  0%| F|  |TAMS 0x0000000710600000, 0x0000000710600000| Untracked 
| 106|0x0000000710800000, 0x0000000710800000, 0x0000000710a00000|  0%| F|  |TAMS 0x0000000710800000, 0x0000000710800000| Untracked 
| 107|0x0000000710a00000, 0x0000000710a00000, 0x0000000710c00000|  0%| F|  |TAMS 0x0000000710a00000, 0x0000000710a00000| Untracked 
| 108|0x0000000710c00000, 0x0000000710c00000, 0x0000000710e00000|  0%| F|  |TAMS 0x0000000710c00000, 0x0000000710c00000| Untracked 
| 109|0x0000000710e00000, 0x0000000710e00000, 0x0000000711000000|  0%| F|  |TAMS 0x0000000710e00000, 0x0000000710e00000| Untracked 
| 110|0x0000000711000000, 0x0000000711000000, 0x0000000711200000|  0%| F|  |TAMS 0x0000000711000000, 0x0000000711000000| Untracked 
| 111|0x0000000711200000, 0x0000000711200000, 0x0000000711400000|  0%| F|  |TAMS 0x0000000711200000, 0x0000000711200000| Untracked 
| 112|0x0000000711400000, 0x0000000711400000, 0x0000000711600000|  0%| F|  |TAMS 0x0000000711400000, 0x0000000711400000| Untracked 
| 113|0x0000000711600000, 0x0000000711600000, 0x0000000711800000|  0%| F|  |TAMS 0x0000000711600000, 0x0000000711600000| Untracked 
| 114|0x0000000711800000, 0x0000000711a00000, 0x0000000711a00000|100%| S|CS|TAMS 0x0000000711800000, 0x0000000711800000| Complete 
| 115|0x0000000711a00000, 0x0000000711c00000, 0x0000000711c00000|100%| S|CS|TAMS 0x0000000711a00000, 0x0000000711a00000| Complete 
| 116|0x0000000711c00000, 0x0000000711c00000, 0x0000000711e00000|  0%| F|  |TAMS 0x0000000711c00000, 0x0000000711c00000| Untracked 
| 117|0x0000000711e00000, 0x0000000711e00000, 0x0000000712000000|  0%| F|  |TAMS 0x0000000711e00000, 0x0000000711e00000| Untracked 
| 118|0x0000000712000000, 0x0000000712000000, 0x0000000712200000|  0%| F|  |TAMS 0x0000000712000000, 0x0000000712000000| Untracked 
| 119|0x0000000712200000, 0x0000000712200000, 0x0000000712400000|  0%| F|  |TAMS 0x0000000712200000, 0x0000000712200000| Untracked 
| 120|0x0000000712400000, 0x0000000712400000, 0x0000000712600000|  0%| F|  |TAMS 0x0000000712400000, 0x0000000712400000| Untracked 
| 121|0x0000000712600000, 0x0000000712600000, 0x0000000712800000|  0%| F|  |TAMS 0x0000000712600000, 0x0000000712600000| Untracked 
| 122|0x0000000712800000, 0x0000000712800000, 0x0000000712a00000|  0%| F|  |TAMS 0x0000000712800000, 0x0000000712800000| Untracked 
| 123|0x0000000712a00000, 0x0000000712a00000, 0x0000000712c00000|  0%| F|  |TAMS 0x0000000712a00000, 0x0000000712a00000| Untracked 
| 124|0x0000000712c00000, 0x0000000712dd42f0, 0x0000000712e00000| 91%| E|  |TAMS 0x0000000712c00000, 0x0000000712c00000| Complete 
| 125|0x0000000712e00000, 0x0000000713000000, 0x0000000713000000|100%| E|CS|TAMS 0x0000000712e00000, 0x0000000712e00000| Complete 
| 126|0x0000000713000000, 0x0000000713200000, 0x0000000713200000|100%| E|CS|TAMS 0x0000000713000000, 0x0000000713000000| Complete 

Card table byte_map: [0x000001e424640000,0x000001e424e30000] _byte_map_base: 0x000001e420e26000

Marking Bits (Prev, Next): (CMBitMap*) 0x000001e40d37c6e0, (CMBitMap*) 0x000001e40d37c720
 Prev Bits: [0x000001e425620000, 0x000001e429550000)
 Next Bits: [0x000001e429550000, 0x000001e42d480000)

Polling page: 0x000001e40b200000

Metaspace:

Usage:
  Non-class:     10.26 MB used.
      Class:      1.34 MB used.
       Both:     11.60 MB used.

Virtual space:
  Non-class space:       16.00 MB reserved,      10.38 MB ( 65%) committed,  2 nodes.
      Class space:        1.00 GB reserved,       1.44 MB ( <1%) committed,  1 nodes.
             Both:        1.02 GB reserved,      11.81 MB (  1%) committed. 

Chunk freelists:
   Non-Class:  1.00 MB
       Class:  2.59 MB
        Both:  3.60 MB

MaxMetaspaceSize: unlimited
CompressedClassSpaceSize: 1.00 GB
Initial GC threshold: 21.00 MB
Current GC threshold: 21.00 MB
CDS: on
MetaspaceReclaimPolicy: balanced
 - commit_granule_bytes: 65536.
 - commit_granule_words: 8192.
 - virtual_space_node_default_size: 1048576.
 - enlarge_chunks_in_place: 1.
 - new_chunks_are_fully_committed: 0.
 - uncommit_free_chunks: 1.
 - use_allocation_guard: 0.
 - handle_deallocations: 1.


Internal statistics:

num_allocs_failed_limit: 0.
num_arena_births: 130.
num_arena_deaths: 0.
num_vsnodes_births: 3.
num_vsnodes_deaths: 0.
num_space_committed: 189.
num_space_uncommitted: 0.
num_chunks_returned_to_freelist: 0.
num_chunks_taken_from_freelist: 208.
num_chunk_merges: 0.
num_chunk_splits: 118.
num_chunks_enlarged: 66.
num_purges: 0.
num_inconsistent_stats: 0.

CodeHeap 'non-profiled nmethods': size=120000Kb used=472Kb max_used=472Kb free=119528Kb
 bounds [0x000001e41c5f0000, 0x000001e41c860000, 0x000001e423b20000]
CodeHeap 'profiled nmethods': size=120000Kb used=2496Kb max_used=2496Kb free=117503Kb
 bounds [0x000001e4150c0000, 0x000001e415340000, 0x000001e41c5f0000]
CodeHeap 'non-nmethods': size=5760Kb used=1364Kb max_used=1389Kb free=4395Kb
 bounds [0x000001e414b20000, 0x000001e414d90000, 0x000001e4150c0000]
 total_blobs=2127 nmethods=1497 adapters=543
 compilation: enabled
              stopped_count=0, restarted_count=0
 full_count=0

Compilation events (20 events):
Event: 1.136 Thread 0x000001e42feda360 1489       3       java.awt.Font::equals (131 bytes)
Event: 1.136 Thread 0x000001e42feda360 nmethod 1489 0x000001e41532c510 code [0x000001e41532c740, 0x000001e41532cee8]
Event: 1.136 Thread 0x000001e42feda360 1491  s    3       sun.awt.SunToolkit::getSunAwtDisableMixing (32 bytes)
Event: 1.137 Thread 0x000001e42feda360 nmethod 1491 0x000001e41532d090 code [0x000001e41532d2e0, 0x000001e41532dd08]
Event: 1.137 Thread 0x000001e42feda360 1492       1       java.util.concurrent.locks.AbstractQueuedSynchronizer::getState (5 bytes)
Event: 1.137 Thread 0x000001e42feda360 nmethod 1492 0x000001e41c665610 code [0x000001e41c6657a0, 0x000001e41c665878]
Event: 1.137 Thread 0x000001e42feda360 1493       1       java.util.concurrent.locks.AbstractQueuedSynchronizer::setState (6 bytes)
Event: 1.137 Thread 0x000001e42feda360 nmethod 1493 0x000001e41c665910 code [0x000001e41c665aa0, 0x000001e41c665b78]
Event: 1.137 Thread 0x000001e42feda360 1490       3       javax.swing.JComponent::getFontMetrics (6 bytes)
Event: 1.138 Thread 0x000001e42feda360 nmethod 1490 0x000001e41532e090 code [0x000001e41532e240, 0x000001e41532e458]
Event: 1.138 Thread 0x000001e42feda360 1494       3       jdk.internal.loader.NativeLibraries$NativeLibraryImpl::find (6 bytes)
Event: 1.138 Thread 0x000001e42feda360 nmethod 1494 0x000001e41532e590 code [0x000001e41532e720, 0x000001e41532e868]
Event: 1.145 Thread 0x000001e42feda360 1496       3       sun.util.locale.LocaleUtils::isEmpty (19 bytes)
Event: 1.146 Thread 0x000001e42feda360 nmethod 1496 0x000001e41532e910 code [0x000001e41532eac0, 0x000001e41532ed08]
Event: 1.146 Thread 0x000001e42feda360 1498       3       sun.util.locale.LocaleObjectCache::cleanStaleEntries (34 bytes)
Event: 1.147 Thread 0x000001e42feda360 nmethod 1498 0x000001e41532ee10 code [0x000001e41532f000, 0x000001e41532f638]
Event: 1.147 Thread 0x000001e42feda360 1497       3       sun.util.locale.LocaleUtils::isEmpty (19 bytes)
Event: 1.148 Thread 0x000001e42feda360 nmethod 1497 0x000001e41532f890 code [0x000001e41532fa40, 0x000001e41532fc88]
Event: 1.151 Thread 0x000001e42feda360 1499       3       javax.swing.JComponent::getHeight (5 bytes)
Event: 1.151 Thread 0x000001e42feda360 nmethod 1499 0x000001e41532fd90 code [0x000001e41532ff20, 0x000001e415330038]

GC Heap History (2 events):
Event: 0.900 GC heap before
{Heap before GC invocations=0 (full 0):
 garbage-first heap   total 260096K, used 22528K [0x0000000703400000, 0x0000000800000000)
  region size 2048K, 11 young (22528K), 0 survivors (0K)
 Metaspace       used 11225K, committed 11456K, reserved 1064960K
  class space    used 1312K, committed 1408K, reserved 1048576K
}
Event: 0.907 GC heap after
{Heap after GC invocations=1 (full 0):
 garbage-first heap   total 260096K, used 4986K [0x0000000703400000, 0x0000000800000000)
  region size 2048K, 2 young (4096K), 2 survivors (4096K)
 Metaspace       used 11225K, committed 11456K, reserved 1064960K
  class space    used 1312K, committed 1408K, reserved 1048576K
}

Deoptimization events (20 events):
Event: 1.005 Thread 0x000001e430dc7cf0 DEOPT PACKING pc=0x000001e4152ea6ec sp=0x0000006a82bfda40
Event: 1.005 Thread 0x000001e430dc7cf0 DEOPT UNPACKING pc=0x000001e414b72b43 sp=0x0000006a82bfce90 mode 1
Event: 1.005 Thread 0x000001e430dc7cf0 DEOPT PACKING pc=0x000001e4152eb5a4 sp=0x0000006a82bfdac0
Event: 1.005 Thread 0x000001e430dc7cf0 DEOPT UNPACKING pc=0x000001e414b72b43 sp=0x0000006a82bfd028 mode 1
Event: 1.005 Thread 0x000001e430dc7cf0 DEOPT PACKING pc=0x000001e41530628c sp=0x0000006a82bfdbf0
Event: 1.005 Thread 0x000001e430dc7cf0 DEOPT UNPACKING pc=0x000001e414b72b43 sp=0x0000006a82bfd0a8 mode 1
Event: 1.005 Thread 0x000001e430dc7cf0 DEOPT PACKING pc=0x000001e4153059cc sp=0x0000006a82bfdce0
Event: 1.005 Thread 0x000001e430dc7cf0 DEOPT UNPACKING pc=0x000001e414b72b43 sp=0x0000006a82bfd1b8 mode 1
Event: 1.013 Thread 0x000001e430dc7cf0 DEOPT PACKING pc=0x000001e4152e90e4 sp=0x0000006a82bfd8b0
Event: 1.013 Thread 0x000001e430dc7cf0 DEOPT UNPACKING pc=0x000001e414b72b43 sp=0x0000006a82bfcd30 mode 1
Event: 1.013 Thread 0x000001e430dc7cf0 DEOPT PACKING pc=0x000001e41530baac sp=0x0000006a82bfd970
Event: 1.013 Thread 0x000001e430dc7cf0 DEOPT UNPACKING pc=0x000001e414b72b43 sp=0x0000006a82bfcd58 mode 1
Event: 1.013 Thread 0x000001e430dc7cf0 DEOPT PACKING pc=0x000001e4152ea6ec sp=0x0000006a82bfda40
Event: 1.013 Thread 0x000001e430dc7cf0 DEOPT UNPACKING pc=0x000001e414b72b43 sp=0x0000006a82bfce90 mode 1
Event: 1.013 Thread 0x000001e430dc7cf0 DEOPT PACKING pc=0x000001e4152eb5a4 sp=0x0000006a82bfdac0
Event: 1.013 Thread 0x000001e430dc7cf0 DEOPT UNPACKING pc=0x000001e414b72b43 sp=0x0000006a82bfd028 mode 1
Event: 1.013 Thread 0x000001e430dc7cf0 DEOPT PACKING pc=0x000001e41530628c sp=0x0000006a82bfdbf0
Event: 1.013 Thread 0x000001e430dc7cf0 DEOPT UNPACKING pc=0x000001e414b72b43 sp=0x0000006a82bfd0a8 mode 1
Event: 1.013 Thread 0x000001e430dc7cf0 DEOPT PACKING pc=0x000001e4153059cc sp=0x0000006a82bfdce0
Event: 1.013 Thread 0x000001e430dc7cf0 DEOPT UNPACKING pc=0x000001e414b72b43 sp=0x0000006a82bfd1b8 mode 1

Classes unloaded (0 events):
No events

Classes redefined (0 events):
No events

Internal exceptions (20 events):
Event: 0.452 Thread 0x000001e430dc7cf0 Exception <a 'java/lang/ClassNotFoundException'{0x0000000712773258}: com/sun/swing/internal/plaf/basic/resources/spi/basicProvider> (0x0000000712773258) 
thrown [t:\workspace\open\src\hotspot\share\classfile\systemDictionary.cpp, line 256]
Event: 0.458 Thread 0x000001e430dc7cf0 Implicit null exception at 0x000001e41c623ee0 to 0x000001e41c623f7a
Event: 0.477 Thread 0x000001e430dc7cf0 Exception <a 'java/lang/NoSuchMethodError'{0x0000000712434c50}: 'void java.lang.invoke.DirectMethodHandle$Holder.invokeStatic(java.lang.Object, java.lang.Object)'> (0x0000000712434c50) 
thrown [t:\workspace\open\src\hotspot\share\interpreter\linkResolver.cpp, line 766]
Event: 0.510 Thread 0x000001e430e81010 Exception <a 'java/lang/NoSuchMethodError'{0x00000007125ba8e0}: 'java.lang.Object java.lang.invoke.DirectMethodHandle$Holder.invokeStaticInit(java.lang.Object, int, int, int, int)'> (0x00000007125ba8e0) 
thrown [t:\workspace\open\src\hotspot\share\interpreter\linkResolver.cpp, line 766]
Event: 0.616 Thread 0x000001e430f96360 Exception <a 'java/lang/NoSuchMethodError'{0x0000000712081e30}: 'java.lang.Object java.lang.invoke.DirectMethodHandle$Holder.newInvokeSpecial(java.lang.Object, java.lang.Object, java.lang.Object, int, int, int, int, int)'> (0x0000000712081e30) 
thrown [t:\workspace\open\src\hotspot\share\interpreter\linkResolver.cpp, line 766]
Event: 0.658 Thread 0x000001e430e81010 Exception <a 'java/lang/NoSuchMethodError'{0x00000007121bbc00}: 'java.lang.Object java.lang.invoke.DirectMethodHandle$Holder.invokeStaticInit(java.lang.Object, java.lang.Object, int, int, int, int)'> (0x00000007121bbc00) 
thrown [t:\workspace\open\src\hotspot\share\interpreter\linkResolver.cpp, line 766]
Event: 0.773 Thread 0x000001e430dc7cf0 Exception <a 'java/lang/NoSuchMethodError'{0x0000000711c742e0}: 'void java.lang.invoke.DirectMethodHandle$Holder.invokeStaticInit(java.lang.Object)'> (0x0000000711c742e0) 
thrown [t:\workspace\open\src\hotspot\share\interpreter\linkResolver.cpp, line 766]
Event: 0.872 Thread 0x000001e430dc7cf0 Exception <a 'java/io/FileNotFoundException'{0x0000000711d815d8}> (0x0000000711d815d8) 
thrown [t:\workspace\open\src\hotspot\share\prims\jni.cpp, line 516]
Event: 0.874 Thread 0x000001e430dc7cf0 Exception <a 'java/io/FileNotFoundException'{0x0000000711d852e8}> (0x0000000711d852e8) 
thrown [t:\workspace\open\src\hotspot\share\prims\jni.cpp, line 516]
Event: 0.930 Thread 0x000001e430dc7cf0 Exception <a 'java/io/FileNotFoundException'{0x0000000713126b30}> (0x0000000713126b30) 
thrown [t:\workspace\open\src\hotspot\share\prims\jni.cpp, line 516]
Event: 0.934 Thread 0x000001e430dc7cf0 Exception <a 'java/io/FileNotFoundException'{0x000000071313cb60}> (0x000000071313cb60) 
thrown [t:\workspace\open\src\hotspot\share\prims\jni.cpp, line 516]
Event: 0.940 Thread 0x000001e430dc7cf0 Exception <a 'java/io/FileNotFoundException'{0x00000007131aeba0}> (0x00000007131aeba0) 
thrown [t:\workspace\open\src\hotspot\share\prims\jni.cpp, line 516]
Event: 0.953 Thread 0x000001e430dc7cf0 Exception <a 'java/io/FileNotFoundException'{0x0000000712e0d260}> (0x0000000712e0d260) 
thrown [t:\workspace\open\src\hotspot\share\prims\jni.cpp, line 516]
Event: 0.963 Thread 0x000001e430dc7cf0 Exception <a 'java/io/FileNotFoundException'{0x0000000712e54210}> (0x0000000712e54210) 
thrown [t:\workspace\open\src\hotspot\share\prims\jni.cpp, line 516]
Event: 0.963 Thread 0x000001e430dc7cf0 Exception <a 'java/io/FileNotFoundException'{0x0000000712e57bf0}> (0x0000000712e57bf0) 
thrown [t:\workspace\open\src\hotspot\share\prims\jni.cpp, line 516]
Event: 0.996 Thread 0x000001e430dc7cf0 Exception <a 'java/io/FileNotFoundException'{0x0000000712fc5400}> (0x0000000712fc5400) 
thrown [t:\workspace\open\src\hotspot\share\prims\jni.cpp, line 516]
Event: 0.999 Thread 0x000001e430dc7cf0 Exception <a 'java/io/FileNotFoundException'{0x0000000712fe6438}> (0x0000000712fe6438) 
thrown [t:\workspace\open\src\hotspot\share\prims\jni.cpp, line 516]
Event: 1.005 Thread 0x000001e430dc7cf0 Exception <a 'java/io/FileNotFoundException'{0x0000000712c21b10}> (0x0000000712c21b10) 
thrown [t:\workspace\open\src\hotspot\share\prims\jni.cpp, line 516]
Event: 1.013 Thread 0x000001e430dc7cf0 Exception <a 'java/io/FileNotFoundException'{0x0000000712c9a1b8}> (0x0000000712c9a1b8) 
thrown [t:\workspace\open\src\hotspot\share\prims\jni.cpp, line 516]
Event: 1.078 Thread 0x000001e430d62b90 Exception <a 'java/lang/NoSuchMethodError'{0x0000000712cc8ca0}: 'void java.lang.invoke.DirectMethodHandle$Holder.invokeVirtual(java.lang.Object, java.lang.Object)'> (0x0000000712cc8ca0) 
thrown [t:\workspace\open\src\hotspot\share\interpreter\linkResolver.cpp, line 766]

VM Operations (20 events):
Event: 0.463 Executing VM operation: HandshakeAllThreads
Event: 0.463 Executing VM operation: HandshakeAllThreads done
Event: 0.465 Executing VM operation: HandshakeAllThreads
Event: 0.465 Executing VM operation: HandshakeAllThreads done
Event: 0.513 Executing VM operation: HandshakeAllThreads
Event: 0.513 Executing VM operation: HandshakeAllThreads done
Event: 0.602 Executing VM operation: HandshakeAllThreads
Event: 0.602 Executing VM operation: HandshakeAllThreads done
Event: 0.746 Executing VM operation: HandshakeAllThreads
Event: 0.746 Executing VM operation: HandshakeAllThreads done
Event: 0.761 Executing VM operation: HandshakeAllThreads
Event: 0.761 Executing VM operation: HandshakeAllThreads done
Event: 0.776 Executing VM operation: HandshakeAllThreads
Event: 0.777 Executing VM operation: HandshakeAllThreads done
Event: 0.900 Executing VM operation: G1CollectForAllocation
Event: 0.907 Executing VM operation: G1CollectForAllocation done
Event: 0.907 Executing VM operation: Cleanup
Event: 0.908 Executing VM operation: Cleanup done
Event: 1.131 Executing VM operation: HandshakeAllThreads
Event: 1.132 Executing VM operation: HandshakeAllThreads done

Events (20 events):
Event: 1.133 loading class java/awt/KeyboardFocusManager$HeavyweightFocusRequest
Event: 1.133 loading class java/awt/KeyboardFocusManager$HeavyweightFocusRequest done
Event: 1.133 loading class java/awt/DefaultKeyboardFocusManager$TypeAheadMarker
Event: 1.133 loading class java/awt/DefaultKeyboardFocusManager$TypeAheadMarker done
Event: 1.133 loading class java/awt/KeyboardFocusManager$LightweightFocusRequest
Event: 1.133 loading class java/awt/KeyboardFocusManager$LightweightFocusRequest done
Event: 1.136 loading class javax/swing/RepaintManager$3
Event: 1.136 loading class javax/swing/RepaintManager$3 done
Event: 1.137 loading class java/awt/KeyboardFocusManager$3
Event: 1.137 loading class java/awt/KeyboardFocusManager$3 done
Event: 1.145 loading class sun/awt/im/CompositionAreaHandler
Event: 1.146 loading class sun/awt/im/CompositionAreaHandler done
Event: 1.146 loading class java/text/AttributedString
Event: 1.147 loading class java/text/AttributedString done
Event: 1.147 loading class java/text/AttributedString$AttributedStringIterator
Event: 1.148 loading class java/text/AttributedCharacterIterator
Event: 1.148 loading class java/text/AttributedCharacterIterator done
Event: 1.148 loading class java/text/AttributedString$AttributedStringIterator done
Event: 1.150 loading class java/awt/TextComponent
Event: 1.150 loading class java/awt/TextComponent done


Dynamic libraries:
0x00007ff68c9e0000 - 0x00007ff68c9ee000 	C:\Program Files\Java\jdk-17.0.1\bin\java.exe
0x00007fff95fb0000 - 0x00007fff961a5000 	C:\WINDOWS\SYSTEM32\ntdll.dll
0x00007fff95770000 - 0x00007fff9582e000 	C:\WINDOWS\System32\KERNEL32.DLL
0x00007fff936c0000 - 0x00007fff93988000 	C:\WINDOWS\System32\KERNELBASE.dll
0x00007fff93c70000 - 0x00007fff93d70000 	C:\WINDOWS\System32\ucrtbase.dll
0x00007fff7d4b0000 - 0x00007fff7d4c8000 	C:\Program Files\Java\jdk-17.0.1\bin\jli.dll
0x00007fff7d490000 - 0x00007fff7d4aa000 	C:\Program Files\Java\jdk-17.0.1\bin\VCRUNTIME140.dll
0x00007fff94660000 - 0x00007fff94800000 	C:\WINDOWS\System32\USER32.dll
0x00007fff788b0000 - 0x00007fff78b4a000 	C:\WINDOWS\WinSxS\amd64_microsoft.windows.common-controls_6595b64144ccf1df_6.0.19041.1110_none_60b5254171f9507e\COMCTL32.dll
0x00007fff93e20000 - 0x00007fff93e42000 	C:\WINDOWS\System32\win32u.dll
0x00007fff94e60000 - 0x00007fff94efe000 	C:\WINDOWS\System32\msvcrt.dll
0x00007fff95f40000 - 0x00007fff95f6b000 	C:\WINDOWS\System32\GDI32.dll
0x00007fff93b60000 - 0x00007fff93c6d000 	C:\WINDOWS\System32\gdi32full.dll
0x00007fff93e50000 - 0x00007fff93eed000 	C:\WINDOWS\System32\msvcp_win.dll
0x00007fff94630000 - 0x00007fff94660000 	C:\WINDOWS\System32\IMM32.DLL
0x00007fff7d480000 - 0x00007fff7d48c000 	C:\Program Files\Java\jdk-17.0.1\bin\vcruntime140_1.dll
0x00007fff511b0000 - 0x00007fff5123d000 	C:\Program Files\Java\jdk-17.0.1\bin\msvcp140.dll
0x00007fff027e0000 - 0x00007fff0339e000 	C:\Program Files\Java\jdk-17.0.1\bin\server\jvm.dll
0x00007fff95960000 - 0x00007fff95a0e000 	C:\WINDOWS\System32\ADVAPI32.dll
0x00007fff94100000 - 0x00007fff9419c000 	C:\WINDOWS\System32\sechost.dll
0x00007fff95b90000 - 0x00007fff95cb5000 	C:\WINDOWS\System32\RPCRT4.dll
0x00007fff949b0000 - 0x00007fff949b8000 	C:\WINDOWS\System32\PSAPI.DLL
0x00007fff709b0000 - 0x00007fff709b9000 	C:\WINDOWS\SYSTEM32\WSOCK32.dll
0x00007fff71ef0000 - 0x00007fff71f17000 	C:\WINDOWS\SYSTEM32\WINMM.dll
0x00007fff8abe0000 - 0x00007fff8abea000 	C:\WINDOWS\SYSTEM32\VERSION.dll
0x00007fff95cc0000 - 0x00007fff95d2b000 	C:\WINDOWS\System32\WS2_32.dll
0x00007fff91f00000 - 0x00007fff91f12000 	C:\WINDOWS\SYSTEM32\kernel.appcore.dll
0x00007fff7d470000 - 0x00007fff7d47a000 	C:\Program Files\Java\jdk-17.0.1\bin\jimage.dll
0x00007fff91b90000 - 0x00007fff91d74000 	C:\WINDOWS\SYSTEM32\DBGHELP.DLL
0x00007fff6e6d0000 - 0x00007fff6e6fc000 	C:\WINDOWS\SYSTEM32\dbgcore.DLL
0x00007fff93ef0000 - 0x00007fff93f72000 	C:\WINDOWS\System32\bcryptPrimitives.dll
0x00007fff8b920000 - 0x00007fff8b95b000 	C:\Program Files\Java\jdk-17.0.1\bin\jdwp.dll
0x00007fff8dd10000 - 0x00007fff8dd1e000 	C:\Program Files\Java\jdk-17.0.1\bin\instrument.dll
0x00007fff51180000 - 0x00007fff511a5000 	C:\Program Files\Java\jdk-17.0.1\bin\java.dll
0x00007fff510a0000 - 0x00007fff51176000 	C:\Program Files\Java\jdk-17.0.1\bin\svml.dll
0x00007fff95020000 - 0x00007fff95764000 	C:\WINDOWS\System32\SHELL32.dll
0x00007fff913f0000 - 0x00007fff91b84000 	C:\WINDOWS\SYSTEM32\windows.storage.dll
0x00007fff941a0000 - 0x00007fff944f5000 	C:\WINDOWS\System32\combase.dll
0x00007fff93030000 - 0x00007fff9305e000 	C:\WINDOWS\SYSTEM32\Wldp.dll
0x00007fff94580000 - 0x00007fff9462d000 	C:\WINDOWS\System32\SHCORE.dll
0x00007fff95ee0000 - 0x00007fff95f35000 	C:\WINDOWS\System32\shlwapi.dll
0x00007fff93600000 - 0x00007fff9361f000 	C:\WINDOWS\SYSTEM32\profapi.dll
0x00007fff8dc00000 - 0x00007fff8dc0c000 	C:\Program Files\Java\jdk-17.0.1\bin\dt_socket.dll
0x00007fff92ad0000 - 0x00007fff92b0b000 	C:\WINDOWS\SYSTEM32\IPHLPAPI.DLL
0x00007fff92e10000 - 0x00007fff92e7a000 	C:\WINDOWS\system32\mswsock.dll
0x00007fff51060000 - 0x00007fff51078000 	C:\Program Files\Java\jdk-17.0.1\bin\zip.dll
0x00007fff656e0000 - 0x00007fff656f9000 	C:\Program Files\Java\jdk-17.0.1\bin\net.dll
0x00007fff903e0000 - 0x00007fff904ec000 	C:\WINDOWS\SYSTEM32\WINHTTP.dll
0x00007fff51080000 - 0x00007fff51095000 	C:\Program Files\Java\jdk-17.0.1\bin\nio.dll
0x00007fff758e0000 - 0x00007fff75a6e000 	C:\Program Files\Java\jdk-17.0.1\bin\awt.dll
0x00007fff95d30000 - 0x00007fff95dfd000 	C:\WINDOWS\System32\OLEAUT32.dll
0x00007fff8f4f0000 - 0x00007fff8f580000 	C:\WINDOWS\SYSTEM32\apphelp.dll
0x00007fff8f5e0000 - 0x00007fff8f67e000 	C:\WINDOWS\system32\uxtheme.dll
0x00007fff95a70000 - 0x00007fff95b86000 	C:\WINDOWS\System32\MSCTF.dll
0x00007fff95830000 - 0x00007fff9595a000 	C:\WINDOWS\System32\ole32.dll
0x00007fff90e00000 - 0x00007fff90e2f000 	C:\WINDOWS\system32\DWMAPI.DLL
0x00007fff5d4f0000 - 0x00007fff5d615000 	C:\WINDOWS\system32\opengl32.dll
0x00007fff5d9c0000 - 0x00007fff5d9ec000 	C:\WINDOWS\SYSTEM32\GLU32.dll
0x00007fff8b900000 - 0x00007fff8b90e000 	C:\Program Files\Java\jdk-17.0.1\bin\sunmscapi.dll
0x00007fff93a00000 - 0x00007fff93b56000 	C:\WINDOWS\System32\CRYPT32.dll
0x00007fff930a0000 - 0x00007fff930c7000 	C:\WINDOWS\SYSTEM32\ncrypt.dll
0x00007fff93060000 - 0x00007fff9309b000 	C:\WINDOWS\SYSTEM32\NTASN1.dll
0x00007fff50c20000 - 0x00007fff50c27000 	C:\WINDOWS\system32\wshunix.dll
0x00007fff93370000 - 0x00007fff93388000 	C:\WINDOWS\SYSTEM32\CRYPTSP.dll
0x00007fff92740000 - 0x00007fff92774000 	C:\WINDOWS\system32\rsaenh.dll
0x00007fff93f80000 - 0x00007fff93fa7000 	C:\WINDOWS\System32\bcrypt.dll
0x00007fff93580000 - 0x00007fff935ae000 	C:\WINDOWS\SYSTEM32\USERENV.dll
0x00007fff92fa0000 - 0x00007fff92fac000 	C:\WINDOWS\SYSTEM32\CRYPTBASE.dll
0x00007fff940f0000 - 0x00007fff940f8000 	C:\WINDOWS\System32\NSI.dll
0x00007fff89170000 - 0x00007fff89187000 	C:\WINDOWS\SYSTEM32\dhcpcsvc6.DLL
0x00007fff899d0000 - 0x00007fff899ed000 	C:\WINDOWS\SYSTEM32\dhcpcsvc.DLL
0x00007fff92b10000 - 0x00007fff92bdb000 	C:\WINDOWS\SYSTEM32\DNSAPI.dll
0x00007fff79a50000 - 0x00007fff79ad9000 	C:\Program Files\Java\jdk-17.0.1\bin\freetype.dll
0x00007fff75830000 - 0x00007fff758d8000 	C:\Program Files\Java\jdk-17.0.1\bin\fontmanager.dll
0x00007fff94f10000 - 0x00007fff94fb9000 	C:\WINDOWS\System32\clbcatq.dll
0x00007fff83120000 - 0x00007fff832d4000 	C:\WINDOWS\SYSTEM32\WindowsCodecs.dll
0x00007fff5d3d0000 - 0x00007fff5d40e000 	C:\WINDOWS\system32\dataexchange.dll
0x00007fff8dd50000 - 0x00007fff8dfb4000 	C:\WINDOWS\system32\d3d11.dll
0x00007fff8e9e0000 - 0x00007fff8ebc5000 	C:\WINDOWS\system32\dcomp.dll
0x00007fff91f70000 - 0x00007fff92064000 	C:\WINDOWS\system32\dxgi.dll
0x00007fff8f7e0000 - 0x00007fff8f9e1000 	C:\WINDOWS\system32\twinapi.appcore.dll
0x00007fff7d370000 - 0x00007fff7d469000 	C:\WINDOWS\SYSTEM32\textinputframework.dll
0x00007fff8ebd0000 - 0x00007fff8ef2e000 	C:\WINDOWS\System32\CoreUIComponents.dll
0x00007fff8f2b0000 - 0x00007fff8f3a2000 	C:\WINDOWS\System32\CoreMessaging.dll
0x00007fff92370000 - 0x00007fff923a3000 	C:\WINDOWS\SYSTEM32\ntmarta.dll
0x00007fff8fa60000 - 0x00007fff8fbb4000 	C:\WINDOWS\SYSTEM32\wintypes.dll
0x00007fff76310000 - 0x00007fff76376000 	C:\WINDOWS\system32\Oleacc.dll

dbghelp: loaded successfully - version: 4.0.5 - missing functions: none
symbol engine: initialized successfully - sym options: 0x614 - pdb path: .;C:\Program Files\Java\jdk-17.0.1\bin;C:\WINDOWS\SYSTEM32;C:\WINDOWS\WinSxS\amd64_microsoft.windows.common-controls_6595b64144ccf1df_6.0.19041.1110_none_60b5254171f9507e;C:\Program Files\Java\jdk-17.0.1\bin\server

VM Arguments:
jvm_args: -Xdebug -agentlib:jdwp=transport=dt_socket,server=n,suspend=y,address=127.0.0.1:61005 -javaagent:C:\Users\user\.gradle\caches\modules-2\files-2.1\org.jetbrains.kotlinx\kotlinx-coroutines-core-jvm\1.7.1\63a0779cf668e2a47d13fda7c3b0c4f8dc7762f4\kotlinx-coroutines-core-jvm-1.7.1.jar -Dfile.encoding=windows-1251 -Duser.country=US -Duser.language=en -Duser.variant -ea 
java_command: franca.java.MainFrame
java_class_path (initial): C:\sergeev-i-leo\java-franca\platforms\java-desktop\java-franca-content-viewer\build\classes\java\main;C:\sergeev-i-leo\java-franca\platforms\java-desktop\java-franca-content-viewer\build\resources\main;C:\Users\user\.gradle\caches\modules-2\files-2.1\org.jetbrains.skiko\skiko-awt-runtime-windows-x64\0.7.80\4f62ab625019baa1f6d179c6d5bbad94b1bcc892\skiko-awt-runtime-windows-x64-0.7.80.jar;C:\Users\user\.gradle\caches\modules-2\files-2.1\org.jetbrains.skiko\skiko-awt\0.7.80\cde5fe523da4a60846453bc7666d05156fdeb895\skiko-awt-0.7.80.jar;C:\Users\user\.gradle\caches\modules-2\files-2.1\io.ktor\ktor-client-java-jvm\2.3.7\21036282fff1b1399c534fa54c7b098c1dbc045e\ktor-client-java-jvm-2.3.7.jar;C:\Users\user\.gradle\caches\modules-2\files-2.1\io.ktor\ktor-client-core-jvm\2.3.7\4f6ad3be8d4c35d3075f4a6f28fa80b9e20674d5\ktor-client-core-jvm-2.3.7.jar;C:\Users\user\.gradle\caches\modules-2\files-2.1\org.jetbrains.kotlinx\kotlinx-coroutines-slf4j\1.7.1\19000bdfff969d1c7019d3a4ef66fb27b687e7e9\kotlinx-coroutines-slf4j-1.7.1.jar;C:\Users\user\.gradle\caches\modules-2\files-2.1\io.ktor\ktor-events-jvm\2.3.7\a0d00d60f13b5dd647954a7858c486eff75a2898\ktor-events-jvm-2.3.7.jar;C:\Users\user\.gradle\caches\modules-2\files-2.1\io.ktor\ktor-websocket-serialization-jvm\2.3.7\65944d3e9b84b9d8fe195183e43cd1d0ccb863cd\ktor-websocket-serialization-jvm-2.3.7.jar;C:\Users\user\.gradle\caches\modules-2\files-2.1\io.ktor\ktor-serialization-jvm\2.3.7\821a9ccf848665dca11337f2c0f7c2b05d1ac046\ktor-serialization-jvm-2.3.7.jar;C:\Users\user\.gradle\caches\modules-2\files-2.1\io.ktor\ktor-websockets-jvm\2.3.7\97b1335582ae9bbde88c077ff0fe5b05a3663fdf\ktor-websockets-jvm-2.3.7.jar;C:\Users\user\.gradle\caches\modules-2\files-2.1\io.ktor\ktor-http-jvm\2.3.7\6a1915fc373718c058d247da28f27b2e008b84ef\ktor-http-jvm-2.3.7.jar;C:\Users\user\.gradle\caches\modules-2\files-2.1\io.ktor\ktor-utils-jvm\2.3.7\23be7e37eee5c81925a5bde2ad67fb483e320967\ktor-utils-jvm-2.3.7.jar;C:\Users\user\.g
Launcher Type: SUN_STANDARD

[Global flags]
     intx CICompilerCount                          = 4                                         {product} {ergonomic}
     uint ConcGCThreads                            = 2                                         {product} {ergonomic}
     uint G1ConcRefinementThreads                  = 8                                         {product} {ergonomic}
   size_t G1HeapRegionSize                         = 2097152                                   {product} {ergonomic}
    uintx GCDrainStackTargetSize                   = 64                                        {product} {ergonomic}
   size_t InitialHeapSize                          = 266338304                                 {product} {ergonomic}
   size_t MarkStackSize                            = 4194304                                   {product} {ergonomic}
   size_t MaxHeapSize                              = 4240441344                                {product} {ergonomic}
   size_t MaxNewSize                               = 2543845376                                {product} {ergonomic}
   size_t MinHeapDeltaBytes                        = 2097152                                   {product} {ergonomic}
   size_t MinHeapSize                              = 8388608                                   {product} {ergonomic}
    uintx NonNMethodCodeHeapSize                   = 5839372                                {pd product} {ergonomic}
    uintx NonProfiledCodeHeapSize                  = 122909434                              {pd product} {ergonomic}
    uintx ProfiledCodeHeapSize                     = 122909434                              {pd product} {ergonomic}
    uintx ReservedCodeCacheSize                    = 251658240                              {pd product} {ergonomic}
     bool SegmentedCodeCache                       = true                                      {product} {ergonomic}
   size_t SoftMaxHeapSize                          = 4240441344                             {manageable} {ergonomic}
     bool UseCompressedClassPointers               = true                           {product lp64_product} {ergonomic}
     bool UseCompressedOops                        = true                           {product lp64_product} {ergonomic}
     bool UseG1GC                                  = true                                      {product} {ergonomic}
     bool UseLargePagesIndividualAllocation        = false                                  {pd product} {ergonomic}

Logging:
Log output configuration:
 #0: stdout all=warning uptime,level,tags
 #1: stderr all=off uptime,level,tags

Environment Variables:
JAVA_HOME=C:\Program Files\Java\jdk-17.0.1
PATH=C:\Program Files\Eclipse Adoptium\jdk-21.0.11.10-hotspot\bin;C:\Program Files (x86)\Common Files\Oracle\Java\java8path;C:\Program Files (x86)\Common Files\Oracle\Java\javapath;C:\Program Files\Java\jdk-17.0.1\bin;C:\WINDOWS\system32;C:\WINDOWS;C:\WINDOWS\System32\Wbem;C:\WINDOWS\System32\WindowsPowerShell\v1.0\;C:\WINDOWS\System32\OpenSSH\;C:\Program Files\Git\cmd;C:\Program Files\PuTTY\;C:\fl-studio\ffmpeg\bin;C:\Program Files\Java\apache-maven-3.8.2\bin;C:\Program Files\gettext-iconv\bin;C:\Users\user\AppData\Roaming\npm\node_modules;C:\Users\user\AppData\Local\Programs\Python\Python39;C:\sergeev-i-leo\flutter_windows_3.13.9-stable\bin;C:\Work\emsdk;C:\Work\emsdk\upstream\bin;C:\Work\emsdk\upstream\emscripten;C:\Work\emsdk\upstream\lib;C:\Program Files\nodejs\;C:\sergeev-i-leo\2099\ffmpeg\bin;C:\Users\user\.cargo\bin;C:\Users\user\AppData\Local\Microsoft\WindowsApps;C:\Users\user\AppData\Local\Programs\Microsoft VS Code\bin;C:\Users\user\AppData\Local\Android\Sdk\platform-tools;C:\fl-studio\ffmpeg\bin;C:\Program Files\Java\apache-maven-3.8.2\bin;C:\Program Files\Java\jdk1.8.0_201\bin;%USERPROFILE%\AppData\Local\Microsoft\WindowsApps;C:\2024\flutter-sdk\bin;C:\Users\user\AppData\Local\GitHubDesktop\bin;C:\Users\user\AppData\Roaming\npm;C:\Users\user\yandex-cloud\bin
USERNAME=user
OS=Windows_NT
PROCESSOR_IDENTIFIER=Intel64 Family 6 Model 142 Stepping 11, GenuineIntel



---------------  S Y S T E M  ---------------

OS:
 Windows 10 , 64 bit Build 19041 (10.0.19041.1503)
OS uptime: 0 days 7:14 hours
Hyper-V role detected

CPU: total 8 (initial active 8) (4 cores per cpu, 2 threads per core) family 6 model 142 stepping 11 microcode 0xae, cx8, cmov, fxsr, ht, mmx, 3dnowpref, sse, sse2, sse3, ssse3, sse4.1, sse4.2, popcnt, lzcnt, tsc, tscinvbit, avx, avx2, aes, erms, clmul, bmi1, bmi2, adx, fma, vzeroupper, clflush, clflushopt, hv

Memory: 4k page, system-wide physical 16173M (3243M free)
TotalPageFile size 19090M (AvailPageFile size 3M)
current process WorkingSet (physical memory assigned to process): 107M, peak: 107M
current process commit charge ("private bytes"): 377M, peak: 377M

vm_info: OpenJDK 64-Bit Server VM (17.0.1+12-39) for windows-amd64 JRE (17.0.1+12-39), built on Sep 27 2021 18:39:29 by "mach5one" with MS VC++ 16.8 (VS2019)

END.
