#
# There is insufficient memory for the Java Runtime Environment to continue.
# Native memory allocation (malloc) failed to allocate 1154896 bytes for Chunk::new
# Possible reasons:
#   The system is out of physical RAM or swap space
#   The process is running with CompressedOops enabled, and the Java Heap may be blocking the growth of the native heap
# Possible solutions:
#   Reduce memory load on the system
#   Increase physical memory or swap space
#   Check if swap backing store is full
#   Decrease Java heap size (-Xmx/-Xms)
#   Decrease number of Java threads
#   Decrease Java thread stack sizes (-Xss)
#   Set larger code cache with -XX:ReservedCodeCacheSize=
#   JVM is running with Unscaled Compressed Oops mode in which the Java heap is
#     placed in the first 4GB address space. The Java Heap base address is the
#     maximum limit for the native heap growth. Please use -XX:HeapBaseMinAddress
#     to set the Java Heap base and to place the Java Heap above 4GB virtual address.
# This output file may be truncated or incomplete.
#
#  Out of Memory Error (arena.cpp:189), pid=16400, tid=8872
#
# JRE version: OpenJDK Runtime Environment (17.0.1+12) (build 17.0.1+12-39)
# Java VM: OpenJDK 64-Bit Server VM (17.0.1+12-39, mixed mode, sharing, tiered, compressed oops, compressed class ptrs, g1 gc, windows-amd64)
# No core dump will be written. Minidumps are not enabled by default on client versions of Windows
#

---------------  S U M M A R Y ------------

Command Line: --add-opens=java.base/java.util.concurrent.atomic=ALL-UNNAMED -XX:MaxMetaspaceSize=384m -XX:+HeapDumpOnOutOfMemoryError -agentlib:jdwp=transport=dt_socket,server=n,suspend=y,address=127.0.0.1:53395 --add-opens=java.base/java.util=ALL-UNNAMED --add-opens=java.base/java.lang=ALL-UNNAMED --add-opens=java.base/java.lang.invoke=ALL-UNNAMED --add-opens=java.prefs/java.util.prefs=ALL-UNNAMED --add-opens=java.base/java.nio.charset=ALL-UNNAMED --add-opens=java.base/java.net=ALL-UNNAMED --add-opens=java.base/java.util.concurrent.atomic=ALL-UNNAMED -Xms256m -Xmx512m -Dfile.encoding=windows-1251 -Duser.country=US -Duser.language=en -Duser.variant org.gradle.launcher.daemon.bootstrap.GradleDaemon 8.0.2

Host: Intel(R) Core(TM) i7-8565U CPU @ 1.80GHz, 8 cores, 15G,  Windows 10 , 64 bit Build 19041 (10.0.19041.1503)
Time: Tue Jun 16 13:13:08 2026 Russia TZ 2 Standard Time elapsed time: 13.688106 seconds (0d 0h 0m 13s)

---------------  T H R E A D  ---------------

Current thread (0x0000021468064830):  JavaThread "C2 CompilerThread0" daemon [_thread_in_native, id=8872, stack(0x00000060c8800000,0x00000060c8900000)]


Current CompileTask:
C2:  13688 7753 %     4       groovy.lang.MetaClassImpl::inheritInterfaceNewMetaMethods @ 100 (195 bytes)

Stack: [0x00000060c8800000,0x00000060c8900000]
Native frames: (J=compiled Java code, j=interpreted, Vv=VM code, C=native code)
V  [jvm.dll+0x66fa1a]
V  [jvm.dll+0x7ce5a4]
V  [jvm.dll+0x7cfd4e]
V  [jvm.dll+0x7d03b3]
V  [jvm.dll+0x242b05]
V  [jvm.dll+0xaa05b]
V  [jvm.dll+0xaa5ec]
V  [jvm.dll+0x2a953f]
V  [jvm.dll+0x5785a9]
V  [jvm.dll+0x21dd7d]
V  [jvm.dll+0x21e15f]
V  [jvm.dll+0x217a2a]
V  [jvm.dll+0x214f05]
V  [jvm.dll+0x1a168d]
V  [jvm.dll+0x224848]
V  [jvm.dll+0x2229ac]
V  [jvm.dll+0x78435b]
V  [jvm.dll+0x77e91a]
V  [jvm.dll+0x66e845]
C  [ucrtbase.dll+0x21bb2]
C  [KERNEL32.DLL+0x17034]
C  [ntdll.dll+0x52651]


---------------  P R O C E S S  ---------------

Threads class SMR info:
_java_thread_list=0x0000021472209a60, length=113, elements={
0x000002144d822360, 0x0000021468042c20, 0x00000214680436e0, 0x0000021468060140,
0x0000021468062a10, 0x00000214680632d0, 0x0000021468063b90, 0x0000021468064830,
0x00000214680651e0, 0x0000021468066af0, 0x0000021468cebfb0, 0x0000021468cf2680,
0x0000021468d08ef0, 0x0000021468d093e0, 0x0000021468d0d010, 0x0000021468ec4f20,
0x000002146b0a3760, 0x0000021469f97450, 0x000002146ab19ba0, 0x000002146a9953b0,
0x000002146b182ef0, 0x000002146a88b180, 0x000002146a88a310, 0x000002146a88b650,
0x000002146a88bff0, 0x000002146a88bb20, 0x000002146a88c990, 0x000002146a88acb0,
0x000002146a88d800, 0x000002146ca7bab0, 0x000002146ca7c920, 0x000002146ca7bf80,
0x000002146ca7f470, 0x000002146ca7efa0, 0x000002146ca7c450, 0x000002146ca7e130,
0x000002146ca7e600, 0x000002146ca7f940, 0x000002146ca7ead0, 0x000002146ca79dd0,
0x000002146ca7b110, 0x000002146ca7d790, 0x000002146ca7dc60, 0x000002146eb76550,
0x000002146eb6f1d0, 0x000002146eb75210, 0x000002146eb74d40, 0x000002146eb726c0,
0x000002146eb6ed00, 0x000002146eb72b90, 0x000002146eb743a0, 0x000002146eb75bb0,
0x000002146eb756e0, 0x000002146eb76080, 0x000002146eb721f0, 0x000002146eb74870,
0x000002146eb73ed0, 0x000002146c9f71f0, 0x000002146eb70040, 0x000002146eb6f6a0,
0x000002146eb6fb70, 0x000002146eb71850, 0x000002146eb73530, 0x000002146eb70eb0,
0x000002146eb70510, 0x000002146eb709e0, 0x000002146eb71380, 0x000002146eb71d20,
0x000002146eb73a00, 0x000002146ca7fe10, 0x000002146905d780, 0x00000214690598f0,
0x000002146905f460, 0x000002146905e5f0, 0x000002146905dc50, 0x000002146905a290,
0x0000021469059dc0, 0x000002146905ef90, 0x000002146905e120, 0x0000021469059420,
0x0000021469058a80, 0x000002146905a760, 0x00000214690580e0, 0x000002146905ac30,
0x000002146905b100, 0x000002146905f930, 0x000002146905eac0, 0x00000214690585b0,
0x0000021469058f50, 0x000002146905b5d0, 0x000002146905baa0, 0x000002146905bf70,
0x000002146905c440, 0x000002146905c910, 0x000002146905cde0, 0x000002146905d2b0,
0x000002146fe063b0, 0x000002146fe08560, 0x000002146fe02050, 0x000002146fe07220,
0x000002146fe06d50, 0x000002146fe06880, 0x000002146fe02520, 0x000002146fe03860,
0x000002146fe04200, 0x000002146fe03390, 0x000002146fe04ba0, 0x000002146fe011e0,
0x000002146fe029f0, 0x000002146fe02ec0, 0x000002146fe05540, 0x000002146fe07bc0,
0x000002146fe08090
}

Java Threads: ( => current thread )
  0x000002144d822360 JavaThread "main" [_thread_blocked, id=14556, stack(0x00000060c7b00000,0x00000060c7c00000)]
  0x0000021468042c20 JavaThread "Reference Handler" daemon [_thread_blocked, id=7980, stack(0x00000060c8200000,0x00000060c8300000)]
  0x00000214680436e0 JavaThread "Finalizer" daemon [_thread_blocked, id=7504, stack(0x00000060c8300000,0x00000060c8400000)]
  0x0000021468060140 JavaThread "Signal Dispatcher" daemon [_thread_blocked, id=17448, stack(0x00000060c8400000,0x00000060c8500000)]
  0x0000021468062a10 JavaThread "Attach Listener" daemon [_thread_blocked, id=8352, stack(0x00000060c8500000,0x00000060c8600000)]
  0x00000214680632d0 JavaThread "Service Thread" daemon [_thread_blocked, id=1220, stack(0x00000060c8600000,0x00000060c8700000)]
  0x0000021468063b90 JavaThread "Monitor Deflation Thread" daemon [_thread_blocked, id=3796, stack(0x00000060c8700000,0x00000060c8800000)]
=>0x0000021468064830 JavaThread "C2 CompilerThread0" daemon [_thread_in_native, id=8872, stack(0x00000060c8800000,0x00000060c8900000)]
  0x00000214680651e0 JavaThread "C1 CompilerThread0" daemon [_thread_blocked, id=3500, stack(0x00000060c8900000,0x00000060c8a00000)]
  0x0000021468066af0 JavaThread "Sweeper thread" daemon [_thread_blocked, id=18084, stack(0x00000060c8a00000,0x00000060c8b00000)]
  0x0000021468cebfb0 JavaThread "Common-Cleaner" daemon [_thread_blocked, id=4184, stack(0x00000060c8b00000,0x00000060c8c00000)]
  0x0000021468cf2680 JavaThread "JDWP Transport Listener: dt_socket" daemon [_thread_blocked, id=19380, stack(0x00000060c8c00000,0x00000060c8d00000)]
  0x0000021468d08ef0 JavaThread "JDWP Event Helper Thread" daemon [_thread_blocked, id=15788, stack(0x00000060c8d00000,0x00000060c8e00000)]
  0x0000021468d093e0 JavaThread "JDWP Command Reader" daemon [_thread_in_native, id=3776, stack(0x00000060c8e00000,0x00000060c8f00000)]
  0x0000021468d0d010 JavaThread "Notification Thread" daemon [_thread_blocked, id=2704, stack(0x00000060c8f00000,0x00000060c9000000)]
  0x0000021468ec4f20 JavaThread "C2 CompilerThread1" daemon [_thread_blocked, id=7040, stack(0x00000060c9100000,0x00000060c9200000)]
  0x000002146b0a3760 JavaThread "Daemon health stats" [_thread_blocked, id=13032, stack(0x00000060c9a00000,0x00000060c9b00000)]
  0x0000021469f97450 JavaThread "Incoming local TCP Connector on port 53411" [_thread_in_native, id=5728, stack(0x00000060c9b00000,0x00000060c9c00000)]
  0x000002146ab19ba0 JavaThread "Daemon periodic checks" [_thread_blocked, id=4244, stack(0x00000060c9c00000,0x00000060c9d00000)]
  0x000002146a9953b0 JavaThread "Daemon" [_thread_blocked, id=15900, stack(0x00000060c9d00000,0x00000060c9e00000)]
  0x000002146b182ef0 JavaThread "Handler for socket connection from /127.0.0.1:53411 to /127.0.0.1:53412" [_thread_in_native, id=13992, stack(0x00000060c9e00000,0x00000060c9f00000)]
  0x000002146a88b180 JavaThread "Cancel handler" [_thread_blocked, id=3696, stack(0x00000060c9f00000,0x00000060ca000000)]
  0x000002146a88a310 JavaThread "Daemon worker" [_thread_blocked, id=5088, stack(0x00000060ca000000,0x00000060ca100000)]
  0x000002146a88b650 JavaThread "Asynchronous log dispatcher for DefaultDaemonConnection: socket connection from /127.0.0.1:53411 to /127.0.0.1:53412" [_thread_blocked, id=20280, stack(0x00000060ca100000,0x00000060ca200000)]
  0x000002146a88bff0 JavaThread "Stdin handler" [_thread_blocked, id=7796, stack(0x00000060ca200000,0x00000060ca300000)]
  0x000002146a88bb20 JavaThread "Daemon client event forwarder" [_thread_blocked, id=16020, stack(0x00000060ca300000,0x00000060ca400000)]
  0x000002146a88c990 JavaThread "Cache worker for journal cache (C:\Users\user\.gradle\caches\journal-1)" [_thread_blocked, id=10344, stack(0x00000060ca400000,0x00000060ca500000)]
  0x000002146a88acb0 JavaThread "File lock request listener" [_thread_in_native, id=3368, stack(0x00000060ca500000,0x00000060ca600000)]
  0x000002146a88d800 JavaThread "Cache worker for file hash cache (C:\Users\user\.gradle\caches\8.0.2\fileHashes)" [_thread_blocked, id=11328, stack(0x00000060c9200000,0x00000060c9300000)]
  0x000002146ca7bab0 JavaThread "File watcher server" daemon [_thread_in_native, id=10464, stack(0x00000060ca700000,0x00000060ca800000)]
  0x000002146ca7c920 JavaThread "File watcher consumer" daemon [_thread_blocked, id=18588, stack(0x00000060ca800000,0x00000060ca900000)]
  0x000002146ca7bf80 JavaThread "Cache worker for checksums cache (C:\sergeev-i-leo\java-franca\platforms\java-desktop\java-franca-content-viewer\.gradle\8.0.2\checksums)" [_thread_blocked, id=7096, stack(0x00000060ca900000,0x00000060caa00000)]
  0x000002146ca7f470 JavaThread "Cache worker for cache directory md-rule (C:\Users\user\.gradle\caches\8.0.2\md-rule)" [_thread_blocked, id=6704, stack(0x00000060caa00000,0x00000060cab00000)]
  0x000002146ca7efa0 JavaThread "Cache worker for file content cache (C:\Users\user\.gradle\caches\8.0.2\fileContent)" [_thread_blocked, id=5224, stack(0x00000060cab00000,0x00000060cac00000)]
  0x000002146ca7c450 JavaThread "Cache worker for file hash cache (C:\sergeev-i-leo\java-franca\platforms\java-desktop\java-franca-content-viewer\.gradle\8.0.2\fileHashes)" [_thread_blocked, id=9144, stack(0x00000060ca600000,0x00000060ca700000)]
  0x000002146ca7e130 JavaThread "Cache worker for cache directory md-supplier (C:\Users\user\.gradle\caches\8.0.2\md-supplier)" [_thread_blocked, id=3976, stack(0x00000060cad00000,0x00000060cae00000)]
  0x000002146ca7e600 JavaThread "Cache worker for execution history cache (C:\Users\user\.gradle\caches\8.0.2\executionHistory)" [_thread_blocked, id=13296, stack(0x00000060cae00000,0x00000060caf00000)]
  0x000002146ca7f940 JavaThread "jar transforms" [_thread_blocked, id=13192, stack(0x00000060caf00000,0x00000060cb000000)]
  0x000002146ca7ead0 JavaThread "jar transforms Thread 2" [_thread_blocked, id=15576, stack(0x00000060cb000000,0x00000060cb100000)]
  0x000002146ca79dd0 JavaThread "jar transforms Thread 3" [_thread_blocked, id=17648, stack(0x00000060cb200000,0x00000060cb300000)]
  0x000002146ca7b110 JavaThread "jar transforms Thread 4" [_thread_blocked, id=2880, stack(0x00000060cb300000,0x00000060cb400000)]
  0x000002146ca7d790 JavaThread "jar transforms Thread 5" [_thread_blocked, id=13860, stack(0x00000060cb400000,0x00000060cb500000)]
  0x000002146ca7dc60 JavaThread "jar transforms Thread 6" [_thread_blocked, id=11384, stack(0x00000060cb500000,0x00000060cb600000)]
  0x000002146eb76550 JavaThread "jar transforms Thread 7" [_thread_blocked, id=16244, stack(0x00000060cb600000,0x00000060cb700000)]
  0x000002146eb6f1d0 JavaThread "jar transforms Thread 8" [_thread_blocked, id=17404, stack(0x00000060cb700000,0x00000060cb800000)]
  0x000002146eb75210 JavaThread "Cache worker for dependencies-accessors (C:\sergeev-i-leo\java-franca\platforms\java-desktop\java-franca-content-viewer\.gradle\8.0.2\dependencies-accessors)" [_thread_blocked, id=20444, stack(0x00000060cb800000,0x00000060cb900000)]
  0x000002146eb74d40 JavaThread "Cache worker for Build Output Cleanup Cache (C:\sergeev-i-leo\java-franca\platforms\java-desktop\java-franca-content-viewer\.gradle\buildOutputCleanup)" [_thread_blocked, id=2696, stack(0x00000060cb100000,0x00000060cb200000)]
  0x000002146eb726c0 JavaThread "Memory manager" [_thread_blocked, id=8500, stack(0x00000060cba00000,0x00000060cbb00000)]
  0x000002146eb6ed00 JavaThread "included builds" [_thread_blocked, id=17664, stack(0x00000060cbb00000,0x00000060cbc00000)]
  0x000002146eb72b90 JavaThread "Execution worker" [_thread_blocked, id=16356, stack(0x00000060cbc00000,0x00000060cbd00000)]
  0x000002146eb743a0 JavaThread "Execution worker Thread 2" [_thread_blocked, id=16064, stack(0x00000060cbd00000,0x00000060cbe00000)]
  0x000002146eb75bb0 JavaThread "Execution worker Thread 3" [_thread_blocked, id=10276, stack(0x00000060cbe00000,0x00000060cbf00000)]
  0x000002146eb756e0 JavaThread "Execution worker Thread 4" [_thread_blocked, id=2812, stack(0x00000060cbf00000,0x00000060cc000000)]
  0x000002146eb76080 JavaThread "Execution worker Thread 5" [_thread_blocked, id=2708, stack(0x00000060cc000000,0x00000060cc100000)]
  0x000002146eb721f0 JavaThread "Execution worker Thread 6" [_thread_blocked, id=444, stack(0x00000060cc100000,0x00000060cc200000)]
  0x000002146eb74870 JavaThread "Execution worker Thread 7" [_thread_blocked, id=14552, stack(0x00000060cc200000,0x00000060cc300000)]
  0x000002146eb73ed0 JavaThread "Cache worker for execution history cache (C:\sergeev-i-leo\java-franca\platforms\java-desktop\java-franca-content-viewer\.gradle\8.0.2\executionHistory)" [_thread_blocked, id=10656, stack(0x00000060cc300000,0x00000060cc400000)]
  0x000002146c9f71f0 JavaThread "C2 CompilerThread2" daemon [_thread_blocked, id=6236, stack(0x00000060cb900000,0x00000060cba00000)]
  0x000002146eb70040 JavaThread "Unconstrained build operations" [_thread_blocked, id=11456, stack(0x00000060cc400000,0x00000060cc500000)]
  0x000002146eb6f6a0 JavaThread "Unconstrained build operations Thread 2" [_thread_blocked, id=15704, stack(0x00000060cc500000,0x00000060cc600000)]
  0x000002146eb6fb70 JavaThread "Unconstrained build operations Thread 3" [_thread_blocked, id=6392, stack(0x00000060cc600000,0x00000060cc700000)]
  0x000002146eb71850 JavaThread "Unconstrained build operations Thread 4" [_thread_blocked, id=17792, stack(0x00000060cc700000,0x00000060cc800000)]
  0x000002146eb73530 JavaThread "Unconstrained build operations Thread 5" [_thread_blocked, id=6868, stack(0x00000060cc800000,0x00000060cc900000)]
  0x000002146eb70eb0 JavaThread "Unconstrained build operations Thread 6" [_thread_blocked, id=17908, stack(0x00000060cc900000,0x00000060cca00000)]
  0x000002146eb70510 JavaThread "Unconstrained build operations Thread 7" [_thread_blocked, id=8696, stack(0x00000060cca00000,0x00000060ccb00000)]
  0x000002146eb709e0 JavaThread "Unconstrained build operations Thread 8" [_thread_blocked, id=3872, stack(0x00000060ccb00000,0x00000060ccc00000)]
  0x000002146eb71380 JavaThread "Unconstrained build operations Thread 9" [_thread_blocked, id=1444, stack(0x00000060ccc00000,0x00000060ccd00000)]
  0x000002146eb71d20 JavaThread "Unconstrained build operations Thread 10" [_thread_blocked, id=1564, stack(0x00000060ccd00000,0x00000060cce00000)]
  0x000002146eb73a00 JavaThread "Unconstrained build operations Thread 11" [_thread_blocked, id=19536, stack(0x00000060cce00000,0x00000060ccf00000)]
  0x000002146ca7fe10 JavaThread "Unconstrained build operations Thread 12" [_thread_blocked, id=20188, stack(0x00000060ccf00000,0x00000060cd000000)]
  0x000002146905d780 JavaThread "Unconstrained build operations Thread 13" [_thread_blocked, id=1328, stack(0x00000060cd300000,0x00000060cd400000)]
  0x00000214690598f0 JavaThread "Unconstrained build operations Thread 14" [_thread_blocked, id=8228, stack(0x00000060cd400000,0x00000060cd500000)]
  0x000002146905f460 JavaThread "Unconstrained build operations Thread 15" [_thread_blocked, id=15856, stack(0x00000060cd500000,0x00000060cd600000)]
  0x000002146905e5f0 JavaThread "Unconstrained build operations Thread 16" [_thread_blocked, id=4488, stack(0x00000060cd600000,0x00000060cd700000)]
  0x000002146905dc50 JavaThread "Unconstrained build operations Thread 17" [_thread_blocked, id=16240, stack(0x00000060cd700000,0x00000060cd800000)]
  0x000002146905a290 JavaThread "Unconstrained build operations Thread 18" [_thread_blocked, id=2928, stack(0x00000060cd800000,0x00000060cd900000)]
  0x0000021469059dc0 JavaThread "Unconstrained build operations Thread 19" [_thread_blocked, id=3252, stack(0x00000060cd900000,0x00000060cda00000)]
  0x000002146905ef90 JavaThread "Unconstrained build operations Thread 20" [_thread_blocked, id=19288, stack(0x00000060cda00000,0x00000060cdb00000)]
  0x000002146905e120 JavaThread "Unconstrained build operations Thread 21" [_thread_blocked, id=5292, stack(0x00000060cdb00000,0x00000060cdc00000)]
  0x0000021469059420 JavaThread "Unconstrained build operations Thread 22" [_thread_blocked, id=15056, stack(0x00000060cdc00000,0x00000060cdd00000)]
  0x0000021469058a80 JavaThread "Unconstrained build operations Thread 23" [_thread_blocked, id=8092, stack(0x00000060cdd00000,0x00000060cde00000)]
  0x000002146905a760 JavaThread "Unconstrained build operations Thread 24" [_thread_blocked, id=1496, stack(0x00000060cde00000,0x00000060cdf00000)]
  0x00000214690580e0 JavaThread "Unconstrained build operations Thread 25" [_thread_blocked, id=10540, stack(0x00000060cdf00000,0x00000060ce000000)]
  0x000002146905ac30 JavaThread "Unconstrained build operations Thread 26" [_thread_blocked, id=17160, stack(0x00000060ce000000,0x00000060ce100000)]
  0x000002146905b100 JavaThread "Unconstrained build operations Thread 27" [_thread_blocked, id=14648, stack(0x00000060ce100000,0x00000060ce200000)]
  0x000002146905f930 JavaThread "Unconstrained build operations Thread 28" [_thread_blocked, id=18336, stack(0x00000060ce200000,0x00000060ce300000)]
  0x000002146905eac0 JavaThread "Unconstrained build operations Thread 29" [_thread_blocked, id=7300, stack(0x00000060ce300000,0x00000060ce400000)]
  0x00000214690585b0 JavaThread "Unconstrained build operations Thread 30" [_thread_blocked, id=12048, stack(0x00000060ce400000,0x00000060ce500000)]
  0x0000021469058f50 JavaThread "Unconstrained build operations Thread 31" [_thread_blocked, id=15752, stack(0x00000060ce500000,0x00000060ce600000)]
  0x000002146905b5d0 JavaThread "Unconstrained build operations Thread 32" [_thread_blocked, id=15188, stack(0x00000060ce600000,0x00000060ce700000)]
  0x000002146905baa0 JavaThread "Unconstrained build operations Thread 33" [_thread_blocked, id=17880, stack(0x00000060ce700000,0x00000060ce800000)]
  0x000002146905bf70 JavaThread "Unconstrained build operations Thread 34" [_thread_blocked, id=5636, stack(0x00000060ce800000,0x00000060ce900000)]
  0x000002146905c440 JavaThread "Unconstrained build operations Thread 35" [_thread_blocked, id=1500, stack(0x00000060ce900000,0x00000060cea00000)]
  0x000002146905c910 JavaThread "Unconstrained build operations Thread 36" [_thread_blocked, id=12500, stack(0x00000060cea00000,0x00000060ceb00000)]
  0x000002146905cde0 JavaThread "Unconstrained build operations Thread 37" [_thread_blocked, id=11276, stack(0x00000060ceb00000,0x00000060cec00000)]
  0x000002146905d2b0 JavaThread "Unconstrained build operations Thread 38" [_thread_blocked, id=8, stack(0x00000060cec00000,0x00000060ced00000)]
  0x000002146fe063b0 JavaThread "Unconstrained build operations Thread 39" [_thread_blocked, id=6384, stack(0x00000060ced00000,0x00000060cee00000)]
  0x000002146fe08560 JavaThread "Unconstrained build operations Thread 40" [_thread_blocked, id=15780, stack(0x00000060cee00000,0x00000060cef00000)]
  0x000002146fe02050 JavaThread "Unconstrained build operations Thread 41" [_thread_blocked, id=19948, stack(0x00000060cef00000,0x00000060cf000000)]
  0x000002146fe07220 JavaThread "Unconstrained build operations Thread 42" [_thread_blocked, id=2456, stack(0x00000060cf000000,0x00000060cf100000)]
  0x000002146fe06d50 JavaThread "Cache worker for Java compile cache (C:\Users\user\.gradle\caches\8.0.2\javaCompile)" [_thread_blocked, id=6356, stack(0x00000060cf100000,0x00000060cf200000)]
  0x000002146fe06880 JavaThread "Build operations" [_thread_blocked, id=20232, stack(0x00000060cf200000,0x00000060cf300000)]
  0x000002146fe02520 JavaThread "Build operations Thread 2" [_thread_blocked, id=13936, stack(0x00000060cf300000,0x00000060cf400000)]
  0x000002146fe03860 JavaThread "Build operations Thread 3" [_thread_blocked, id=11152, stack(0x00000060cf400000,0x00000060cf500000)]
  0x000002146fe04200 JavaThread "Build operations Thread 4" [_thread_blocked, id=20136, stack(0x00000060cf500000,0x00000060cf600000)]
  0x000002146fe03390 JavaThread "Build operations Thread 5" [_thread_blocked, id=1540, stack(0x00000060cf600000,0x00000060cf700000)]
  0x000002146fe04ba0 JavaThread "Build operations Thread 6" [_thread_blocked, id=18164, stack(0x00000060cf700000,0x00000060cf800000)]
  0x000002146fe011e0 JavaThread "Build operations Thread 7" [_thread_blocked, id=9696, stack(0x00000060cf800000,0x00000060cf900000)]
  0x000002146fe029f0 JavaThread "Build operations Thread 8" [_thread_blocked, id=9848, stack(0x00000060cf900000,0x00000060cfa00000)]
  0x000002146fe02ec0 JavaThread "Unconstrained build operations Thread 43" [_thread_blocked, id=3440, stack(0x00000060cfa00000,0x00000060cfb00000)]
  0x000002146fe05540 JavaThread "Exec process" [_thread_in_native, id=18064, stack(0x00000060cfb00000,0x00000060cfc00000)]
  0x000002146fe07bc0 JavaThread "Exec process Thread 2" [_thread_blocked, id=16012, stack(0x00000060cfc00000,0x00000060cfd00000)]
  0x000002146fe08090 JavaThread "Exec process Thread 3" [_thread_blocked, id=18712, stack(0x00000060cfd00000,0x00000060cfe00000)]

Other Threads:
  0x000002146803d270 VMThread "VM Thread" [stack: 0x00000060c8100000,0x00000060c8200000] [id=17112]
  0x000002144d865b40 WatcherThread [stack: 0x00000060c9000000,0x00000060c9100000] [id=12064]
  0x000002144d847a50 GCTaskThread "GC Thread#0" [stack: 0x00000060c7c00000,0x00000060c7d00000] [id=18672]
  0x00000214694e28e0 GCTaskThread "GC Thread#1" [stack: 0x00000060c9300000,0x00000060c9400000] [id=10428]
  0x000002146a0e4c40 GCTaskThread "GC Thread#2" [stack: 0x00000060c9400000,0x00000060c9500000] [id=19708]
  0x00000214696d1650 GCTaskThread "GC Thread#3" [stack: 0x00000060c9500000,0x00000060c9600000] [id=5524]
  0x000002146a263130 GCTaskThread "GC Thread#4" [stack: 0x00000060c9600000,0x00000060c9700000] [id=4496]
  0x0000021469c90c90 GCTaskThread "GC Thread#5" [stack: 0x00000060c9700000,0x00000060c9800000] [id=5252]
  0x00000214694a0910 GCTaskThread "GC Thread#6" [stack: 0x00000060c9800000,0x00000060c9900000] [id=15756]
  0x00000214694a0bc0 GCTaskThread "GC Thread#7" [stack: 0x00000060c9900000,0x00000060c9a00000] [id=11080]
  0x000002144d84c740 ConcurrentGCThread "G1 Main Marker" [stack: 0x00000060c7d00000,0x00000060c7e00000] [id=8048]
  0x000002144d84cf00 ConcurrentGCThread "G1 Conc#0" [stack: 0x00000060c7e00000,0x00000060c7f00000] [id=12712]
  0x000002146c1668b0 ConcurrentGCThread "G1 Conc#1" [stack: 0x00000060cac00000,0x00000060cad00000] [id=16980]
  0x000002144d8feab0 ConcurrentGCThread "G1 Refine#0" [stack: 0x00000060c7f00000,0x00000060c8000000] [id=7388]
  0x000002146e8e6f30 ConcurrentGCThread "G1 Refine#1" [stack: 0x00000060cd000000,0x00000060cd100000] [id=19996]
  0x000002146e8ea010 ConcurrentGCThread "G1 Refine#2" [stack: 0x00000060cd100000,0x00000060cd200000] [id=7936]
  0x000002146e8e8630 ConcurrentGCThread "G1 Refine#3" [stack: 0x00000060cd200000,0x00000060cd300000] [id=16788]
  0x0000021467f044c0 ConcurrentGCThread "G1 Service" [stack: 0x00000060c8000000,0x00000060c8100000] [id=10772]

Threads with active compile tasks:
C2 CompilerThread0    13733 7753 %     4       groovy.lang.MetaClassImpl::inheritInterfaceNewMetaMethods @ 100 (195 bytes)

VM state: not at safepoint (normal execution)

VM Mutex/Monitor currently owned by a thread: None

Heap address: 0x00000000e0000000, size: 512 MB, Compressed Oops mode: 32-bit

CDS archive(s) mapped at: [0x0000000800000000-0x0000000800bc0000-0x0000000800bc0000), size 12320768, SharedBaseAddress: 0x0000000800000000, ArchiveRelocationMode: 0.
Compressed class space mapped at: 0x0000000800c00000-0x0000000814000000, reserved size: 322961408
Narrow klass base: 0x0000000800000000, Narrow klass shift: 0, Narrow klass range: 0x100000000

GC Precious Log:
 CPUs: 8 total, 8 available
 Memory: 16173M
 Large Page Support: Disabled
 NUMA Support: Disabled
 Compressed Oops: Enabled (32-bit)
 Heap Region Size: 1M
 Heap Min Capacity: 256M
 Heap Initial Capacity: 256M
 Heap Max Capacity: 512M
 Pre-touch: Disabled
 Parallel Workers: 8
 Concurrent Workers: 2
 Concurrent Refinement Workers: 8
 Periodic GC: Disabled

Heap:
 garbage-first heap   total 262144K, used 134190K [0x00000000e0000000, 0x0000000100000000)
  region size 1024K, 102 young (104448K), 13 survivors (13312K)
 Metaspace       used 59310K, committed 59904K, reserved 372736K
  class space    used 8282K, committed 8576K, reserved 315392K

Heap Regions: E=young(eden), S=young(survivor), O=old, HS=humongous(starts), HC=humongous(continues), CS=collection set, F=free, OA=open archive, CA=closed archive, TAMS=top-at-mark-start (previous, next)
|   0|0x00000000e0000000, 0x00000000e0100000, 0x00000000e0100000|100%|HS|  |TAMS 0x00000000e0100000, 0x00000000e0000000| Complete 
|   1|0x00000000e0100000, 0x00000000e0200000, 0x00000000e0200000|100%|HC|  |TAMS 0x00000000e0200000, 0x00000000e0100000| Complete 
|   2|0x00000000e0200000, 0x00000000e0300000, 0x00000000e0300000|100%|HC|  |TAMS 0x00000000e0300000, 0x00000000e0200000| Complete 
|   3|0x00000000e0300000, 0x00000000e0400000, 0x00000000e0400000|100%|HC|  |TAMS 0x00000000e0400000, 0x00000000e0300000| Complete 
|   4|0x00000000e0400000, 0x00000000e0500000, 0x00000000e0500000|100%| O|  |TAMS 0x00000000e0500000, 0x00000000e0400000| Untracked 
|   5|0x00000000e0500000, 0x00000000e0600000, 0x00000000e0600000|100%| O|  |TAMS 0x00000000e0600000, 0x00000000e0500000| Untracked 
|   6|0x00000000e0600000, 0x00000000e0700000, 0x00000000e0700000|100%| O|  |TAMS 0x00000000e0700000, 0x00000000e0600000| Untracked 
|   7|0x00000000e0700000, 0x00000000e0800000, 0x00000000e0800000|100%| O|  |TAMS 0x00000000e0800000, 0x00000000e0700000| Untracked 
|   8|0x00000000e0800000, 0x00000000e0900000, 0x00000000e0900000|100%| O|  |TAMS 0x00000000e0900000, 0x00000000e0800000| Untracked 
|   9|0x00000000e0900000, 0x00000000e0a00000, 0x00000000e0a00000|100%| O|  |TAMS 0x00000000e0a00000, 0x00000000e0900000| Untracked 
|  10|0x00000000e0a00000, 0x00000000e0b00000, 0x00000000e0b00000|100%| O|  |TAMS 0x00000000e0a5f800, 0x00000000e0a00000| Untracked 
|  11|0x00000000e0b00000, 0x00000000e0b00000, 0x00000000e0c00000|  0%| F|  |TAMS 0x00000000e0b00000, 0x00000000e0b00000| Untracked 
|  12|0x00000000e0c00000, 0x00000000e0d00000, 0x00000000e0d00000|100%| O|  |TAMS 0x00000000e0c00000, 0x00000000e0c00000| Untracked 
|  13|0x00000000e0d00000, 0x00000000e0e00000, 0x00000000e0e00000|100%| O|  |TAMS 0x00000000e0d00000, 0x00000000e0d00000| Untracked 
|  14|0x00000000e0e00000, 0x00000000e0f00000, 0x00000000e0f00000|100%| O|  |TAMS 0x00000000e0e00000, 0x00000000e0e00000| Untracked 
|  15|0x00000000e0f00000, 0x00000000e1000000, 0x00000000e1000000|100%| O|  |TAMS 0x00000000e0f00000, 0x00000000e0f00000| Untracked 
|  16|0x00000000e1000000, 0x00000000e1100000, 0x00000000e1100000|100%| O|  |TAMS 0x00000000e1000000, 0x00000000e1000000| Untracked 
|  17|0x00000000e1100000, 0x00000000e1200000, 0x00000000e1200000|100%| O|  |TAMS 0x00000000e1100000, 0x00000000e1100000| Untracked 
|  18|0x00000000e1200000, 0x00000000e1300000, 0x00000000e1300000|100%| O|  |TAMS 0x00000000e1200000, 0x00000000e1200000| Untracked 
|  19|0x00000000e1300000, 0x00000000e1400000, 0x00000000e1400000|100%| O|  |TAMS 0x00000000e1300000, 0x00000000e1300000| Untracked 
|  20|0x00000000e1400000, 0x00000000e1500000, 0x00000000e1500000|100%| O|  |TAMS 0x00000000e1400000, 0x00000000e1400000| Untracked 
|  21|0x00000000e1500000, 0x00000000e1600000, 0x00000000e1600000|100%| O|  |TAMS 0x00000000e1500000, 0x00000000e1500000| Untracked 
|  22|0x00000000e1600000, 0x00000000e1700000, 0x00000000e1700000|100%| O|  |TAMS 0x00000000e1600000, 0x00000000e1600000| Untracked 
|  23|0x00000000e1700000, 0x00000000e1800000, 0x00000000e1800000|100%| O|  |TAMS 0x00000000e1700000, 0x00000000e1700000| Untracked 
|  24|0x00000000e1800000, 0x00000000e1900000, 0x00000000e1900000|100%| O|  |TAMS 0x00000000e1800000, 0x00000000e1800000| Untracked 
|  25|0x00000000e1900000, 0x00000000e1a00000, 0x00000000e1a00000|100%| O|  |TAMS 0x00000000e1900000, 0x00000000e1900000| Untracked 
|  26|0x00000000e1a00000, 0x00000000e1b00000, 0x00000000e1b00000|100%| O|  |TAMS 0x00000000e1a00000, 0x00000000e1a00000| Untracked 
|  27|0x00000000e1b00000, 0x00000000e1c00000, 0x00000000e1c00000|100%| O|  |TAMS 0x00000000e1b00000, 0x00000000e1b00000| Untracked 
|  28|0x00000000e1c00000, 0x00000000e1d00000, 0x00000000e1d00000|100%| O|  |TAMS 0x00000000e1c00000, 0x00000000e1c00000| Untracked 
|  29|0x00000000e1d00000, 0x00000000e1e00000, 0x00000000e1e00000|100%| O|  |TAMS 0x00000000e1d00000, 0x00000000e1d00000| Untracked 
|  30|0x00000000e1e00000, 0x00000000e1f00000, 0x00000000e1f00000|100%| O|  |TAMS 0x00000000e1e00000, 0x00000000e1e00000| Untracked 
|  31|0x00000000e1f00000, 0x00000000e1fac000, 0x00000000e2000000| 67%| O|  |TAMS 0x00000000e1f00000, 0x00000000e1f00000| Untracked 
|  32|0x00000000e2000000, 0x00000000e2000000, 0x00000000e2100000|  0%| F|  |TAMS 0x00000000e2000000, 0x00000000e2000000| Untracked 
|  33|0x00000000e2100000, 0x00000000e2100000, 0x00000000e2200000|  0%| F|  |TAMS 0x00000000e2100000, 0x00000000e2100000| Untracked 
|  34|0x00000000e2200000, 0x00000000e2200000, 0x00000000e2300000|  0%| F|  |TAMS 0x00000000e2200000, 0x00000000e2200000| Untracked 
|  35|0x00000000e2300000, 0x00000000e2300000, 0x00000000e2400000|  0%| F|  |TAMS 0x00000000e2300000, 0x00000000e2300000| Untracked 
|  36|0x00000000e2400000, 0x00000000e2400000, 0x00000000e2500000|  0%| F|  |TAMS 0x00000000e2400000, 0x00000000e2400000| Untracked 
|  37|0x00000000e2500000, 0x00000000e2500000, 0x00000000e2600000|  0%| F|  |TAMS 0x00000000e2500000, 0x00000000e2500000| Untracked 
|  38|0x00000000e2600000, 0x00000000e2600000, 0x00000000e2700000|  0%| F|  |TAMS 0x00000000e2600000, 0x00000000e2600000| Untracked 
|  39|0x00000000e2700000, 0x00000000e2700000, 0x00000000e2800000|  0%| F|  |TAMS 0x00000000e2700000, 0x00000000e2700000| Untracked 
|  40|0x00000000e2800000, 0x00000000e2800000, 0x00000000e2900000|  0%| F|  |TAMS 0x00000000e2800000, 0x00000000e2800000| Untracked 
|  41|0x00000000e2900000, 0x00000000e2900000, 0x00000000e2a00000|  0%| F|  |TAMS 0x00000000e2900000, 0x00000000e2900000| Untracked 
|  42|0x00000000e2a00000, 0x00000000e2a00000, 0x00000000e2b00000|  0%| F|  |TAMS 0x00000000e2a00000, 0x00000000e2a00000| Untracked 
|  43|0x00000000e2b00000, 0x00000000e2b00000, 0x00000000e2c00000|  0%| F|  |TAMS 0x00000000e2b00000, 0x00000000e2b00000| Untracked 
|  44|0x00000000e2c00000, 0x00000000e2c00000, 0x00000000e2d00000|  0%| F|  |TAMS 0x00000000e2c00000, 0x00000000e2c00000| Untracked 
|  45|0x00000000e2d00000, 0x00000000e2d00000, 0x00000000e2e00000|  0%| F|  |TAMS 0x00000000e2d00000, 0x00000000e2d00000| Untracked 
|  46|0x00000000e2e00000, 0x00000000e2e00000, 0x00000000e2f00000|  0%| F|  |TAMS 0x00000000e2e00000, 0x00000000e2e00000| Untracked 
|  47|0x00000000e2f00000, 0x00000000e2f00000, 0x00000000e3000000|  0%| F|  |TAMS 0x00000000e2f00000, 0x00000000e2f00000| Untracked 
|  48|0x00000000e3000000, 0x00000000e3000000, 0x00000000e3100000|  0%| F|  |TAMS 0x00000000e3000000, 0x00000000e3000000| Untracked 
|  49|0x00000000e3100000, 0x00000000e3100000, 0x00000000e3200000|  0%| F|  |TAMS 0x00000000e3100000, 0x00000000e3100000| Untracked 
|  50|0x00000000e3200000, 0x00000000e3200000, 0x00000000e3300000|  0%| F|  |TAMS 0x00000000e3200000, 0x00000000e3200000| Untracked 
|  51|0x00000000e3300000, 0x00000000e3300000, 0x00000000e3400000|  0%| F|  |TAMS 0x00000000e3300000, 0x00000000e3300000| Untracked 
|  52|0x00000000e3400000, 0x00000000e3400000, 0x00000000e3500000|  0%| F|  |TAMS 0x00000000e3400000, 0x00000000e3400000| Untracked 
|  53|0x00000000e3500000, 0x00000000e3500000, 0x00000000e3600000|  0%| F|  |TAMS 0x00000000e3500000, 0x00000000e3500000| Untracked 
|  54|0x00000000e3600000, 0x00000000e3600000, 0x00000000e3700000|  0%| F|  |TAMS 0x00000000e3600000, 0x00000000e3600000| Untracked 
|  55|0x00000000e3700000, 0x00000000e3700000, 0x00000000e3800000|  0%| F|  |TAMS 0x00000000e3700000, 0x00000000e3700000| Untracked 
|  56|0x00000000e3800000, 0x00000000e3800000, 0x00000000e3900000|  0%| F|  |TAMS 0x00000000e3800000, 0x00000000e3800000| Untracked 
|  57|0x00000000e3900000, 0x00000000e3900000, 0x00000000e3a00000|  0%| F|  |TAMS 0x00000000e3900000, 0x00000000e3900000| Untracked 
|  58|0x00000000e3a00000, 0x00000000e3a00000, 0x00000000e3b00000|  0%| F|  |TAMS 0x00000000e3a00000, 0x00000000e3a00000| Untracked 
|  59|0x00000000e3b00000, 0x00000000e3b00000, 0x00000000e3c00000|  0%| F|  |TAMS 0x00000000e3b00000, 0x00000000e3b00000| Untracked 
|  60|0x00000000e3c00000, 0x00000000e3c00000, 0x00000000e3d00000|  0%| F|  |TAMS 0x00000000e3c00000, 0x00000000e3c00000| Untracked 
|  61|0x00000000e3d00000, 0x00000000e3d00000, 0x00000000e3e00000|  0%| F|  |TAMS 0x00000000e3d00000, 0x00000000e3d00000| Untracked 
|  62|0x00000000e3e00000, 0x00000000e3e00000, 0x00000000e3f00000|  0%| F|  |TAMS 0x00000000e3e00000, 0x00000000e3e00000| Untracked 
|  63|0x00000000e3f00000, 0x00000000e3f00000, 0x00000000e4000000|  0%| F|  |TAMS 0x00000000e3f00000, 0x00000000e3f00000| Untracked 
|  64|0x00000000e4000000, 0x00000000e4000000, 0x00000000e4100000|  0%| F|  |TAMS 0x00000000e4000000, 0x00000000e4000000| Untracked 
|  65|0x00000000e4100000, 0x00000000e4100000, 0x00000000e4200000|  0%| F|  |TAMS 0x00000000e4100000, 0x00000000e4100000| Untracked 
|  66|0x00000000e4200000, 0x00000000e4200000, 0x00000000e4300000|  0%| F|  |TAMS 0x00000000e4200000, 0x00000000e4200000| Untracked 
|  67|0x00000000e4300000, 0x00000000e4300000, 0x00000000e4400000|  0%| F|  |TAMS 0x00000000e4300000, 0x00000000e4300000| Untracked 
|  68|0x00000000e4400000, 0x00000000e4400000, 0x00000000e4500000|  0%| F|  |TAMS 0x00000000e4400000, 0x00000000e4400000| Untracked 
|  69|0x00000000e4500000, 0x00000000e4500000, 0x00000000e4600000|  0%| F|  |TAMS 0x00000000e4500000, 0x00000000e4500000| Untracked 
|  70|0x00000000e4600000, 0x00000000e4600000, 0x00000000e4700000|  0%| F|  |TAMS 0x00000000e4600000, 0x00000000e4600000| Untracked 
|  71|0x00000000e4700000, 0x00000000e4700000, 0x00000000e4800000|  0%| F|  |TAMS 0x00000000e4700000, 0x00000000e4700000| Untracked 
|  72|0x00000000e4800000, 0x00000000e4800000, 0x00000000e4900000|  0%| F|  |TAMS 0x00000000e4800000, 0x00000000e4800000| Untracked 
|  73|0x00000000e4900000, 0x00000000e4900000, 0x00000000e4a00000|  0%| F|  |TAMS 0x00000000e4900000, 0x00000000e4900000| Untracked 
|  74|0x00000000e4a00000, 0x00000000e4a00000, 0x00000000e4b00000|  0%| F|  |TAMS 0x00000000e4a00000, 0x00000000e4a00000| Untracked 
|  75|0x00000000e4b00000, 0x00000000e4b00000, 0x00000000e4c00000|  0%| F|  |TAMS 0x00000000e4b00000, 0x00000000e4b00000| Untracked 
|  76|0x00000000e4c00000, 0x00000000e4c00000, 0x00000000e4d00000|  0%| F|  |TAMS 0x00000000e4c00000, 0x00000000e4c00000| Untracked 
|  77|0x00000000e4d00000, 0x00000000e4d00000, 0x00000000e4e00000|  0%| F|  |TAMS 0x00000000e4d00000, 0x00000000e4d00000| Untracked 
|  78|0x00000000e4e00000, 0x00000000e4e00000, 0x00000000e4f00000|  0%| F|  |TAMS 0x00000000e4e00000, 0x00000000e4e00000| Untracked 
|  79|0x00000000e4f00000, 0x00000000e4f00000, 0x00000000e5000000|  0%| F|  |TAMS 0x00000000e4f00000, 0x00000000e4f00000| Untracked 
|  80|0x00000000e5000000, 0x00000000e5000000, 0x00000000e5100000|  0%| F|  |TAMS 0x00000000e5000000, 0x00000000e5000000| Untracked 
|  81|0x00000000e5100000, 0x00000000e5100000, 0x00000000e5200000|  0%| F|  |TAMS 0x00000000e5100000, 0x00000000e5100000| Untracked 
|  82|0x00000000e5200000, 0x00000000e5200000, 0x00000000e5300000|  0%| F|  |TAMS 0x00000000e5200000, 0x00000000e5200000| Untracked 
|  83|0x00000000e5300000, 0x00000000e5300000, 0x00000000e5400000|  0%| F|  |TAMS 0x00000000e5300000, 0x00000000e5300000| Untracked 
|  84|0x00000000e5400000, 0x00000000e5400000, 0x00000000e5500000|  0%| F|  |TAMS 0x00000000e5400000, 0x00000000e5400000| Untracked 
|  85|0x00000000e5500000, 0x00000000e5500000, 0x00000000e5600000|  0%| F|  |TAMS 0x00000000e5500000, 0x00000000e5500000| Untracked 
|  86|0x00000000e5600000, 0x00000000e5600000, 0x00000000e5700000|  0%| F|  |TAMS 0x00000000e5600000, 0x00000000e5600000| Untracked 
|  87|0x00000000e5700000, 0x00000000e5700000, 0x00000000e5800000|  0%| F|  |TAMS 0x00000000e5700000, 0x00000000e5700000| Untracked 
|  88|0x00000000e5800000, 0x00000000e5800000, 0x00000000e5900000|  0%| F|  |TAMS 0x00000000e5800000, 0x00000000e5800000| Untracked 
|  89|0x00000000e5900000, 0x00000000e5900000, 0x00000000e5a00000|  0%| F|  |TAMS 0x00000000e5900000, 0x00000000e5900000| Untracked 
|  90|0x00000000e5a00000, 0x00000000e5a5faa0, 0x00000000e5b00000| 37%| S|CS|TAMS 0x00000000e5a00000, 0x00000000e5a00000| Complete 
|  91|0x00000000e5b00000, 0x00000000e5c00000, 0x00000000e5c00000|100%| S|CS|TAMS 0x00000000e5b00000, 0x00000000e5b00000| Complete 
|  92|0x00000000e5c00000, 0x00000000e5d00000, 0x00000000e5d00000|100%| S|CS|TAMS 0x00000000e5c00000, 0x00000000e5c00000| Complete 
|  93|0x00000000e5d00000, 0x00000000e5e00000, 0x00000000e5e00000|100%| S|CS|TAMS 0x00000000e5d00000, 0x00000000e5d00000| Complete 
|  94|0x00000000e5e00000, 0x00000000e5f00000, 0x00000000e5f00000|100%| S|CS|TAMS 0x00000000e5e00000, 0x00000000e5e00000| Complete 
|  95|0x00000000e5f00000, 0x00000000e6000000, 0x00000000e6000000|100%| S|CS|TAMS 0x00000000e5f00000, 0x00000000e5f00000| Complete 
|  96|0x00000000e6000000, 0x00000000e6100000, 0x00000000e6100000|100%| S|CS|TAMS 0x00000000e6000000, 0x00000000e6000000| Complete 
|  97|0x00000000e6100000, 0x00000000e6200000, 0x00000000e6200000|100%| S|CS|TAMS 0x00000000e6100000, 0x00000000e6100000| Complete 
|  98|0x00000000e6200000, 0x00000000e6300000, 0x00000000e6300000|100%| S|CS|TAMS 0x00000000e6200000, 0x00000000e6200000| Complete 
|  99|0x00000000e6300000, 0x00000000e6400000, 0x00000000e6400000|100%| S|CS|TAMS 0x00000000e6300000, 0x00000000e6300000| Complete 
| 100|0x00000000e6400000, 0x00000000e6500000, 0x00000000e6500000|100%| S|CS|TAMS 0x00000000e6400000, 0x00000000e6400000| Complete 
| 101|0x00000000e6500000, 0x00000000e6600000, 0x00000000e6600000|100%| S|CS|TAMS 0x00000000e6500000, 0x00000000e6500000| Complete 
| 102|0x00000000e6600000, 0x00000000e6700000, 0x00000000e6700000|100%| S|CS|TAMS 0x00000000e6600000, 0x00000000e6600000| Complete 
| 103|0x00000000e6700000, 0x00000000e6700000, 0x00000000e6800000|  0%| F|  |TAMS 0x00000000e6700000, 0x00000000e6700000| Untracked 
| 104|0x00000000e6800000, 0x00000000e6800000, 0x00000000e6900000|  0%| F|  |TAMS 0x00000000e6800000, 0x00000000e6800000| Untracked 
| 105|0x00000000e6900000, 0x00000000e6900000, 0x00000000e6a00000|  0%| F|  |TAMS 0x00000000e6900000, 0x00000000e6900000| Untracked 
| 106|0x00000000e6a00000, 0x00000000e6a00000, 0x00000000e6b00000|  0%| F|  |TAMS 0x00000000e6a00000, 0x00000000e6a00000| Untracked 
| 107|0x00000000e6b00000, 0x00000000e6b00000, 0x00000000e6c00000|  0%| F|  |TAMS 0x00000000e6b00000, 0x00000000e6b00000| Untracked 
| 108|0x00000000e6c00000, 0x00000000e6c00000, 0x00000000e6d00000|  0%| F|  |TAMS 0x00000000e6c00000, 0x00000000e6c00000| Untracked 
| 109|0x00000000e6d00000, 0x00000000e6d00000, 0x00000000e6e00000|  0%| F|  |TAMS 0x00000000e6d00000, 0x00000000e6d00000| Untracked 
| 110|0x00000000e6e00000, 0x00000000e6e00000, 0x00000000e6f00000|  0%| F|  |TAMS 0x00000000e6e00000, 0x00000000e6e00000| Untracked 
| 111|0x00000000e6f00000, 0x00000000e6f00000, 0x00000000e7000000|  0%| F|  |TAMS 0x00000000e6f00000, 0x00000000e6f00000| Untracked 
| 112|0x00000000e7000000, 0x00000000e7000000, 0x00000000e7100000|  0%| F|  |TAMS 0x00000000e7000000, 0x00000000e7000000| Untracked 
| 113|0x00000000e7100000, 0x00000000e7100000, 0x00000000e7200000|  0%| F|  |TAMS 0x00000000e7100000, 0x00000000e7100000| Untracked 
| 114|0x00000000e7200000, 0x00000000e7200000, 0x00000000e7300000|  0%| F|  |TAMS 0x00000000e7200000, 0x00000000e7200000| Untracked 
| 115|0x00000000e7300000, 0x00000000e7300000, 0x00000000e7400000|  0%| F|  |TAMS 0x00000000e7300000, 0x00000000e7300000| Untracked 
| 116|0x00000000e7400000, 0x00000000e7400000, 0x00000000e7500000|  0%| F|  |TAMS 0x00000000e7400000, 0x00000000e7400000| Untracked 
| 117|0x00000000e7500000, 0x00000000e7500000, 0x00000000e7600000|  0%| F|  |TAMS 0x00000000e7500000, 0x00000000e7500000| Untracked 
| 118|0x00000000e7600000, 0x00000000e7600000, 0x00000000e7700000|  0%| F|  |TAMS 0x00000000e7600000, 0x00000000e7600000| Untracked 
| 119|0x00000000e7700000, 0x00000000e7700000, 0x00000000e7800000|  0%| F|  |TAMS 0x00000000e7700000, 0x00000000e7700000| Untracked 
| 120|0x00000000e7800000, 0x00000000e7800000, 0x00000000e7900000|  0%| F|  |TAMS 0x00000000e7800000, 0x00000000e7800000| Untracked 
| 121|0x00000000e7900000, 0x00000000e7900000, 0x00000000e7a00000|  0%| F|  |TAMS 0x00000000e7900000, 0x00000000e7900000| Untracked 
| 122|0x00000000e7a00000, 0x00000000e7a00000, 0x00000000e7b00000|  0%| F|  |TAMS 0x00000000e7a00000, 0x00000000e7a00000| Untracked 
| 123|0x00000000e7b00000, 0x00000000e7b00000, 0x00000000e7c00000|  0%| F|  |TAMS 0x00000000e7b00000, 0x00000000e7b00000| Untracked 
| 124|0x00000000e7c00000, 0x00000000e7c00000, 0x00000000e7d00000|  0%| F|  |TAMS 0x00000000e7c00000, 0x00000000e7c00000| Untracked 
| 125|0x00000000e7d00000, 0x00000000e7d00000, 0x00000000e7e00000|  0%| F|  |TAMS 0x00000000e7d00000, 0x00000000e7d00000| Untracked 
| 126|0x00000000e7e00000, 0x00000000e7e00000, 0x00000000e7f00000|  0%| F|  |TAMS 0x00000000e7e00000, 0x00000000e7e00000| Untracked 
| 127|0x00000000e7f00000, 0x00000000e7f00000, 0x00000000e8000000|  0%| F|  |TAMS 0x00000000e7f00000, 0x00000000e7f00000| Untracked 
| 128|0x00000000e8000000, 0x00000000e8000000, 0x00000000e8100000|  0%| F|  |TAMS 0x00000000e8000000, 0x00000000e8000000| Untracked 
| 129|0x00000000e8100000, 0x00000000e8100000, 0x00000000e8200000|  0%| F|  |TAMS 0x00000000e8100000, 0x00000000e8100000| Untracked 
| 130|0x00000000e8200000, 0x00000000e8200000, 0x00000000e8300000|  0%| F|  |TAMS 0x00000000e8200000, 0x00000000e8200000| Untracked 
| 131|0x00000000e8300000, 0x00000000e8300000, 0x00000000e8400000|  0%| F|  |TAMS 0x00000000e8300000, 0x00000000e8300000| Untracked 
| 132|0x00000000e8400000, 0x00000000e8400000, 0x00000000e8500000|  0%| F|  |TAMS 0x00000000e8400000, 0x00000000e8400000| Untracked 
| 133|0x00000000e8500000, 0x00000000e8500000, 0x00000000e8600000|  0%| F|  |TAMS 0x00000000e8500000, 0x00000000e8500000| Untracked 
| 134|0x00000000e8600000, 0x00000000e8600000, 0x00000000e8700000|  0%| F|  |TAMS 0x00000000e8600000, 0x00000000e8600000| Untracked 
| 135|0x00000000e8700000, 0x00000000e8700000, 0x00000000e8800000|  0%| F|  |TAMS 0x00000000e8700000, 0x00000000e8700000| Untracked 
| 136|0x00000000e8800000, 0x00000000e8800000, 0x00000000e8900000|  0%| F|  |TAMS 0x00000000e8800000, 0x00000000e8800000| Untracked 
| 137|0x00000000e8900000, 0x00000000e8900000, 0x00000000e8a00000|  0%| F|  |TAMS 0x00000000e8900000, 0x00000000e8900000| Untracked 
| 138|0x00000000e8a00000, 0x00000000e8a00000, 0x00000000e8b00000|  0%| F|  |TAMS 0x00000000e8a00000, 0x00000000e8a00000| Untracked 
| 139|0x00000000e8b00000, 0x00000000e8b00000, 0x00000000e8c00000|  0%| F|  |TAMS 0x00000000e8b00000, 0x00000000e8b00000| Untracked 
| 140|0x00000000e8c00000, 0x00000000e8c00000, 0x00000000e8d00000|  0%| F|  |TAMS 0x00000000e8c00000, 0x00000000e8c00000| Untracked 
| 141|0x00000000e8d00000, 0x00000000e8d00000, 0x00000000e8e00000|  0%| F|  |TAMS 0x00000000e8d00000, 0x00000000e8d00000| Untracked 
| 142|0x00000000e8e00000, 0x00000000e8e00000, 0x00000000e8f00000|  0%| F|  |TAMS 0x00000000e8e00000, 0x00000000e8e00000| Untracked 
| 143|0x00000000e8f00000, 0x00000000e8f00000, 0x00000000e9000000|  0%| F|  |TAMS 0x00000000e8f00000, 0x00000000e8f00000| Untracked 
| 144|0x00000000e9000000, 0x00000000e9000000, 0x00000000e9100000|  0%| F|  |TAMS 0x00000000e9000000, 0x00000000e9000000| Untracked 
| 145|0x00000000e9100000, 0x00000000e9100000, 0x00000000e9200000|  0%| F|  |TAMS 0x00000000e9100000, 0x00000000e9100000| Untracked 
| 146|0x00000000e9200000, 0x00000000e9200000, 0x00000000e9300000|  0%| F|  |TAMS 0x00000000e9200000, 0x00000000e9200000| Untracked 
| 147|0x00000000e9300000, 0x00000000e9300000, 0x00000000e9400000|  0%| F|  |TAMS 0x00000000e9300000, 0x00000000e9300000| Untracked 
| 148|0x00000000e9400000, 0x00000000e9400000, 0x00000000e9500000|  0%| F|  |TAMS 0x00000000e9400000, 0x00000000e9400000| Untracked 
| 149|0x00000000e9500000, 0x00000000e9500000, 0x00000000e9600000|  0%| F|  |TAMS 0x00000000e9500000, 0x00000000e9500000| Untracked 
| 150|0x00000000e9600000, 0x00000000e9600000, 0x00000000e9700000|  0%| F|  |TAMS 0x00000000e9600000, 0x00000000e9600000| Untracked 
| 151|0x00000000e9700000, 0x00000000e9700000, 0x00000000e9800000|  0%| F|  |TAMS 0x00000000e9700000, 0x00000000e9700000| Untracked 
| 152|0x00000000e9800000, 0x00000000e9800000, 0x00000000e9900000|  0%| F|  |TAMS 0x00000000e9800000, 0x00000000e9800000| Untracked 
| 153|0x00000000e9900000, 0x00000000e9900000, 0x00000000e9a00000|  0%| F|  |TAMS 0x00000000e9900000, 0x00000000e9900000| Untracked 
| 154|0x00000000e9a00000, 0x00000000e9a00000, 0x00000000e9b00000|  0%| F|  |TAMS 0x00000000e9a00000, 0x00000000e9a00000| Untracked 
| 155|0x00000000e9b00000, 0x00000000e9b00000, 0x00000000e9c00000|  0%| F|  |TAMS 0x00000000e9b00000, 0x00000000e9b00000| Untracked 
| 156|0x00000000e9c00000, 0x00000000e9c00000, 0x00000000e9d00000|  0%| F|  |TAMS 0x00000000e9c00000, 0x00000000e9c00000| Untracked 
| 157|0x00000000e9d00000, 0x00000000e9d00000, 0x00000000e9e00000|  0%| F|  |TAMS 0x00000000e9d00000, 0x00000000e9d00000| Untracked 
| 158|0x00000000e9e00000, 0x00000000e9e00000, 0x00000000e9f00000|  0%| F|  |TAMS 0x00000000e9e00000, 0x00000000e9e00000| Untracked 
| 159|0x00000000e9f00000, 0x00000000e9f00000, 0x00000000ea000000|  0%| F|  |TAMS 0x00000000e9f00000, 0x00000000e9f00000| Untracked 
| 160|0x00000000ea000000, 0x00000000ea000000, 0x00000000ea100000|  0%| F|  |TAMS 0x00000000ea000000, 0x00000000ea000000| Untracked 
| 161|0x00000000ea100000, 0x00000000ea100000, 0x00000000ea200000|  0%| F|  |TAMS 0x00000000ea100000, 0x00000000ea100000| Untracked 
| 162|0x00000000ea200000, 0x00000000ea200000, 0x00000000ea300000|  0%| F|  |TAMS 0x00000000ea200000, 0x00000000ea200000| Untracked 
| 163|0x00000000ea300000, 0x00000000ea300000, 0x00000000ea400000|  0%| F|  |TAMS 0x00000000ea300000, 0x00000000ea300000| Untracked 
| 164|0x00000000ea400000, 0x00000000ea400000, 0x00000000ea500000|  0%| F|  |TAMS 0x00000000ea400000, 0x00000000ea400000| Untracked 
| 165|0x00000000ea500000, 0x00000000ea500000, 0x00000000ea600000|  0%| F|  |TAMS 0x00000000ea500000, 0x00000000ea500000| Untracked 
| 166|0x00000000ea600000, 0x00000000ea600000, 0x00000000ea700000|  0%| F|  |TAMS 0x00000000ea600000, 0x00000000ea600000| Untracked 
| 167|0x00000000ea700000, 0x00000000ea7e9be8, 0x00000000ea800000| 91%| E|  |TAMS 0x00000000ea700000, 0x00000000ea700000| Complete 
| 168|0x00000000ea800000, 0x00000000ea900000, 0x00000000ea900000|100%| E|CS|TAMS 0x00000000ea800000, 0x00000000ea800000| Complete 
| 169|0x00000000ea900000, 0x00000000eaa00000, 0x00000000eaa00000|100%| E|CS|TAMS 0x00000000ea900000, 0x00000000ea900000| Complete 
| 170|0x00000000eaa00000, 0x00000000eab00000, 0x00000000eab00000|100%| E|CS|TAMS 0x00000000eaa00000, 0x00000000eaa00000| Complete 
| 171|0x00000000eab00000, 0x00000000eac00000, 0x00000000eac00000|100%| E|CS|TAMS 0x00000000eab00000, 0x00000000eab00000| Complete 
| 172|0x00000000eac00000, 0x00000000ead00000, 0x00000000ead00000|100%| E|CS|TAMS 0x00000000eac00000, 0x00000000eac00000| Complete 
| 173|0x00000000ead00000, 0x00000000eae00000, 0x00000000eae00000|100%| E|CS|TAMS 0x00000000ead00000, 0x00000000ead00000| Complete 
| 174|0x00000000eae00000, 0x00000000eaf00000, 0x00000000eaf00000|100%| E|CS|TAMS 0x00000000eae00000, 0x00000000eae00000| Complete 
| 175|0x00000000eaf00000, 0x00000000eb000000, 0x00000000eb000000|100%| E|CS|TAMS 0x00000000eaf00000, 0x00000000eaf00000| Complete 
| 176|0x00000000eb000000, 0x00000000eb100000, 0x00000000eb100000|100%| E|CS|TAMS 0x00000000eb000000, 0x00000000eb000000| Complete 
| 177|0x00000000eb100000, 0x00000000eb200000, 0x00000000eb200000|100%| E|CS|TAMS 0x00000000eb100000, 0x00000000eb100000| Complete 
| 178|0x00000000eb200000, 0x00000000eb300000, 0x00000000eb300000|100%| E|CS|TAMS 0x00000000eb200000, 0x00000000eb200000| Complete 
| 179|0x00000000eb300000, 0x00000000eb400000, 0x00000000eb400000|100%| E|CS|TAMS 0x00000000eb300000, 0x00000000eb300000| Complete 
| 180|0x00000000eb400000, 0x00000000eb500000, 0x00000000eb500000|100%| E|CS|TAMS 0x00000000eb400000, 0x00000000eb400000| Complete 
| 181|0x00000000eb500000, 0x00000000eb600000, 0x00000000eb600000|100%| E|CS|TAMS 0x00000000eb500000, 0x00000000eb500000| Complete 
| 182|0x00000000eb600000, 0x00000000eb700000, 0x00000000eb700000|100%| E|CS|TAMS 0x00000000eb600000, 0x00000000eb600000| Complete 
| 183|0x00000000eb700000, 0x00000000eb800000, 0x00000000eb800000|100%| E|CS|TAMS 0x00000000eb700000, 0x00000000eb700000| Complete 
| 184|0x00000000eb800000, 0x00000000eb900000, 0x00000000eb900000|100%| E|CS|TAMS 0x00000000eb800000, 0x00000000eb800000| Complete 
| 185|0x00000000eb900000, 0x00000000eba00000, 0x00000000eba00000|100%| E|CS|TAMS 0x00000000eb900000, 0x00000000eb900000| Complete 
| 186|0x00000000eba00000, 0x00000000ebb00000, 0x00000000ebb00000|100%| E|CS|TAMS 0x00000000eba00000, 0x00000000eba00000| Complete 
| 187|0x00000000ebb00000, 0x00000000ebc00000, 0x00000000ebc00000|100%| E|CS|TAMS 0x00000000ebb00000, 0x00000000ebb00000| Complete 
| 188|0x00000000ebc00000, 0x00000000ebd00000, 0x00000000ebd00000|100%| E|CS|TAMS 0x00000000ebc00000, 0x00000000ebc00000| Complete 
| 189|0x00000000ebd00000, 0x00000000ebe00000, 0x00000000ebe00000|100%| E|CS|TAMS 0x00000000ebd00000, 0x00000000ebd00000| Complete 
| 190|0x00000000ebe00000, 0x00000000ebf00000, 0x00000000ebf00000|100%| E|CS|TAMS 0x00000000ebe00000, 0x00000000ebe00000| Complete 
| 191|0x00000000ebf00000, 0x00000000ec000000, 0x00000000ec000000|100%| E|CS|TAMS 0x00000000ebf00000, 0x00000000ebf00000| Complete 
| 192|0x00000000ec000000, 0x00000000ec100000, 0x00000000ec100000|100%| E|CS|TAMS 0x00000000ec000000, 0x00000000ec000000| Complete 
| 193|0x00000000ec100000, 0x00000000ec200000, 0x00000000ec200000|100%| E|CS|TAMS 0x00000000ec100000, 0x00000000ec100000| Complete 
| 194|0x00000000ec200000, 0x00000000ec300000, 0x00000000ec300000|100%| E|CS|TAMS 0x00000000ec200000, 0x00000000ec200000| Complete 
| 195|0x00000000ec300000, 0x00000000ec400000, 0x00000000ec400000|100%| E|CS|TAMS 0x00000000ec300000, 0x00000000ec300000| Complete 
| 196|0x00000000ec400000, 0x00000000ec500000, 0x00000000ec500000|100%| E|CS|TAMS 0x00000000ec400000, 0x00000000ec400000| Complete 
| 197|0x00000000ec500000, 0x00000000ec600000, 0x00000000ec600000|100%| E|CS|TAMS 0x00000000ec500000, 0x00000000ec500000| Complete 
| 198|0x00000000ec600000, 0x00000000ec700000, 0x00000000ec700000|100%| E|CS|TAMS 0x00000000ec600000, 0x00000000ec600000| Complete 
| 199|0x00000000ec700000, 0x00000000ec800000, 0x00000000ec800000|100%| E|CS|TAMS 0x00000000ec700000, 0x00000000ec700000| Complete 
| 200|0x00000000ec800000, 0x00000000ec900000, 0x00000000ec900000|100%| E|CS|TAMS 0x00000000ec800000, 0x00000000ec800000| Complete 
| 201|0x00000000ec900000, 0x00000000eca00000, 0x00000000eca00000|100%| E|CS|TAMS 0x00000000ec900000, 0x00000000ec900000| Complete 
| 202|0x00000000eca00000, 0x00000000ecb00000, 0x00000000ecb00000|100%| E|CS|TAMS 0x00000000eca00000, 0x00000000eca00000| Complete 
| 203|0x00000000ecb00000, 0x00000000ecc00000, 0x00000000ecc00000|100%| E|CS|TAMS 0x00000000ecb00000, 0x00000000ecb00000| Complete 
| 204|0x00000000ecc00000, 0x00000000ecd00000, 0x00000000ecd00000|100%| E|CS|TAMS 0x00000000ecc00000, 0x00000000ecc00000| Complete 
| 205|0x00000000ecd00000, 0x00000000ece00000, 0x00000000ece00000|100%| E|CS|TAMS 0x00000000ecd00000, 0x00000000ecd00000| Complete 
| 206|0x00000000ece00000, 0x00000000ecf00000, 0x00000000ecf00000|100%| E|CS|TAMS 0x00000000ece00000, 0x00000000ece00000| Complete 
| 207|0x00000000ecf00000, 0x00000000ed000000, 0x00000000ed000000|100%| E|CS|TAMS 0x00000000ecf00000, 0x00000000ecf00000| Complete 
| 208|0x00000000ed000000, 0x00000000ed100000, 0x00000000ed100000|100%| E|CS|TAMS 0x00000000ed000000, 0x00000000ed000000| Complete 
| 209|0x00000000ed100000, 0x00000000ed200000, 0x00000000ed200000|100%| E|CS|TAMS 0x00000000ed100000, 0x00000000ed100000| Complete 
| 210|0x00000000ed200000, 0x00000000ed300000, 0x00000000ed300000|100%| E|CS|TAMS 0x00000000ed200000, 0x00000000ed200000| Complete 
| 211|0x00000000ed300000, 0x00000000ed400000, 0x00000000ed400000|100%| E|CS|TAMS 0x00000000ed300000, 0x00000000ed300000| Complete 
| 212|0x00000000ed400000, 0x00000000ed500000, 0x00000000ed500000|100%| E|CS|TAMS 0x00000000ed400000, 0x00000000ed400000| Complete 
| 213|0x00000000ed500000, 0x00000000ed600000, 0x00000000ed600000|100%| E|CS|TAMS 0x00000000ed500000, 0x00000000ed500000| Complete 
| 214|0x00000000ed600000, 0x00000000ed700000, 0x00000000ed700000|100%| E|CS|TAMS 0x00000000ed600000, 0x00000000ed600000| Complete 
| 215|0x00000000ed700000, 0x00000000ed800000, 0x00000000ed800000|100%| E|CS|TAMS 0x00000000ed700000, 0x00000000ed700000| Complete 
| 216|0x00000000ed800000, 0x00000000ed900000, 0x00000000ed900000|100%| E|CS|TAMS 0x00000000ed800000, 0x00000000ed800000| Complete 
| 217|0x00000000ed900000, 0x00000000eda00000, 0x00000000eda00000|100%| E|CS|TAMS 0x00000000ed900000, 0x00000000ed900000| Complete 
| 218|0x00000000eda00000, 0x00000000edb00000, 0x00000000edb00000|100%| E|CS|TAMS 0x00000000eda00000, 0x00000000eda00000| Complete 
| 219|0x00000000edb00000, 0x00000000edc00000, 0x00000000edc00000|100%| E|CS|TAMS 0x00000000edb00000, 0x00000000edb00000| Complete 
| 220|0x00000000edc00000, 0x00000000edd00000, 0x00000000edd00000|100%| E|CS|TAMS 0x00000000edc00000, 0x00000000edc00000| Complete 
| 221|0x00000000edd00000, 0x00000000ede00000, 0x00000000ede00000|100%| E|CS|TAMS 0x00000000edd00000, 0x00000000edd00000| Complete 
| 222|0x00000000ede00000, 0x00000000edf00000, 0x00000000edf00000|100%| E|CS|TAMS 0x00000000ede00000, 0x00000000ede00000| Complete 
| 223|0x00000000edf00000, 0x00000000ee000000, 0x00000000ee000000|100%| E|CS|TAMS 0x00000000edf00000, 0x00000000edf00000| Complete 
| 224|0x00000000ee000000, 0x00000000ee100000, 0x00000000ee100000|100%| E|CS|TAMS 0x00000000ee000000, 0x00000000ee000000| Complete 
| 225|0x00000000ee100000, 0x00000000ee200000, 0x00000000ee200000|100%| E|CS|TAMS 0x00000000ee100000, 0x00000000ee100000| Complete 
| 226|0x00000000ee200000, 0x00000000ee300000, 0x00000000ee300000|100%| E|CS|TAMS 0x00000000ee200000, 0x00000000ee200000| Complete 
| 227|0x00000000ee300000, 0x00000000ee400000, 0x00000000ee400000|100%| E|CS|TAMS 0x00000000ee300000, 0x00000000ee300000| Complete 
| 228|0x00000000ee400000, 0x00000000ee500000, 0x00000000ee500000|100%| E|CS|TAMS 0x00000000ee400000, 0x00000000ee400000| Complete 
| 229|0x00000000ee500000, 0x00000000ee600000, 0x00000000ee600000|100%| E|CS|TAMS 0x00000000ee500000, 0x00000000ee500000| Complete 
| 230|0x00000000ee600000, 0x00000000ee700000, 0x00000000ee700000|100%| E|CS|TAMS 0x00000000ee600000, 0x00000000ee600000| Complete 
| 231|0x00000000ee700000, 0x00000000ee800000, 0x00000000ee800000|100%| E|CS|TAMS 0x00000000ee700000, 0x00000000ee700000| Complete 
| 232|0x00000000ee800000, 0x00000000ee900000, 0x00000000ee900000|100%| E|CS|TAMS 0x00000000ee800000, 0x00000000ee800000| Complete 
| 233|0x00000000ee900000, 0x00000000eea00000, 0x00000000eea00000|100%| E|CS|TAMS 0x00000000ee900000, 0x00000000ee900000| Complete 
| 234|0x00000000eea00000, 0x00000000eeb00000, 0x00000000eeb00000|100%| E|CS|TAMS 0x00000000eea00000, 0x00000000eea00000| Complete 
| 235|0x00000000eeb00000, 0x00000000eec00000, 0x00000000eec00000|100%| E|CS|TAMS 0x00000000eeb00000, 0x00000000eeb00000| Complete 
| 236|0x00000000eec00000, 0x00000000eed00000, 0x00000000eed00000|100%| E|CS|TAMS 0x00000000eec00000, 0x00000000eec00000| Complete 
| 237|0x00000000eed00000, 0x00000000eee00000, 0x00000000eee00000|100%| E|CS|TAMS 0x00000000eed00000, 0x00000000eed00000| Complete 
| 238|0x00000000eee00000, 0x00000000eef00000, 0x00000000eef00000|100%| E|CS|TAMS 0x00000000eee00000, 0x00000000eee00000| Complete 
| 239|0x00000000eef00000, 0x00000000ef000000, 0x00000000ef000000|100%| E|CS|TAMS 0x00000000eef00000, 0x00000000eef00000| Complete 
| 240|0x00000000ef000000, 0x00000000ef100000, 0x00000000ef100000|100%| E|CS|TAMS 0x00000000ef000000, 0x00000000ef000000| Complete 
| 241|0x00000000ef100000, 0x00000000ef200000, 0x00000000ef200000|100%| E|CS|TAMS 0x00000000ef100000, 0x00000000ef100000| Complete 
| 242|0x00000000ef200000, 0x00000000ef300000, 0x00000000ef300000|100%| E|CS|TAMS 0x00000000ef200000, 0x00000000ef200000| Complete 
| 243|0x00000000ef300000, 0x00000000ef400000, 0x00000000ef400000|100%| E|CS|TAMS 0x00000000ef300000, 0x00000000ef300000| Complete 
| 244|0x00000000ef400000, 0x00000000ef500000, 0x00000000ef500000|100%| E|CS|TAMS 0x00000000ef400000, 0x00000000ef400000| Complete 
| 245|0x00000000ef500000, 0x00000000ef600000, 0x00000000ef600000|100%| E|CS|TAMS 0x00000000ef500000, 0x00000000ef500000| Complete 
| 246|0x00000000ef600000, 0x00000000ef700000, 0x00000000ef700000|100%| E|CS|TAMS 0x00000000ef600000, 0x00000000ef600000| Complete 
| 247|0x00000000ef700000, 0x00000000ef800000, 0x00000000ef800000|100%| E|CS|TAMS 0x00000000ef700000, 0x00000000ef700000| Complete 
| 248|0x00000000ef800000, 0x00000000ef900000, 0x00000000ef900000|100%| E|CS|TAMS 0x00000000ef800000, 0x00000000ef800000| Complete 
| 249|0x00000000ef900000, 0x00000000efa00000, 0x00000000efa00000|100%| E|CS|TAMS 0x00000000ef900000, 0x00000000ef900000| Complete 
| 250|0x00000000efa00000, 0x00000000efb00000, 0x00000000efb00000|100%| E|CS|TAMS 0x00000000efa00000, 0x00000000efa00000| Complete 
| 251|0x00000000efb00000, 0x00000000efc00000, 0x00000000efc00000|100%| E|CS|TAMS 0x00000000efb00000, 0x00000000efb00000| Complete 
| 252|0x00000000efc00000, 0x00000000efd00000, 0x00000000efd00000|100%| E|CS|TAMS 0x00000000efc00000, 0x00000000efc00000| Complete 
| 253|0x00000000efd00000, 0x00000000efe00000, 0x00000000efe00000|100%| E|CS|TAMS 0x00000000efd00000, 0x00000000efd00000| Complete 
| 254|0x00000000efe00000, 0x00000000eff00000, 0x00000000eff00000|100%| E|CS|TAMS 0x00000000efe00000, 0x00000000efe00000| Complete 
| 255|0x00000000eff00000, 0x00000000f0000000, 0x00000000f0000000|100%| E|CS|TAMS 0x00000000eff00000, 0x00000000eff00000| Complete 

Card table byte_map: [0x0000021464450000,0x0000021464550000] _byte_map_base: 0x0000021463d50000

Marking Bits (Prev, Next): (CMBitMap*) 0x000002144d847e10, (CMBitMap*) 0x000002144d847e50
 Prev Bits: [0x0000021464650000, 0x0000021464e50000)
 Next Bits: [0x0000021464e50000, 0x0000021465650000)

Polling page: 0x000002144b7e0000

Metaspace:

Usage:
  Non-class:     49.86 MB used.
      Class:      8.09 MB used.
       Both:     57.96 MB used.

Virtual space:
  Non-class space:       56.00 MB reserved,      50.12 MB ( 90%) committed,  7 nodes.
      Class space:      308.00 MB reserved,       8.38 MB (  3%) committed,  1 nodes.
             Both:      364.00 MB reserved,      58.50 MB ( 16%) committed. 

Chunk freelists:
   Non-Class:  1.57 MB
       Class:  3.57 MB
        Both:  5.14 MB

MaxMetaspaceSize: 384.00 MB
CompressedClassSpaceSize: 308.00 MB
Initial GC threshold: 21.00 MB
Current GC threshold: 59.00 MB
CDS: on
MetaspaceReclaimPolicy: balanced
 - commit_granule_bytes: 65536.
 - commit_granule_words: 8192.
 - virtual_space_node_default_size: 1048576.
 - enlarge_chunks_in_place: 1.
 - new_chunks_are_fully_committed: 0.
 - uncommit_free_chunks: 1.
 - use_allocation_guard: 0.
 - handle_deallocations: 1.


Internal statistics:

num_allocs_failed_limit: 6.
num_arena_births: 660.
num_arena_deaths: 0.
num_vsnodes_births: 8.
num_vsnodes_deaths: 0.
num_space_committed: 936.
num_space_uncommitted: 0.
num_chunks_returned_to_freelist: 6.
num_chunks_taken_from_freelist: 3019.
num_chunk_merges: 6.
num_chunk_splits: 2002.
num_chunks_enlarged: 1334.
num_purges: 0.
num_inconsistent_stats: 0.

CodeHeap 'non-profiled nmethods': size=120000Kb used=4353Kb max_used=4353Kb free=115646Kb
 bounds [0x000002145caf0000, 0x000002145cf40000, 0x0000021464020000]
CodeHeap 'profiled nmethods': size=120000Kb used=14270Kb max_used=14270Kb free=105729Kb
 bounds [0x00000214555c0000, 0x00000214563b0000, 0x000002145caf0000]
CodeHeap 'non-nmethods': size=5760Kb used=2410Kb max_used=2527Kb free=3349Kb
 bounds [0x0000021455020000, 0x00000214552b0000, 0x00000214555c0000]
 total_blobs=7888 nmethods=7020 adapters=778
 compilation: enabled
              stopped_count=0, restarted_count=0
 full_count=0

Compilation events (20 events):
Event: 13.607 Thread 0x00000214680651e0 7781       3       java.lang.ProcessEnvironment$CheckedEntry::getKey (13 bytes)
Event: 13.607 Thread 0x00000214680651e0 nmethod 7781 0x00000214563a7d90 code [0x00000214563a7f40, 0x00000214563a8208]
Event: 13.607 Thread 0x00000214680651e0 7778       3       java.lang.ProcessEnvironment$CheckedEntrySet$1::next (5 bytes)
Event: 13.607 Thread 0x00000214680651e0 nmethod 7778 0x00000214563a8310 code [0x00000214563a84e0, 0x00000214563a89c8]
Event: 13.607 Thread 0x00000214680651e0 7779       3       java.lang.ProcessEnvironment$CheckedEntrySet$1::next (20 bytes)
Event: 13.607 Thread 0x00000214680651e0 nmethod 7779 0x00000214563a8b90 code [0x00000214563a8d60, 0x00000214563a91c8]
Event: 13.681 Thread 0x00000214680651e0 7785       3       sun.nio.cs.SingleByte::withResult (25 bytes)
Event: 13.681 Thread 0x00000214680651e0 nmethod 7785 0x00000214563a9310 code [0x00000214563a94e0, 0x00000214563a9918]
Event: 13.682 Thread 0x00000214680651e0 7786       1       org.gradle.internal.io.StreamByteBuffer::access$000 (5 bytes)
Event: 13.682 Thread 0x00000214680651e0 nmethod 7786 0x000002145cf28090 code [0x000002145cf28220, 0x000002145cf282d8]
Event: 13.682 Thread 0x00000214680651e0 7787       3       org.gradle.internal.io.StreamByteBuffer$StreamByteBufferChunk::write (32 bytes)
Event: 13.682 Thread 0x00000214680651e0 nmethod 7787 0x00000214563a9a90 code [0x00000214563a9c40, 0x00000214563a9df8]
Event: 13.682 Thread 0x00000214680651e0 7789       3       org.gradle.internal.io.StreamByteBuffer$StreamByteBufferOutputStream::write (22 bytes)
Event: 13.683 Thread 0x00000214680651e0 nmethod 7789 0x00000214563a9f10 code [0x00000214563aa0c0, 0x00000214563aa298]
Event: 13.683 Thread 0x00000214680651e0 7790       3       org.gradle.internal.io.LineBufferingOutputStream::endsWithLineSeparator (27 bytes)
Event: 13.683 Thread 0x00000214680651e0 nmethod 7790 0x00000214563aa410 code [0x00000214563aa5a0, 0x00000214563aa758]
Event: 13.683 Thread 0x00000214680651e0 7791       3       org.gradle.internal.io.LineBufferingOutputStream::write (59 bytes)
Event: 13.685 Thread 0x00000214680651e0 nmethod 7791 0x00000214563aa810 code [0x00000214563aaac0, 0x00000214563ab938]
Event: 13.685 Thread 0x00000214680651e0 7788       1       org.gradle.internal.logging.events.RenderableOutputEvent::getBuildOperationId (5 bytes)
Event: 13.685 Thread 0x00000214680651e0 nmethod 7788 0x000002145cf28390 code [0x000002145cf28520, 0x000002145cf285f8]

GC Heap History (10 events):
Event: 0.800 GC heap before
{Heap before GC invocations=0 (full 0):
 garbage-first heap   total 262144K, used 26624K [0x00000000e0000000, 0x0000000100000000)
  region size 1024K, 23 young (23552K), 0 survivors (0K)
 Metaspace       used 2988K, committed 3136K, reserved 323584K
  class space    used 381K, committed 448K, reserved 315392K
}
Event: 0.806 GC heap after
{Heap after GC invocations=1 (full 0):
 garbage-first heap   total 262144K, used 10315K [0x00000000e0000000, 0x0000000100000000)
  region size 1024K, 3 young (3072K), 3 survivors (3072K)
 Metaspace       used 2988K, committed 3136K, reserved 323584K
  class space    used 381K, committed 448K, reserved 315392K
}
Event: 1.451 GC heap before
{Heap before GC invocations=1 (full 0):
 garbage-first heap   total 262144K, used 38987K [0x00000000e0000000, 0x0000000100000000)
  region size 1024K, 31 young (31744K), 3 survivors (3072K)
 Metaspace       used 3904K, committed 4096K, reserved 323584K
  class space    used 477K, committed 576K, reserved 315392K
}
Event: 1.459 GC heap after
{Heap after GC invocations=2 (full 0):
 garbage-first heap   total 262144K, used 12818K [0x00000000e0000000, 0x0000000100000000)
  region size 1024K, 3 young (3072K), 3 survivors (3072K)
 Metaspace       used 3904K, committed 4096K, reserved 323584K
  class space    used 477K, committed 576K, reserved 315392K
}
Event: 5.221 GC heap before
{Heap before GC invocations=2 (full 0):
 garbage-first heap   total 262144K, used 122386K [0x00000000e0000000, 0x0000000100000000)
  region size 1024K, 111 young (113664K), 3 survivors (3072K)
 Metaspace       used 21262K, committed 21504K, reserved 339968K
  class space    used 3154K, committed 3264K, reserved 315392K
}
Event: 5.234 GC heap after
{Heap after GC invocations=3 (full 0):
 garbage-first heap   total 262144K, used 22273K [0x00000000e0000000, 0x0000000100000000)
  region size 1024K, 12 young (12288K), 12 survivors (12288K)
 Metaspace       used 21262K, committed 21504K, reserved 339968K
  class space    used 3154K, committed 3264K, reserved 315392K
}
Event: 8.300 GC heap before
{Heap before GC invocations=4 (full 0):
 garbage-first heap   total 262144K, used 129793K [0x00000000e0000000, 0x0000000100000000)
  region size 1024K, 116 young (118784K), 12 survivors (12288K)
 Metaspace       used 35696K, committed 36096K, reserved 348160K
  class space    used 4943K, committed 5120K, reserved 315392K
}
Event: 8.320 GC heap after
{Heap after GC invocations=5 (full 0):
 garbage-first heap   total 262144K, used 32633K [0x00000000e0000000, 0x0000000100000000)
  region size 1024K, 20 young (20480K), 20 survivors (20480K)
 Metaspace       used 35696K, committed 36096K, reserved 348160K
  class space    used 4943K, committed 5120K, reserved 315392K
}
Event: 11.209 GC heap before
{Heap before GC invocations=6 (full 0):
 garbage-first heap   total 262144K, used 168825K [0x00000000e0000000, 0x0000000100000000)
  region size 1024K, 153 young (156672K), 20 survivors (20480K)
 Metaspace       used 47933K, committed 48512K, reserved 364544K
  class space    used 6768K, committed 7040K, reserved 315392K
}
Event: 11.240 GC heap after
{Heap after GC invocations=7 (full 0):
 garbage-first heap   total 262144K, used 44078K [0x00000000e0000000, 0x0000000100000000)
  region size 1024K, 13 young (13312K), 13 survivors (13312K)
 Metaspace       used 47933K, committed 48512K, reserved 364544K
  class space    used 6768K, committed 7040K, reserved 315392K
}

Deoptimization events (20 events):
Event: 13.605 Thread 0x000002146fe05540 DEOPT PACKING pc=0x0000021455886e44 sp=0x00000060cfbfdc30
Event: 13.605 Thread 0x000002146fe05540 DEOPT UNPACKING pc=0x0000021455072b43 sp=0x00000060cfbfd118 mode 1
Event: 13.605 Thread 0x000002146fe05540 DEOPT PACKING pc=0x0000021455886e44 sp=0x00000060cfbfdd10
Event: 13.605 Thread 0x000002146fe05540 DEOPT UNPACKING pc=0x0000021455072b43 sp=0x00000060cfbfd1f8 mode 1
Event: 13.618 Thread 0x000002146fe05540 DEOPT PACKING pc=0x0000021455886e44 sp=0x00000060cfbfe060
Event: 13.618 Thread 0x000002146fe05540 DEOPT UNPACKING pc=0x0000021455072b43 sp=0x00000060cfbfd548 mode 1
Event: 13.618 Thread 0x000002146fe05540 DEOPT PACKING pc=0x0000021455886e44 sp=0x00000060cfbfe140
Event: 13.618 Thread 0x000002146fe05540 DEOPT UNPACKING pc=0x0000021455072b43 sp=0x00000060cfbfd628 mode 1
Event: 13.619 Thread 0x000002146fe08090 Uncommon trap: trap_request=0xffffffc6 fr.pc=0x000002145cee9de4 relative=0x00000000000009e4
Event: 13.619 Thread 0x000002146fe08090 Uncommon trap: reason=bimorphic_or_optimized_type_check action=maybe_recompile pc=0x000002145cee9de4 method=java.io.BufferedInputStream.read1([BII)I @ 39 c2
Event: 13.619 Thread 0x000002146fe08090 DEOPT PACKING pc=0x000002145cee9de4 sp=0x00000060cfdff080
Event: 13.619 Thread 0x000002146fe08090 DEOPT UNPACKING pc=0x00000214550723a3 sp=0x00000060cfdfefc8 mode 2
Event: 13.681 Thread 0x000002146fe08090 Uncommon trap: trap_request=0xffffffc6 fr.pc=0x000002145cee9de4 relative=0x00000000000009e4
Event: 13.681 Thread 0x000002146fe08090 Uncommon trap: reason=bimorphic_or_optimized_type_check action=maybe_recompile pc=0x000002145cee9de4 method=java.io.BufferedInputStream.read1([BII)I @ 39 c2
Event: 13.681 Thread 0x000002146fe08090 DEOPT PACKING pc=0x000002145cee9de4 sp=0x00000060cfdff080
Event: 13.682 Thread 0x000002146fe08090 DEOPT UNPACKING pc=0x00000214550723a3 sp=0x00000060cfdfefc8 mode 2
Event: 13.683 Thread 0x000002146fe08090 Uncommon trap: trap_request=0xffffffc6 fr.pc=0x000002145cee9de4 relative=0x00000000000009e4
Event: 13.683 Thread 0x000002146fe08090 Uncommon trap: reason=bimorphic_or_optimized_type_check action=maybe_recompile pc=0x000002145cee9de4 method=java.io.BufferedInputStream.read1([BII)I @ 39 c2
Event: 13.683 Thread 0x000002146fe08090 DEOPT PACKING pc=0x000002145cee9de4 sp=0x00000060cfdff080
Event: 13.683 Thread 0x000002146fe08090 DEOPT UNPACKING pc=0x00000214550723a3 sp=0x00000060cfdfefc8 mode 2

Classes unloaded (0 events):
No events

Classes redefined (0 events):
No events

Internal exceptions (20 events):
Event: 13.440 Thread 0x000002146a88bb20 Exception <a 'java/lang/NoSuchMethodError'{0x00000000eff94f08}: static Lorg/gradle/internal/build/event/types/DefaultTaskFinishedProgressEvent;.<clinit>()V> (0x00000000eff94f08) 
thrown [t:\workspace\open\src\hotspot\share\prims\jni.cpp, line 1107]
Event: 13.443 Thread 0x000002146a88bb20 Exception <a 'java/lang/NoSuchMethodError'{0x00000000eac9ca48}: static Lorg/gradle/internal/build/event/types/DefaultJavaCompileTaskSuccessResult;.<clinit>()V> (0x00000000eac9ca48) 
thrown [t:\workspace\open\src\hotspot\share\prims\jni.cpp, line 1107]
Event: 13.443 Thread 0x000002146a88bb20 Exception <a 'java/lang/NoSuchMethodError'{0x00000000eac9e1b8}: static Lorg/gradle/internal/build/event/types/DefaultTaskSuccessResult;.<clinit>()V> (0x00000000eac9e1b8) 
thrown [t:\workspace\open\src\hotspot\share\prims\jni.cpp, line 1107]
Event: 13.443 Thread 0x000002146a88bb20 Exception <a 'java/lang/NoSuchMethodError'{0x00000000eac9f330}: static Lorg/gradle/internal/build/event/types/AbstractTaskResult;.<clinit>()V> (0x00000000eac9f330) 
thrown [t:\workspace\open\src\hotspot\share\prims\jni.cpp, line 1107]
Event: 13.443 Thread 0x000002146a88bb20 Exception <a 'java/lang/NoSuchMethodError'{0x00000000eaca0858}: static Lorg/gradle/internal/build/event/types/AbstractResult;.<clinit>()V> (0x00000000eaca0858) 
thrown [t:\workspace\open\src\hotspot\share\prims\jni.cpp, line 1107]
Event: 13.447 Thread 0x000002146a88bb20 Exception <a 'java/lang/NoSuchMethodError'{0x00000000eacb84c0}: static [Ljava/lang/Object;.<clinit>()V> (0x00000000eacb84c0) 
thrown [t:\workspace\open\src\hotspot\share\prims\jni.cpp, line 1107]
Event: 13.461 Thread 0x000002146a88bb20 Exception <a 'java/lang/NoSuchMethodError'{0x00000000eaccf270}: static Lorg/gradle/internal/build/event/types/DefaultScriptPluginIdentifier;.<clinit>()V> (0x00000000eaccf270) 
thrown [t:\workspace\open\src\hotspot\share\prims\jni.cpp, line 1107]
Event: 13.530 Thread 0x000002146eb6ed00 Exception <a 'java/lang/ClassNotFoundException'{0x00000000eaa87ad0}: com/intellij/openapi/externalSystem/rt/execution/ForkedDebuggerHelperBeanInfo> (0x00000000eaa87ad0) 
thrown [t:\workspace\open\src\hotspot\share\classfile\systemDictionary.cpp, line 256]
Event: 13.531 Thread 0x000002146eb6ed00 Exception <a 'java/lang/ClassNotFoundException'{0x00000000eaa904d8}: com/intellij/openapi/externalSystem/rt/execution/ForkedDebuggerHelperCustomizer> (0x00000000eaa904d8) 
thrown [t:\workspace\open\src\hotspot\share\classfile\systemDictionary.cpp, line 256]
Event: 13.537 Thread 0x000002146eb6ed00 Exception <a 'java/net/SocketException'{0x00000000eaaa50f0}: Socket is not connected: shutdown> (0x00000000eaaa50f0) 
thrown [t:\workspace\open\src\hotspot\share\prims\jni.cpp, line 535]
Event: 13.551 Thread 0x000002146eb6ed00 Exception <a 'java/lang/ClassNotFoundException'{0x00000000ea9707f0}: org/gradle/api/internal/file/collections/DefaultConfigurableFileCollectionBeanInfo> (0x00000000ea9707f0) 
thrown [t:\workspace\open\src\hotspot\share\classfile\systemDictionary.cpp, line 256]
Event: 13.553 Thread 0x000002146eb6ed00 Exception <a 'java/lang/ClassNotFoundException'{0x00000000ea981f10}: org/gradle/api/internal/file/collections/DefaultConfigurableFileCollectionCustomizer> (0x00000000ea981f10) 
thrown [t:\workspace\open\src\hotspot\share\classfile\systemDictionary.cpp, line 256]
Event: 13.561 Thread 0x000002146eb6ed00 Exception <a 'java/lang/ClassNotFoundException'{0x00000000ea9c6388}: java/util/regex/MatcherBeanInfo> (0x00000000ea9c6388) 
thrown [t:\workspace\open\src\hotspot\share\classfile\systemDictionary.cpp, line 256]
Event: 13.562 Thread 0x000002146eb6ed00 Exception <a 'java/lang/ClassNotFoundException'{0x00000000ea9cc938}: java/util/regex/MatcherCustomizer> (0x00000000ea9cc938) 
thrown [t:\workspace\open\src\hotspot\share\classfile\systemDictionary.cpp, line 256]
Event: 13.572 Thread 0x000002146eb6ed00 Exception <a 'java/lang/ClassNotFoundException'{0x00000000ea833828}: org/gradle/util/VersionNumberBeanInfo> (0x00000000ea833828) 
thrown [t:\workspace\open\src\hotspot\share\classfile\systemDictionary.cpp, line 256]
Event: 13.573 Thread 0x000002146eb6ed00 Exception <a 'java/lang/ClassNotFoundException'{0x00000000ea844238}: org/gradle/util/VersionNumberCustomizer> (0x00000000ea844238) 
thrown [t:\workspace\open\src\hotspot\share\classfile\systemDictionary.cpp, line 256]
Event: 13.613 Thread 0x000002146fe05540 Exception <a 'java/lang/NoSuchMethodError'{0x00000000ea760460}: 'void java.lang.invoke.DirectMethodHandle$Holder.invokeStatic(java.lang.Object, long)'> (0x00000000ea760460) 
thrown [t:\workspace\open\src\hotspot\share\interpreter\linkResolver.cpp, line 766]
Event: 13.614 Thread 0x000002146fe05540 Exception <a 'java/lang/NoSuchMethodError'{0x00000000ea765810}: 'java.lang.Object java.lang.invoke.DirectMethodHandle$Holder.newInvokeSpecial(java.lang.Object, long)'> (0x00000000ea765810) 
thrown [t:\workspace\open\src\hotspot\share\interpreter\linkResolver.cpp, line 766]
Event: 13.615 Thread 0x000002146fe05540 Exception <a 'java/lang/NoSuchMethodError'{0x00000000ea76c300}: 'java.lang.Object java.lang.invoke.DirectMethodHandle$Holder.invokeStatic(java.lang.Object, java.lang.Object, long, java.lang.Object)'> (0x00000000ea76c300) 
thrown [t:\workspace\open\src\hotspot\share\interpreter\linkResolver.cpp, line 766]
Event: 13.615 Thread 0x000002146fe05540 Exception <a 'java/lang/NoSuchMethodError'{0x00000000ea76fad8}: 'java.lang.Object java.lang.invoke.DirectMethodHandle$Holder.invokeStaticInit(java.lang.Object, java.lang.Object, long, java.lang.Object)'> (0x00000000ea76fad8) 
thrown [t:\workspace\open\src\hotspot\share\interpreter\linkResolver.cpp, line 766]

VM Operations (20 events):
Event: 12.984 Executing VM operation: ICBufferFull
Event: 12.987 Executing VM operation: ICBufferFull done
Event: 13.134 Executing VM operation: HandshakeAllThreads
Event: 13.134 Executing VM operation: HandshakeAllThreads done
Event: 13.165 Executing VM operation: ICBufferFull
Event: 13.166 Executing VM operation: ICBufferFull done
Event: 13.384 Executing VM operation: ICBufferFull
Event: 13.384 Executing VM operation: ICBufferFull done
Event: 13.388 Executing VM operation: ICBufferFull
Event: 13.388 Executing VM operation: ICBufferFull done
Event: 13.435 Executing VM operation: HandshakeAllThreads
Event: 13.436 Executing VM operation: HandshakeAllThreads done
Event: 13.450 Executing VM operation: ICBufferFull
Event: 13.450 Executing VM operation: ICBufferFull done
Event: 13.527 Executing VM operation: HandshakeAllThreads
Event: 13.528 Executing VM operation: HandshakeAllThreads done
Event: 13.534 Executing VM operation: ICBufferFull
Event: 13.534 Executing VM operation: ICBufferFull done
Event: 13.601 Executing VM operation: ICBufferFull
Event: 13.601 Executing VM operation: ICBufferFull done

Events (20 events):
Event: 13.561 loading class java/util/regex/MatcherBeanInfo done
Event: 13.561 loading class java/util/regex/MatcherCustomizer
Event: 13.561 loading class java/util/regex/MatcherCustomizer done
Event: 13.562 loading class java/util/regex/MatcherCustomizer
Event: 13.562 loading class java/util/regex/MatcherCustomizer done
Event: 13.605 Thread 0x000002146fe05540 Thread added: 0x000002146fe05540
Event: 13.606 loading class java/lang/ProcessImpl
Event: 13.606 loading class java/lang/ProcessImpl done
Event: 13.614 loading class java/lang/ProcessHandleImpl
Event: 13.614 loading class java/lang/ProcessHandleImpl done
Event: 13.616 loading class java/lang/ProcessImpl$2
Event: 13.616 loading class java/lang/ProcessImpl$2 done
Event: 13.617 loading class java/lang/Process$PipeInputStream
Event: 13.617 loading class java/lang/Process$PipeInputStream done
Event: 13.617 loading class jdk/internal/event/ProcessStartEvent
Event: 13.617 loading class jdk/internal/event/Event
Event: 13.617 loading class jdk/internal/event/Event done
Event: 13.617 loading class jdk/internal/event/ProcessStartEvent done
Event: 13.619 Thread 0x000002146fe07bc0 Thread added: 0x000002146fe07bc0
Event: 13.619 Thread 0x000002146fe08090 Thread added: 0x000002146fe08090


Dynamic libraries:
0x00007ff6b83a0000 - 0x00007ff6b83ae000 	C:\Program Files\Java\jdk-17.0.1\bin\java.exe
0x00007ffc06530000 - 0x00007ffc06725000 	C:\WINDOWS\SYSTEM32\ntdll.dll
0x00007ffc04580000 - 0x00007ffc0463e000 	C:\WINDOWS\System32\KERNEL32.DLL
0x00007ffc04100000 - 0x00007ffc043c8000 	C:\WINDOWS\System32\KERNELBASE.dll
0x00007ffc03df0000 - 0x00007ffc03ef0000 	C:\WINDOWS\System32\ucrtbase.dll
0x00007ffbe5cd0000 - 0x00007ffbe5cea000 	C:\Program Files\Java\jdk-17.0.1\bin\VCRUNTIME140.dll
0x00007ffbe5cf0000 - 0x00007ffbe5d08000 	C:\Program Files\Java\jdk-17.0.1\bin\jli.dll
0x00007ffc05a70000 - 0x00007ffc05c10000 	C:\WINDOWS\System32\USER32.dll
0x00007ffc04030000 - 0x00007ffc04052000 	C:\WINDOWS\System32\win32u.dll
0x00007ffbe8f50000 - 0x00007ffbe91ea000 	C:\WINDOWS\WinSxS\amd64_microsoft.windows.common-controls_6595b64144ccf1df_6.0.19041.1110_none_60b5254171f9507e\COMCTL32.dll
0x00007ffc047e0000 - 0x00007ffc0480b000 	C:\WINDOWS\System32\GDI32.dll
0x00007ffc05c10000 - 0x00007ffc05cae000 	C:\WINDOWS\System32\msvcrt.dll
0x00007ffc04470000 - 0x00007ffc0457d000 	C:\WINDOWS\System32\gdi32full.dll
0x00007ffc043d0000 - 0x00007ffc0446d000 	C:\WINDOWS\System32\msvcp_win.dll
0x00007ffc06130000 - 0x00007ffc06160000 	C:\WINDOWS\System32\IMM32.DLL
0x00007ffbfe220000 - 0x00007ffbfe22c000 	C:\Program Files\Java\jdk-17.0.1\bin\vcruntime140_1.dll
0x00007ffbe5c40000 - 0x00007ffbe5ccd000 	C:\Program Files\Java\jdk-17.0.1\bin\msvcp140.dll
0x00007ffb3f150000 - 0x00007ffb3fd0e000 	C:\Program Files\Java\jdk-17.0.1\bin\server\jvm.dll
0x00007ffc06340000 - 0x00007ffc063ee000 	C:\WINDOWS\System32\ADVAPI32.dll
0x00007ffc05030000 - 0x00007ffc050cc000 	C:\WINDOWS\System32\sechost.dll
0x00007ffc06160000 - 0x00007ffc06285000 	C:\WINDOWS\System32\RPCRT4.dll
0x00007ffc056f0000 - 0x00007ffc056f8000 	C:\WINDOWS\System32\PSAPI.DLL
0x00007ffbe22b0000 - 0x00007ffbe22d7000 	C:\WINDOWS\SYSTEM32\WINMM.dll
0x00007ffbe1650000 - 0x00007ffbe1659000 	C:\WINDOWS\SYSTEM32\WSOCK32.dll
0x00007ffbfa340000 - 0x00007ffbfa34a000 	C:\WINDOWS\SYSTEM32\VERSION.dll
0x00007ffc05240000 - 0x00007ffc052ab000 	C:\WINDOWS\System32\WS2_32.dll
0x00007ffc02480000 - 0x00007ffc02492000 	C:\WINDOWS\SYSTEM32\kernel.appcore.dll
0x00007ffbfc560000 - 0x00007ffbfc56a000 	C:\Program Files\Java\jdk-17.0.1\bin\jimage.dll
0x00007ffc02110000 - 0x00007ffc022f4000 	C:\WINDOWS\SYSTEM32\DBGHELP.DLL
0x00007ffbde550000 - 0x00007ffbde57c000 	C:\WINDOWS\SYSTEM32\dbgcore.DLL
0x00007ffc03ef0000 - 0x00007ffc03f72000 	C:\WINDOWS\System32\bcryptPrimitives.dll
0x00007ffbe5c00000 - 0x00007ffbe5c3b000 	C:\Program Files\Java\jdk-17.0.1\bin\jdwp.dll
0x00007ffbe5bd0000 - 0x00007ffbe5bf5000 	C:\Program Files\Java\jdk-17.0.1\bin\java.dll
0x00007ffbb8540000 - 0x00007ffbb8616000 	C:\Program Files\Java\jdk-17.0.1\bin\svml.dll
0x00007ffc04810000 - 0x00007ffc04f54000 	C:\WINDOWS\System32\SHELL32.dll
0x00007ffc01970000 - 0x00007ffc02104000 	C:\WINDOWS\SYSTEM32\windows.storage.dll
0x00007ffc05710000 - 0x00007ffc05a65000 	C:\WINDOWS\System32\combase.dll
0x00007ffc035b0000 - 0x00007ffc035de000 	C:\WINDOWS\SYSTEM32\Wldp.dll
0x00007ffc06290000 - 0x00007ffc0633d000 	C:\WINDOWS\System32\SHCORE.dll
0x00007ffc04760000 - 0x00007ffc047b5000 	C:\WINDOWS\System32\shlwapi.dll
0x00007ffc03b80000 - 0x00007ffc03b9f000 	C:\WINDOWS\SYSTEM32\profapi.dll
0x00007ffbe5bc0000 - 0x00007ffbe5bcc000 	C:\Program Files\Java\jdk-17.0.1\bin\dt_socket.dll
0x00007ffc03050000 - 0x00007ffc0308b000 	C:\WINDOWS\SYSTEM32\IPHLPAPI.DLL
0x00007ffc03390000 - 0x00007ffc033fa000 	C:\WINDOWS\system32\mswsock.dll
0x00007ffbe5ba0000 - 0x00007ffbe5bb9000 	C:\Program Files\Java\jdk-17.0.1\bin\net.dll
0x00007ffc00950000 - 0x00007ffc00a5c000 	C:\WINDOWS\SYSTEM32\WINHTTP.dll
0x00007ffbe5b50000 - 0x00007ffbe5b65000 	C:\Program Files\Java\jdk-17.0.1\bin\nio.dll
0x00007ffbe5b30000 - 0x00007ffbe5b48000 	C:\Program Files\Java\jdk-17.0.1\bin\zip.dll
0x00007ffbe5b90000 - 0x00007ffbe5ba0000 	C:\Program Files\Java\jdk-17.0.1\bin\verify.dll
0x00007ffbfe190000 - 0x00007ffbfe1b7000 	C:\Users\user\.gradle\native\68d5fa5c4cc2d200863cafc0d521ce42e7d3e7ee720ec0a83991735586a16f82\windows-amd64\native-platform.dll
0x00007ffbb83f0000 - 0x00007ffbb8534000 	C:\Users\user\.gradle\native\e376f236ea51e6404a007f0833ffe2c6e607c4080706a723a18a27aeea778392\windows-amd64\native-platform-file-events.dll
0x00007ffbe5b20000 - 0x00007ffbe5b29000 	C:\Program Files\Java\jdk-17.0.1\bin\management.dll
0x00007ffbe5b10000 - 0x00007ffbe5b1b000 	C:\Program Files\Java\jdk-17.0.1\bin\management_ext.dll
0x00007ffc038f0000 - 0x00007ffc03908000 	C:\WINDOWS\SYSTEM32\CRYPTSP.dll
0x00007ffc02cc0000 - 0x00007ffc02cf4000 	C:\WINDOWS\system32\rsaenh.dll
0x00007ffc040d0000 - 0x00007ffc040f7000 	C:\WINDOWS\System32\bcrypt.dll
0x00007ffc03b00000 - 0x00007ffc03b2e000 	C:\WINDOWS\SYSTEM32\USERENV.dll
0x00007ffc03520000 - 0x00007ffc0352c000 	C:\WINDOWS\SYSTEM32\CRYPTBASE.dll
0x00007ffc063f0000 - 0x00007ffc063f8000 	C:\WINDOWS\System32\NSI.dll
0x00007ffbf9770000 - 0x00007ffbf9787000 	C:\WINDOWS\SYSTEM32\dhcpcsvc6.DLL
0x00007ffbfa080000 - 0x00007ffbfa09d000 	C:\WINDOWS\SYSTEM32\dhcpcsvc.DLL
0x00007ffc03090000 - 0x00007ffc0315b000 	C:\WINDOWS\SYSTEM32\DNSAPI.dll
0x00007ffbe59e0000 - 0x00007ffbe59ee000 	C:\Program Files\Java\jdk-17.0.1\bin\sunmscapi.dll
0x00007ffc03c90000 - 0x00007ffc03de6000 	C:\WINDOWS\System32\CRYPT32.dll
0x00007ffc03620000 - 0x00007ffc03647000 	C:\WINDOWS\SYSTEM32\ncrypt.dll
0x00007ffc035e0000 - 0x00007ffc0361b000 	C:\WINDOWS\SYSTEM32\NTASN1.dll
0x00007ffbcbeb0000 - 0x00007ffbcbeb7000 	C:\WINDOWS\system32\wshunix.dll

dbghelp: loaded successfully - version: 4.0.5 - missing functions: none
symbol engine: initialized successfully - sym options: 0x614 - pdb path: .;C:\Program Files\Java\jdk-17.0.1\bin;C:\WINDOWS\SYSTEM32;C:\WINDOWS\WinSxS\amd64_microsoft.windows.common-controls_6595b64144ccf1df_6.0.19041.1110_none_60b5254171f9507e;C:\Program Files\Java\jdk-17.0.1\bin\server;C:\Users\user\.gradle\native\68d5fa5c4cc2d200863cafc0d521ce42e7d3e7ee720ec0a83991735586a16f82\windows-amd64;C:\Users\user\.gradle\native\e376f236ea51e6404a007f0833ffe2c6e607c4080706a723a18a27aeea778392\windows-amd64

VM Arguments:
jvm_args: --add-opens=java.base/java.util.concurrent.atomic=ALL-UNNAMED -XX:MaxMetaspaceSize=384m -XX:+HeapDumpOnOutOfMemoryError -agentlib:jdwp=transport=dt_socket,server=n,suspend=y,address=127.0.0.1:53395 --add-opens=java.base/java.util=ALL-UNNAMED --add-opens=java.base/java.lang=ALL-UNNAMED --add-opens=java.base/java.lang.invoke=ALL-UNNAMED --add-opens=java.prefs/java.util.prefs=ALL-UNNAMED --add-opens=java.base/java.nio.charset=ALL-UNNAMED --add-opens=java.base/java.net=ALL-UNNAMED --add-opens=java.base/java.util.concurrent.atomic=ALL-UNNAMED -Xms256m -Xmx512m -Dfile.encoding=windows-1251 -Duser.country=US -Duser.language=en -Duser.variant 
java_command: org.gradle.launcher.daemon.bootstrap.GradleDaemon 8.0.2
java_class_path (initial): C:\Users\user\.gradle\wrapper\dists\gradle-8.0.2-bin\25jlreiuz6u3xu2phlpa2vv4m\gradle-8.0.2\lib\gradle-launcher-8.0.2.jar
Launcher Type: SUN_STANDARD

[Global flags]
     intx CICompilerCount                          = 4                                         {product} {ergonomic}
   size_t CompressedClassSpaceSize                 = 322961408                                 {product} {ergonomic}
     uint ConcGCThreads                            = 2                                         {product} {ergonomic}
     uint G1ConcRefinementThreads                  = 8                                         {product} {ergonomic}
   size_t G1HeapRegionSize                         = 1048576                                   {product} {ergonomic}
    uintx GCDrainStackTargetSize                   = 64                                        {product} {ergonomic}
     bool HeapDumpOnOutOfMemoryError               = true                                   {manageable} {command line}
   size_t InitialHeapSize                          = 268435456                                 {product} {command line}
   size_t MarkStackSize                            = 4194304                                   {product} {ergonomic}
   size_t MaxHeapSize                              = 536870912                                 {product} {command line}
   size_t MaxMetaspaceSize                         = 402653184                                 {product} {command line}
   size_t MaxNewSize                               = 321912832                                 {product} {ergonomic}
   size_t MinHeapDeltaBytes                        = 1048576                                   {product} {ergonomic}
   size_t MinHeapSize                              = 268435456                                 {product} {command line}
    uintx NonNMethodCodeHeapSize                   = 5839372                                {pd product} {ergonomic}
    uintx NonProfiledCodeHeapSize                  = 122909434                              {pd product} {ergonomic}
    uintx ProfiledCodeHeapSize                     = 122909434                              {pd product} {ergonomic}
    uintx ReservedCodeCacheSize                    = 251658240                              {pd product} {ergonomic}
     bool SegmentedCodeCache                       = true                                      {product} {ergonomic}
   size_t SoftMaxHeapSize                          = 536870912                              {manageable} {ergonomic}
     bool UseCompressedClassPointers               = true                           {product lp64_product} {ergonomic}
     bool UseCompressedOops                        = true                           {product lp64_product} {ergonomic}
     bool UseG1GC                                  = true                                      {product} {ergonomic}
     bool UseLargePagesIndividualAllocation        = false                                  {pd product} {ergonomic}

Logging:
Log output configuration:
 #0: stdout all=warning uptime,level,tags
 #1: stderr all=off uptime,level,tags

Environment Variables:
JAVA_HOME=C:\Program Files\Java\jdk-17.0.1
PATH=C:\Program Files\Eclipse Adoptium\jdk-21.0.11.10-hotspot\bin;C:\Program Files (x86)\Common Files\Oracle\Java\java8path;C:\Program Files (x86)\Common Files\Oracle\Java\javapath;C:\Program Files\Java\jdk-17.0.1\bin;C:\WINDOWS\system32;C:\WINDOWS;C:\WINDOWS\System32\Wbem;C:\WINDOWS\System32\WindowsPowerShell\v1.0\;C:\WINDOWS\System32\OpenSSH\;C:\Program Files\Git\cmd;C:\Program Files\PuTTY\;C:\fl-studio\ffmpeg\bin;C:\Program Files\Java\apache-maven-3.8.2\bin;C:\Program Files\gettext-iconv\bin;C:\Users\user\AppData\Roaming\npm\node_modules;C:\Users\user\AppData\Local\Programs\Python\Python39;C:\sergeev-i-leo\flutter_windows_3.13.9-stable\bin;C:\Work\emsdk;C:\Work\emsdk\upstream\bin;C:\Work\emsdk\upstream\emscripten;C:\Work\emsdk\upstream\lib;C:\Program Files\nodejs\;C:\sergeev-i-leo\2099\ffmpeg\bin;C:\Users\user\.cargo\bin;C:\Users\user\AppData\Local\Microsoft\WindowsApps;C:\Users\user\AppData\Local\Programs\Microsoft VS Code\bin;C:\Users\user\AppData\Local\Android\Sdk\platform-tools;C:\fl-studio\ffmpeg\bin;C:\Program Files\Java\apache-maven-3.8.2\bin;C:\Program Files\Java\jdk1.8.0_201\bin;%USERPROFILE%\AppData\Local\Microsoft\WindowsApps;C:\2024\flutter-sdk\bin;C:\Users\user\AppData\Local\GitHubDesktop\bin;C:\Users\user\AppData\Roaming\npm;C:\Users\user\yandex-cloud\bin
USERNAME=user
OS=Windows_NT
PROCESSOR_IDENTIFIER=Intel64 Family 6 Model 142 Stepping 11, GenuineIntel



---------------  S Y S T E M  ---------------

OS:
 Windows 10 , 64 bit Build 19041 (10.0.19041.1503)
OS uptime: 0 days 17:12 hours
Hyper-V role detected

CPU: total 8 (initial active 8) (4 cores per cpu, 2 threads per core) family 6 model 142 stepping 11 microcode 0xae, cx8, cmov, fxsr, ht, mmx, 3dnowpref, sse, sse2, sse3, ssse3, sse4.1, sse4.2, popcnt, lzcnt, tsc, tscinvbit, avx, avx2, aes, erms, clmul, bmi1, bmi2, adx, fma, vzeroupper, clflush, clflushopt, hv

Memory: 4k page, system-wide physical 16173M (3743M free)
TotalPageFile size 19090M (AvailPageFile size 71M)
current process WorkingSet (physical memory assigned to process): 436M, peak: 439M
current process commit charge ("private bytes"): 533M, peak: 539M

vm_info: OpenJDK 64-Bit Server VM (17.0.1+12-39) for windows-amd64 JRE (17.0.1+12-39), built on Sep 27 2021 18:39:29 by "mach5one" with MS VC++ 16.8 (VS2019)

END.
