#
# There is insufficient memory for the Java Runtime Environment to continue.
# Native memory allocation (mmap) failed to map 266338304 bytes for G1 virtual space
# Possible reasons:
#   The system is out of physical RAM or swap space
#   The process is running with CompressedOops enabled, and the Java Heap may be blocking the growth of the native heap
# Possible solutions:
#   Reduce memory load on the system
#   Increase physical memory or swap space
#   Check if swap backing store is full
#   Decrease Java heap size (-Xmx/-Xms)
#   Decrease number of Java threads
#   Decrease Java thread stack sizes (-Xss)
#   Set larger code cache with -XX:ReservedCodeCacheSize=
#   JVM is running with Zero Based Compressed Oops mode in which the Java heap is
#     placed in the first 32GB address space. The Java Heap base address is the
#     maximum limit for the native heap growth. Please use -XX:HeapBaseMinAddress
#     to set the Java Heap base and to place the Java Heap above 32GB virtual address.
# This output file may be truncated or incomplete.
#
#  Out of Memory Error (os_windows.cpp:3469), pid=4424, tid=1180
#
# JRE version:  (17.0.1+12) (build )
# Java VM: OpenJDK 64-Bit Server VM (17.0.1+12-39, mixed mode, sharing, tiered, compressed oops, compressed class ptrs, g1 gc, windows-amd64)
# No core dump will be written. Minidumps are not enabled by default on client versions of Windows
#

---------------  S U M M A R Y ------------

Command Line: -Xdebug -agentlib:jdwp=transport=dt_socket,server=n,suspend=y,address=127.0.0.1:51556 -javaagent:C:\Users\user\.gradle\caches\modules-2\files-2.1\org.jetbrains.kotlinx\kotlinx-coroutines-core-jvm\1.7.1\63a0779cf668e2a47d13fda7c3b0c4f8dc7762f4\kotlinx-coroutines-core-jvm-1.7.1.jar -Dfile.encoding=windows-1251 -Duser.country=US -Duser.language=en -Duser.variant -ea franca.java.MainFrame

Host: Intel(R) Core(TM) i7-8565U CPU @ 1.80GHz, 8 cores, 15G,  Windows 10 , 64 bit Build 19041 (10.0.19041.1503)
Time: Mon Jun 15 20:00:04 2026 Russia TZ 2 Standard Time elapsed time: 0.018881 seconds (0d 0h 0m 0s)

---------------  T H R E A D  ---------------

Current thread (0x0000018c177994c0):  JavaThread "Unknown thread" [_thread_in_vm, id=1180, stack(0x0000008246f00000,0x0000008247000000)]

Stack: [0x0000008246f00000,0x0000008247000000]
Native frames: (J=compiled Java code, j=interpreted, Vv=VM code, C=native code)
V  [jvm.dll+0x66fa1a]
V  [jvm.dll+0x7ce5a4]
V  [jvm.dll+0x7cfd4e]
V  [jvm.dll+0x7d03b3]
V  [jvm.dll+0x242b05]
V  [jvm.dll+0x66ca39]
V  [jvm.dll+0x661502]
V  [jvm.dll+0x30081b]
V  [jvm.dll+0x307da6]
V  [jvm.dll+0x357a1e]
V  [jvm.dll+0x357c4f]
V  [jvm.dll+0x2d7ad8]
V  [jvm.dll+0x2d8a44]
V  [jvm.dll+0x7a01e1]
V  [jvm.dll+0x365791]
V  [jvm.dll+0x77f6cc]
V  [jvm.dll+0x3e812f]
V  [jvm.dll+0x3e9bd1]
C  [jli.dll+0x527b]
C  [ucrtbase.dll+0x21bb2]
C  [KERNEL32.DLL+0x17034]
C  [ntdll.dll+0x52651]


---------------  P R O C E S S  ---------------

Threads class SMR info:
_java_thread_list=0x00007ffeaae47818, length=0, elements={
}

Java Threads: ( => current thread )

Other Threads:
  0x0000018c177eb220 GCTaskThread "GC Thread#0" [stack: 0x0000008247000000,0x0000008247100000] [id=10732]
  0x0000018c177fbcc0 ConcurrentGCThread "G1 Main Marker" [stack: 0x0000008247100000,0x0000008247200000] [id=2792]
  0x0000018c177fed30 ConcurrentGCThread "G1 Conc#0" [stack: 0x0000008247200000,0x0000008247300000] [id=17168]

[error occurred during error reporting (printing all threads), id 0xc0000005, EXCEPTION_ACCESS_VIOLATION (0xc0000005) at pc=0x00007ffeaa6984b7]

VM state: not at safepoint (not fully initialized)

VM Mutex/Monitor currently owned by a thread:  ([mutex/lock_event])
[0x0000018c17795330] Heap_lock - owner thread: 0x0000018c177994c0

Heap address: 0x0000000703400000, size: 4044 MB, Compressed Oops mode: Zero based, Oop shift amount: 3

CDS archive(s) mapped at: [0x0000000000000000-0x0000000000000000-0x0000000000000000), size 0, SharedBaseAddress: 0x0000000800000000, ArchiveRelocationMode: 0.
Narrow klass base: 0x0000000000000000, Narrow klass shift: 0, Narrow klass range: 0x0

GC Precious Log:
<Empty>

Heap:
 garbage-first heap   total 0K, used 0K [0x0000000703400000, 0x0000000800000000)
  region size 2048K, 0 young (0K), 0 survivors (0K)

[error occurred during error reporting (printing heap information), id 0xc0000005, EXCEPTION_ACCESS_VIOLATION (0xc0000005) at pc=0x00007ffeaaa78d89]

GC Heap History (0 events):
No events

Deoptimization events (0 events):
No events

Classes unloaded (0 events):
No events

Classes redefined (0 events):
No events

Internal exceptions (0 events):
No events

VM Operations (0 events):
No events

Events (1 events):
Event: 0.011 Loaded shared library C:\Program Files\Java\jdk-17.0.1\bin\java.dll


Dynamic libraries:
0x00007ff715010000 - 0x00007ff71501e000 	C:\Program Files\Java\jdk-17.0.1\bin\java.exe
0x00007fff36f70000 - 0x00007fff37165000 	C:\WINDOWS\SYSTEM32\ntdll.dll
0x00007fff35720000 - 0x00007fff357de000 	C:\WINDOWS\System32\KERNEL32.DLL
0x00007fff347a0000 - 0x00007fff34a68000 	C:\WINDOWS\System32\KERNELBASE.dll
0x00007fff34e20000 - 0x00007fff34f20000 	C:\WINDOWS\System32\ucrtbase.dll
0x00007ffef82b0000 - 0x00007ffef82c8000 	C:\Program Files\Java\jdk-17.0.1\bin\jli.dll
0x00007ffef83a0000 - 0x00007ffef83ba000 	C:\Program Files\Java\jdk-17.0.1\bin\VCRUNTIME140.dll
0x00007fff36640000 - 0x00007fff367e0000 	C:\WINDOWS\System32\USER32.dll
0x00007fff199a0000 - 0x00007fff19c3a000 	C:\WINDOWS\WinSxS\amd64_microsoft.windows.common-controls_6595b64144ccf1df_6.0.19041.1110_none_60b5254171f9507e\COMCTL32.dll
0x00007fff34680000 - 0x00007fff346a2000 	C:\WINDOWS\System32\win32u.dll
0x00007fff36010000 - 0x00007fff360ae000 	C:\WINDOWS\System32\msvcrt.dll
0x00007fff365b0000 - 0x00007fff365db000 	C:\WINDOWS\System32\GDI32.dll
0x00007fff34a70000 - 0x00007fff34b7d000 	C:\WINDOWS\System32\gdi32full.dll
0x00007fff346b0000 - 0x00007fff3474d000 	C:\WINDOWS\System32\msvcp_win.dll
0x00007fff35fe0000 - 0x00007fff36010000 	C:\WINDOWS\System32\IMM32.DLL
0x00007ffefcad0000 - 0x00007ffefcadc000 	C:\Program Files\Java\jdk-17.0.1\bin\vcruntime140_1.dll
0x00007ffeac440000 - 0x00007ffeac4cd000 	C:\Program Files\Java\jdk-17.0.1\bin\msvcp140.dll
0x00007ffeaa3b0000 - 0x00007ffeaaf6e000 	C:\Program Files\Java\jdk-17.0.1\bin\server\jvm.dll
0x00007fff357e0000 - 0x00007fff3588e000 	C:\WINDOWS\System32\ADVAPI32.dll
0x00007fff36d10000 - 0x00007fff36dac000 	C:\WINDOWS\System32\sechost.dll
0x00007fff350d0000 - 0x00007fff351f5000 	C:\WINDOWS\System32\RPCRT4.dll
0x00007fff36c80000 - 0x00007fff36c88000 	C:\WINDOWS\System32\PSAPI.DLL
0x00007fff17400000 - 0x00007fff17427000 	C:\WINDOWS\SYSTEM32\WINMM.dll
0x00007fff10fd0000 - 0x00007fff10fd9000 	C:\WINDOWS\SYSTEM32\WSOCK32.dll
0x00007fff36540000 - 0x00007fff365ab000 	C:\WINDOWS\System32\WS2_32.dll
0x00007fff2c550000 - 0x00007fff2c55a000 	C:\WINDOWS\SYSTEM32\VERSION.dll
0x00007fff32ec0000 - 0x00007fff32ed2000 	C:\WINDOWS\SYSTEM32\kernel.appcore.dll
0x00007ffefa7d0000 - 0x00007ffefa7da000 	C:\Program Files\Java\jdk-17.0.1\bin\jimage.dll
0x00007fff32260000 - 0x00007fff32444000 	C:\WINDOWS\SYSTEM32\DBGHELP.DLL
0x00007fff0bb60000 - 0x00007fff0bb8c000 	C:\WINDOWS\SYSTEM32\dbgcore.DLL
0x00007fff34b80000 - 0x00007fff34c02000 	C:\WINDOWS\System32\bcryptPrimitives.dll
0x00007ffead0a0000 - 0x00007ffead0db000 	C:\Program Files\Java\jdk-17.0.1\bin\jdwp.dll
0x00007fff2ecd0000 - 0x00007fff2ecde000 	C:\Program Files\Java\jdk-17.0.1\bin\instrument.dll
0x00007ffec1a40000 - 0x00007ffec1a65000 	C:\Program Files\Java\jdk-17.0.1\bin\java.dll

dbghelp: loaded successfully - version: 4.0.5 - missing functions: none
symbol engine: initialized successfully - sym options: 0x614 - pdb path: .;C:\Program Files\Java\jdk-17.0.1\bin;C:\WINDOWS\SYSTEM32;C:\WINDOWS\WinSxS\amd64_microsoft.windows.common-controls_6595b64144ccf1df_6.0.19041.1110_none_60b5254171f9507e;C:\Program Files\Java\jdk-17.0.1\bin\server

VM Arguments:
jvm_args: -Xdebug -agentlib:jdwp=transport=dt_socket,server=n,suspend=y,address=127.0.0.1:51556 -javaagent:C:\Users\user\.gradle\caches\modules-2\files-2.1\org.jetbrains.kotlinx\kotlinx-coroutines-core-jvm\1.7.1\63a0779cf668e2a47d13fda7c3b0c4f8dc7762f4\kotlinx-coroutines-core-jvm-1.7.1.jar -Dfile.encoding=windows-1251 -Duser.country=US -Duser.language=en -Duser.variant -ea 
java_command: franca.java.MainFrame
java_class_path (initial): C:\sergeev-i-leo\java-franca\platforms\java-desktop\java-franca-content-viewer\build\classes\java\main;C:\sergeev-i-leo\java-franca\platforms\java-desktop\java-franca-content-viewer\build\resources\main;C:\Users\user\.gradle\caches\modules-2\files-2.1\org.jetbrains.skiko\skiko-awt-runtime-windows-x64\0.7.80\4f62ab625019baa1f6d179c6d5bbad94b1bcc892\skiko-awt-runtime-windows-x64-0.7.80.jar;C:\Users\user\.gradle\caches\modules-2\files-2.1\org.jetbrains.skiko\skiko-awt\0.7.80\cde5fe523da4a60846453bc7666d05156fdeb895\skiko-awt-0.7.80.jar;C:\Users\user\.gradle\caches\modules-2\files-2.1\io.ktor\ktor-client-java-jvm\2.3.7\21036282fff1b1399c534fa54c7b098c1dbc045e\ktor-client-java-jvm-2.3.7.jar;C:\Users\user\.gradle\caches\modules-2\files-2.1\io.ktor\ktor-client-core-jvm\2.3.7\4f6ad3be8d4c35d3075f4a6f28fa80b9e20674d5\ktor-client-core-jvm-2.3.7.jar;C:\Users\user\.gradle\caches\modules-2\files-2.1\org.jetbrains.kotlinx\kotlinx-coroutines-slf4j\1.7.1\19000bdfff969d1c7019d3a4ef66fb27b687e7e9\kotlinx-coroutines-slf4j-1.7.1.jar;C:\Users\user\.gradle\caches\modules-2\files-2.1\io.ktor\ktor-events-jvm\2.3.7\a0d00d60f13b5dd647954a7858c486eff75a2898\ktor-events-jvm-2.3.7.jar;C:\Users\user\.gradle\caches\modules-2\files-2.1\io.ktor\ktor-websocket-serialization-jvm\2.3.7\65944d3e9b84b9d8fe195183e43cd1d0ccb863cd\ktor-websocket-serialization-jvm-2.3.7.jar;C:\Users\user\.gradle\caches\modules-2\files-2.1\io.ktor\ktor-serialization-jvm\2.3.7\821a9ccf848665dca11337f2c0f7c2b05d1ac046\ktor-serialization-jvm-2.3.7.jar;C:\Users\user\.gradle\caches\modules-2\files-2.1\io.ktor\ktor-websockets-jvm\2.3.7\97b1335582ae9bbde88c077ff0fe5b05a3663fdf\ktor-websockets-jvm-2.3.7.jar;C:\Users\user\.gradle\caches\modules-2\files-2.1\io.ktor\ktor-http-jvm\2.3.7\6a1915fc373718c058d247da28f27b2e008b84ef\ktor-http-jvm-2.3.7.jar;C:\Users\user\.gradle\caches\modules-2\files-2.1\io.ktor\ktor-utils-jvm\2.3.7\23be7e37eee5c81925a5bde2ad67fb483e320967\ktor-utils-jvm-2.3.7.jar;C:\Users\user\.g
Launcher Type: SUN_STANDARD

[Global flags]
     intx CICompilerCount                          = 4                                         {product} {ergonomic}
     uint ConcGCThreads                            = 2                                         {product} {ergonomic}
     uint G1ConcRefinementThreads                  = 8                                         {product} {ergonomic}
   size_t G1HeapRegionSize                         = 2097152                                   {product} {ergonomic}
    uintx GCDrainStackTargetSize                   = 64                                        {product} {ergonomic}
   size_t InitialHeapSize                          = 266338304                                 {product} {ergonomic}
   size_t MarkStackSize                            = 4194304                                   {product} {ergonomic}
   size_t MaxHeapSize                              = 4240441344                                {product} {ergonomic}
   size_t MinHeapDeltaBytes                        = 2097152                                   {product} {ergonomic}
   size_t MinHeapSize                              = 8388608                                   {product} {ergonomic}
    uintx NonNMethodCodeHeapSize                   = 5839372                                {pd product} {ergonomic}
    uintx NonProfiledCodeHeapSize                  = 122909434                              {pd product} {ergonomic}
    uintx ProfiledCodeHeapSize                     = 122909434                              {pd product} {ergonomic}
    uintx ReservedCodeCacheSize                    = 251658240                              {pd product} {ergonomic}
     bool SegmentedCodeCache                       = true                                      {product} {ergonomic}
   size_t SoftMaxHeapSize                          = 4240441344                             {manageable} {ergonomic}
     bool UseCompressedClassPointers               = true                           {product lp64_product} {ergonomic}
     bool UseCompressedOops                        = true                           {product lp64_product} {ergonomic}
     bool UseG1GC                                  = true                                      {product} {ergonomic}
     bool UseLargePagesIndividualAllocation        = false                                  {pd product} {ergonomic}

Logging:
Log output configuration:
 #0: stdout all=warning uptime,level,tags
 #1: stderr all=off uptime,level,tags

Environment Variables:
JAVA_HOME=C:\Program Files\Java\jdk-17.0.1
PATH=C:\Program Files\Eclipse Adoptium\jdk-21.0.11.10-hotspot\bin;C:\Program Files (x86)\Common Files\Oracle\Java\java8path;C:\Program Files (x86)\Common Files\Oracle\Java\javapath;C:\Program Files\Java\jdk-17.0.1\bin;C:\WINDOWS\system32;C:\WINDOWS;C:\WINDOWS\System32\Wbem;C:\WINDOWS\System32\WindowsPowerShell\v1.0\;C:\WINDOWS\System32\OpenSSH\;C:\Program Files\Git\cmd;C:\Program Files\PuTTY\;C:\fl-studio\ffmpeg\bin;C:\Program Files\Java\apache-maven-3.8.2\bin;C:\Program Files\gettext-iconv\bin;C:\Users\user\AppData\Roaming\npm\node_modules;C:\Users\user\AppData\Local\Programs\Python\Python39;C:\sergeev-i-leo\flutter_windows_3.13.9-stable\bin;C:\Work\emsdk;C:\Work\emsdk\upstream\bin;C:\Work\emsdk\upstream\emscripten;C:\Work\emsdk\upstream\lib;C:\Program Files\nodejs\;C:\sergeev-i-leo\2099\ffmpeg\bin;C:\Users\user\.cargo\bin;C:\Users\user\AppData\Local\Microsoft\WindowsApps;C:\Users\user\AppData\Local\Programs\Microsoft VS Code\bin;C:\Users\user\AppData\Local\Android\Sdk\platform-tools;C:\fl-studio\ffmpeg\bin;C:\Program Files\Java\apache-maven-3.8.2\bin;C:\Program Files\Java\jdk1.8.0_201\bin;%USERPROFILE%\AppData\Local\Microsoft\WindowsApps;C:\2024\flutter-sdk\bin;C:\Users\user\AppData\Local\GitHubDesktop\bin;C:\Users\user\AppData\Roaming\npm;C:\Users\user\yandex-cloud\bin
USERNAME=user
OS=Windows_NT
PROCESSOR_IDENTIFIER=Intel64 Family 6 Model 142 Stepping 11, GenuineIntel



---------------  S Y S T E M  ---------------

OS:
 Windows 10 , 64 bit Build 19041 (10.0.19041.1503)
OS uptime: 0 days 1:59 hours
Hyper-V role detected

CPU: total 8 (initial active 8) (4 cores per cpu, 2 threads per core) family 6 model 142 stepping 11 microcode 0xae, cx8, cmov, fxsr, ht, mmx, 3dnowpref, sse, sse2, sse3, ssse3, sse4.1, sse4.2, popcnt, lzcnt, tsc, tscinvbit, avx, avx2, aes, erms, clmul, bmi1, bmi2, adx, fma, vzeroupper, clflush, clflushopt, hv

Memory: 4k page, system-wide physical 16173M (3374M free)
TotalPageFile size 19001M (AvailPageFile size 167M)
current process WorkingSet (physical memory assigned to process): 10M, peak: 10M
current process commit charge ("private bytes"): 60M, peak: 314M

vm_info: OpenJDK 64-Bit Server VM (17.0.1+12-39) for windows-amd64 JRE (17.0.1+12-39), built on Sep 27 2021 18:39:29 by "mach5one" with MS VC++ 16.8 (VS2019)

END.
